[2024-05-09T20:59:11.778+0000] {taskinstance.py:1159} INFO - Dependencies all met for dep_context=non-requeueable deps ti=<TaskInstance: pyspark_dag.pyspark_minio manual__2024-05-09T20:56:56.117521+00:00 [queued]>
[2024-05-09T20:59:11.787+0000] {taskinstance.py:1159} INFO - Dependencies all met for dep_context=requeueable deps ti=<TaskInstance: pyspark_dag.pyspark_minio manual__2024-05-09T20:56:56.117521+00:00 [queued]>
[2024-05-09T20:59:11.787+0000] {taskinstance.py:1361} INFO - Starting attempt 2 of 2
[2024-05-09T20:59:11.802+0000] {taskinstance.py:1382} INFO - Executing <Task(DockerOperator): pyspark_minio> on 2024-05-09 20:56:56.117521+00:00
[2024-05-09T20:59:11.808+0000] {standard_task_runner.py:57} INFO - Started process 1856 to run task
[2024-05-09T20:59:11.811+0000] {standard_task_runner.py:84} INFO - Running: ['***', 'tasks', 'run', 'pyspark_dag', 'pyspark_minio', 'manual__2024-05-09T20:56:56.117521+00:00', '--job-id', '48', '--raw', '--subdir', 'DAGS_FOLDER/dag_spark.py', '--cfg-path', '/tmp/tmp3wqbb8i5']
[2024-05-09T20:59:11.813+0000] {standard_task_runner.py:85} INFO - Job 48: Subtask pyspark_minio
[2024-05-09T20:59:11.861+0000] {task_command.py:416} INFO - Running <TaskInstance: pyspark_dag.pyspark_minio manual__2024-05-09T20:56:56.117521+00:00 [running]> on host ae2eea95888a
[2024-05-09T20:59:11.948+0000] {taskinstance.py:1662} INFO - Exporting env vars: AIRFLOW_CTX_DAG_OWNER='***' AIRFLOW_CTX_DAG_ID='pyspark_dag' AIRFLOW_CTX_TASK_ID='pyspark_minio' AIRFLOW_CTX_EXECUTION_DATE='2024-05-09T20:56:56.117521+00:00' AIRFLOW_CTX_TRY_NUMBER='2' AIRFLOW_CTX_DAG_RUN_ID='manual__2024-05-09T20:56:56.117521+00:00'
[2024-05-09T20:59:11.965+0000] {docker.py:343} INFO - Starting docker container from image wba-demo/spark:latest
[2024-05-09T20:59:11.969+0000] {docker.py:351} WARNING - Using remote engine or docker-in-docker and mounting temporary volume from host is not supported. Falling back to `mount_tmp_dir=False` mode. You can set `mount_tmp_dir` parameter to False to disable mounting and remove the warning
[2024-05-09T20:59:12.376+0000] {docker.py:413} INFO - [38;5;6mspark [38;5;5m20:59:12.37 [0m[38;5;2mINFO [0m ==>
[2024-05-09T20:59:12.377+0000] {docker.py:413} INFO - [38;5;6mspark [38;5;5m20:59:12.37 [0m[38;5;2mINFO [0m ==> [1mWelcome to the Bitnami spark container[0m
[2024-05-09T20:59:12.379+0000] {docker.py:413} INFO - [38;5;6mspark [38;5;5m20:59:12.37 [0m[38;5;2mINFO [0m ==> Subscribe to project updates by watching [1mhttps://github.com/bitnami/containers[0m
[2024-05-09T20:59:12.380+0000] {docker.py:413} INFO - [38;5;6mspark [38;5;5m20:59:12.37 [0m[38;5;2mINFO [0m ==> Submit issues and feature requests at [1mhttps://github.com/bitnami/containers/issues[0m
[2024-05-09T20:59:12.381+0000] {docker.py:413} INFO - [38;5;6mspark [38;5;5m20:59:12.38 [0m[38;5;2mINFO [0m ==>
[2024-05-09T20:59:12.386+0000] {docker.py:413} INFO - 
[2024-05-09T20:59:15.214+0000] {docker.py:413} INFO - :: loading settings :: url = jar:file:/opt/bitnami/spark/jars/ivy-2.5.1.jar!/org/apache/ivy/core/settings/ivysettings.xml
[2024-05-09T20:59:15.328+0000] {docker.py:413} INFO - Ivy Default Cache set to: /opt/bitnami/spark/.ivy2/cache
[2024-05-09T20:59:15.328+0000] {docker.py:413} INFO - The jars for the packages stored in: /opt/bitnami/spark/.ivy2/jars
[2024-05-09T20:59:15.337+0000] {docker.py:413} INFO - io.delta#delta-core_2.12 added as a dependency
[2024-05-09T20:59:15.338+0000] {docker.py:413} INFO - org.apache.hadoop#hadoop-aws added as a dependency
[2024-05-09T20:59:15.339+0000] {docker.py:413} INFO - :: resolving dependencies :: org.apache.spark#spark-submit-parent-9db11ec0-dab5-4d90-8339-1eda1294e1a5;1.0
[2024-05-09T20:59:15.340+0000] {docker.py:413} INFO - confs: [default]
[2024-05-09T20:59:17.529+0000] {docker.py:413} INFO - found io.delta#delta-core_2.12;2.4.0 in central
[2024-05-09T20:59:18.003+0000] {docker.py:413} INFO - found io.delta#delta-storage;2.4.0 in central
[2024-05-09T20:59:21.736+0000] {docker.py:413} INFO - found org.antlr#antlr4-runtime;4.9.3 in central
[2024-05-09T20:59:25.689+0000] {docker.py:413} INFO - found org.apache.hadoop#hadoop-aws;3.3.6 in central
[2024-05-09T20:59:27.667+0000] {docker.py:413} INFO - found com.amazonaws#aws-java-sdk-bundle;1.12.367 in central
[2024-05-09T20:59:31.363+0000] {docker.py:413} INFO - found org.wildfly.openssl#wildfly-openssl;1.1.3.Final in central
[2024-05-09T20:59:31.565+0000] {docker.py:413} INFO - downloading https://repo1.maven.org/maven2/io/delta/delta-core_2.12/2.4.0/delta-core_2.12-2.4.0.jar ...
[2024-05-09T20:59:33.113+0000] {docker.py:413} INFO - [SUCCESSFUL ] io.delta#delta-core_2.12;2.4.0!delta-core_2.12.jar (1732ms)
[2024-05-09T20:59:33.302+0000] {docker.py:413} INFO - downloading https://repo1.maven.org/maven2/org/apache/hadoop/hadoop-aws/3.3.6/hadoop-aws-3.3.6.jar ...
[2024-05-09T20:59:33.622+0000] {docker.py:413} INFO - [SUCCESSFUL ] org.apache.hadoop#hadoop-aws;3.3.6!hadoop-aws.jar (505ms)
[2024-05-09T20:59:33.812+0000] {docker.py:413} INFO - downloading https://repo1.maven.org/maven2/io/delta/delta-storage/2.4.0/delta-storage-2.4.0.jar ...
[2024-05-09T20:59:34.003+0000] {docker.py:413} INFO - [SUCCESSFUL ] io.delta#delta-storage;2.4.0!delta-storage.jar (375ms)
[2024-05-09T20:59:34.195+0000] {docker.py:413} INFO - downloading https://repo1.maven.org/maven2/org/antlr/antlr4-runtime/4.9.3/antlr4-runtime-4.9.3.jar ...
[2024-05-09T20:59:34.434+0000] {docker.py:413} INFO - [SUCCESSFUL ] org.antlr#antlr4-runtime;4.9.3!antlr4-runtime.jar (426ms)
[2024-05-09T20:59:34.619+0000] {docker.py:413} INFO - downloading https://repo1.maven.org/maven2/com/amazonaws/aws-java-sdk-bundle/1.12.367/aws-java-sdk-bundle-1.12.367.jar ...
[2024-05-09T21:00:54.414+0000] {docker.py:413} INFO - [SUCCESSFUL ] com.amazonaws#aws-java-sdk-bundle;1.12.367!aws-java-sdk-bundle.jar (79977ms)
[2024-05-09T21:00:54.605+0000] {docker.py:413} INFO - downloading https://repo1.maven.org/maven2/org/wildfly/openssl/wildfly-openssl/1.1.3.Final/wildfly-openssl-1.1.3.Final.jar ...
[2024-05-09T21:00:54.890+0000] {docker.py:413} INFO - [SUCCESSFUL ] org.wildfly.openssl#wildfly-openssl;1.1.3.Final!wildfly-openssl.jar (472ms)
[2024-05-09T21:00:54.892+0000] {docker.py:413} INFO - :: resolution report :: resolve 16040ms :: artifacts dl 83513ms
[2024-05-09T21:00:54.893+0000] {docker.py:413} INFO - :: modules in use:
[2024-05-09T21:00:54.894+0000] {docker.py:413} INFO - com.amazonaws#aws-java-sdk-bundle;1.12.367 from central in [default]
	io.delta#delta-core_2.12;2.4.0 from central in [default]
	io.delta#delta-storage;2.4.0 from central in [default]
	org.antlr#antlr4-runtime;4.9.3 from central in [default]
[2024-05-09T21:00:54.894+0000] {docker.py:413} INFO - org.apache.hadoop#hadoop-aws;3.3.6 from central in [default]
[2024-05-09T21:00:54.895+0000] {docker.py:413} INFO - org.wildfly.openssl#wildfly-openssl;1.1.3.Final from central in [default]
[2024-05-09T21:00:54.895+0000] {docker.py:413} INFO - ---------------------------------------------------------------------
[2024-05-09T21:00:54.896+0000] {docker.py:413} INFO - |                  |            modules            ||   artifacts   |
[2024-05-09T21:00:54.896+0000] {docker.py:413} INFO - |       conf       | number| search|dwnlded|evicted|| number|dwnlded|
[2024-05-09T21:00:54.896+0000] {docker.py:413} INFO - ---------------------------------------------------------------------
[2024-05-09T21:00:54.897+0000] {docker.py:413} INFO - |      default     |   6   |   6   |   6   |   0   ||   6   |   6   |
[2024-05-09T21:00:54.897+0000] {docker.py:413} INFO - ---------------------------------------------------------------------
[2024-05-09T21:00:54.901+0000] {docker.py:413} INFO - :: retrieving :: org.apache.spark#spark-submit-parent-9db11ec0-dab5-4d90-8339-1eda1294e1a5
[2024-05-09T21:00:54.901+0000] {docker.py:413} INFO - confs: [default]
[2024-05-09T21:00:55.263+0000] {docker.py:413} INFO - 6 artifacts copied, 0 already retrieved (309034kB/362ms)
[2024-05-09T21:00:55.612+0000] {docker.py:413} INFO - 24/05/09 21:00:55 WARN NativeCodeLoader: Unable to load native-hadoop library for your platform... using builtin-java classes where applicable
[2024-05-09T21:00:56.983+0000] {docker.py:413} INFO - 24/05/09 21:00:56 INFO SparkContext: Running Spark version 3.4.1
[2024-05-09T21:00:57.022+0000] {docker.py:413} INFO - 24/05/09 21:00:57 INFO ResourceUtils: ==============================================================
[2024-05-09T21:00:57.023+0000] {docker.py:413} INFO - 24/05/09 21:00:57 INFO ResourceUtils: No custom resources configured for spark.driver.
[2024-05-09T21:00:57.023+0000] {docker.py:413} INFO - 24/05/09 21:00:57 INFO ResourceUtils: ==============================================================
[2024-05-09T21:00:57.024+0000] {docker.py:413} INFO - 24/05/09 21:00:57 INFO SparkContext: Submitted application: CSV File to Delta Lake Table
[2024-05-09T21:00:57.057+0000] {docker.py:413} INFO - 24/05/09 21:00:57 INFO ResourceProfile: Default ResourceProfile created, executor resources: Map(cores -> name: cores, amount: 1, script: , vendor: , memory -> name: memory, amount: 1024, script: , vendor: , offHeap -> name: offHeap, amount: 0, script: , vendor: ), task resources: Map(cpus -> name: cpus, amount: 1.0)
[2024-05-09T21:00:57.072+0000] {docker.py:413} INFO - 24/05/09 21:00:57 INFO ResourceProfile: Limiting resource is cpu
[2024-05-09T21:00:57.074+0000] {docker.py:413} INFO - 24/05/09 21:00:57 INFO ResourceProfileManager: Added ResourceProfile id: 0
[2024-05-09T21:00:57.190+0000] {docker.py:413} INFO - 24/05/09 21:00:57 INFO SecurityManager: Changing view acls to: spark
[2024-05-09T21:00:57.190+0000] {docker.py:413} INFO - 24/05/09 21:00:57 INFO SecurityManager: Changing modify acls to: spark
[2024-05-09T21:00:57.191+0000] {docker.py:413} INFO - 24/05/09 21:00:57 INFO SecurityManager: Changing view acls groups to:
[2024-05-09T21:00:57.192+0000] {docker.py:413} INFO - 24/05/09 21:00:57 INFO SecurityManager: Changing modify acls groups to:
[2024-05-09T21:00:57.193+0000] {docker.py:413} INFO - 24/05/09 21:00:57 INFO SecurityManager: SecurityManager: authentication disabled; ui acls disabled; users with view permissions: spark; groups with view permissions: EMPTY; users with modify permissions: spark; groups with modify permissions: EMPTY
[2024-05-09T21:00:57.494+0000] {docker.py:413} INFO - 24/05/09 21:00:57 INFO Utils: Successfully started service 'sparkDriver' on port 42835.
[2024-05-09T21:00:57.541+0000] {docker.py:413} INFO - 24/05/09 21:00:57 INFO SparkEnv: Registering MapOutputTracker
[2024-05-09T21:00:57.585+0000] {docker.py:413} INFO - 24/05/09 21:00:57 INFO SparkEnv: Registering BlockManagerMaster
[2024-05-09T21:00:57.609+0000] {docker.py:413} INFO - 24/05/09 21:00:57 INFO BlockManagerMasterEndpoint: Using org.apache.spark.storage.DefaultTopologyMapper for getting topology information
[2024-05-09T21:00:57.610+0000] {docker.py:413} INFO - 24/05/09 21:00:57 INFO BlockManagerMasterEndpoint: BlockManagerMasterEndpoint up
[2024-05-09T21:00:57.616+0000] {docker.py:413} INFO - 24/05/09 21:00:57 INFO SparkEnv: Registering BlockManagerMasterHeartbeat
[2024-05-09T21:00:57.650+0000] {docker.py:413} INFO - 24/05/09 21:00:57 INFO DiskBlockManager: Created local directory at /tmp/blockmgr-019e5e69-69f5-4db6-b1dc-3e9a52d232d5
[2024-05-09T21:00:57.677+0000] {docker.py:413} INFO - 24/05/09 21:00:57 INFO MemoryStore: MemoryStore started with capacity 434.4 MiB
[2024-05-09T21:00:57.696+0000] {docker.py:413} INFO - 24/05/09 21:00:57 INFO SparkEnv: Registering OutputCommitCoordinator
[2024-05-09T21:00:57.878+0000] {docker.py:413} INFO - 24/05/09 21:00:57 INFO JettyUtils: Start Jetty 0.0.0.0:4040 for SparkUI
[2024-05-09T21:00:57.954+0000] {docker.py:413} INFO - 24/05/09 21:00:57 INFO Utils: Successfully started service 'SparkUI' on port 4040.
[2024-05-09T21:00:58.047+0000] {docker.py:413} INFO - 24/05/09 21:00:58 INFO SparkContext: Added JAR file:///opt/bitnami/spark/.ivy2/jars/io.delta_delta-core_2.12-2.4.0.jar at spark://localhost:42835/jars/io.delta_delta-core_2.12-2.4.0.jar with timestamp 1715288456973
[2024-05-09T21:00:58.048+0000] {docker.py:413} INFO - 24/05/09 21:00:58 INFO SparkContext: Added JAR file:///opt/bitnami/spark/.ivy2/jars/org.apache.hadoop_hadoop-aws-3.3.6.jar at spark://localhost:42835/jars/org.apache.hadoop_hadoop-aws-3.3.6.jar with timestamp 1715288456973
[2024-05-09T21:00:58.049+0000] {docker.py:413} INFO - 24/05/09 21:00:58 INFO SparkContext: Added JAR file:///opt/bitnami/spark/.ivy2/jars/io.delta_delta-storage-2.4.0.jar at spark://localhost:42835/jars/io.delta_delta-storage-2.4.0.jar with timestamp 1715288456973
[2024-05-09T21:00:58.050+0000] {docker.py:413} INFO - 24/05/09 21:00:58 INFO SparkContext: Added JAR file:///opt/bitnami/spark/.ivy2/jars/org.antlr_antlr4-runtime-4.9.3.jar at spark://localhost:42835/jars/org.antlr_antlr4-runtime-4.9.3.jar with timestamp 1715288456973
[2024-05-09T21:00:58.053+0000] {docker.py:413} INFO - 24/05/09 21:00:58 INFO SparkContext: Added JAR file:///opt/bitnami/spark/.ivy2/jars/com.amazonaws_aws-java-sdk-bundle-1.12.367.jar at spark://localhost:42835/jars/com.amazonaws_aws-java-sdk-bundle-1.12.367.jar with timestamp 1715288456973
[2024-05-09T21:00:58.055+0000] {docker.py:413} INFO - 24/05/09 21:00:58 INFO SparkContext: Added JAR file:///opt/bitnami/spark/.ivy2/jars/org.wildfly.openssl_wildfly-openssl-1.1.3.Final.jar at spark://localhost:42835/jars/org.wildfly.openssl_wildfly-openssl-1.1.3.Final.jar with timestamp 1715288456973
[2024-05-09T21:00:58.072+0000] {docker.py:413} INFO - 24/05/09 21:00:58 INFO SparkContext: Added file file:///opt/bitnami/spark/.ivy2/jars/io.delta_delta-core_2.12-2.4.0.jar at file:///opt/bitnami/spark/.ivy2/jars/io.delta_delta-core_2.12-2.4.0.jar with timestamp 1715288456973
[2024-05-09T21:00:58.077+0000] {docker.py:413} INFO - 24/05/09 21:00:58 INFO Utils: Copying /opt/bitnami/spark/.ivy2/jars/io.delta_delta-core_2.12-2.4.0.jar to /tmp/spark-2c7c7564-c675-4007-93df-1b17c7e004d8/userFiles-30280aaa-6891-41bc-a63e-c5e05bd867a6/io.delta_delta-core_2.12-2.4.0.jar
[2024-05-09T21:00:58.103+0000] {docker.py:413} INFO - 24/05/09 21:00:58 INFO SparkContext: Added file file:///opt/bitnami/spark/.ivy2/jars/org.apache.hadoop_hadoop-aws-3.3.6.jar at file:///opt/bitnami/spark/.ivy2/jars/org.apache.hadoop_hadoop-aws-3.3.6.jar with timestamp 1715288456973
[2024-05-09T21:00:58.105+0000] {docker.py:413} INFO - 24/05/09 21:00:58 INFO Utils: Copying /opt/bitnami/spark/.ivy2/jars/org.apache.hadoop_hadoop-aws-3.3.6.jar to /tmp/spark-2c7c7564-c675-4007-93df-1b17c7e004d8/userFiles-30280aaa-6891-41bc-a63e-c5e05bd867a6/org.apache.hadoop_hadoop-aws-3.3.6.jar
[2024-05-09T21:00:58.121+0000] {docker.py:413} INFO - 24/05/09 21:00:58 INFO SparkContext: Added file file:///opt/bitnami/spark/.ivy2/jars/io.delta_delta-storage-2.4.0.jar at file:///opt/bitnami/spark/.ivy2/jars/io.delta_delta-storage-2.4.0.jar with timestamp 1715288456973
[2024-05-09T21:00:58.121+0000] {docker.py:413} INFO - 24/05/09 21:00:58 INFO Utils: Copying /opt/bitnami/spark/.ivy2/jars/io.delta_delta-storage-2.4.0.jar to /tmp/spark-2c7c7564-c675-4007-93df-1b17c7e004d8/userFiles-30280aaa-6891-41bc-a63e-c5e05bd867a6/io.delta_delta-storage-2.4.0.jar
[2024-05-09T21:00:58.129+0000] {docker.py:413} INFO - 24/05/09 21:00:58 INFO SparkContext: Added file file:///opt/bitnami/spark/.ivy2/jars/org.antlr_antlr4-runtime-4.9.3.jar at file:///opt/bitnami/spark/.ivy2/jars/org.antlr_antlr4-runtime-4.9.3.jar with timestamp 1715288456973
[2024-05-09T21:00:58.130+0000] {docker.py:413} INFO - 24/05/09 21:00:58 INFO Utils: Copying /opt/bitnami/spark/.ivy2/jars/org.antlr_antlr4-runtime-4.9.3.jar to /tmp/spark-2c7c7564-c675-4007-93df-1b17c7e004d8/userFiles-30280aaa-6891-41bc-a63e-c5e05bd867a6/org.antlr_antlr4-runtime-4.9.3.jar
[2024-05-09T21:00:58.138+0000] {docker.py:413} INFO - 24/05/09 21:00:58 INFO SparkContext: Added file file:///opt/bitnami/spark/.ivy2/jars/com.amazonaws_aws-java-sdk-bundle-1.12.367.jar at file:///opt/bitnami/spark/.ivy2/jars/com.amazonaws_aws-java-sdk-bundle-1.12.367.jar with timestamp 1715288456973
[2024-05-09T21:00:58.138+0000] {docker.py:413} INFO - 24/05/09 21:00:58 INFO Utils: Copying /opt/bitnami/spark/.ivy2/jars/com.amazonaws_aws-java-sdk-bundle-1.12.367.jar to /tmp/spark-2c7c7564-c675-4007-93df-1b17c7e004d8/userFiles-30280aaa-6891-41bc-a63e-c5e05bd867a6/com.amazonaws_aws-java-sdk-bundle-1.12.367.jar
[2024-05-09T21:00:58.342+0000] {docker.py:413} INFO - 24/05/09 21:00:58 INFO SparkContext: Added file file:///opt/bitnami/spark/.ivy2/jars/org.wildfly.openssl_wildfly-openssl-1.1.3.Final.jar at file:///opt/bitnami/spark/.ivy2/jars/org.wildfly.openssl_wildfly-openssl-1.1.3.Final.jar with timestamp 1715288456973
[2024-05-09T21:00:58.342+0000] {docker.py:413} INFO - 24/05/09 21:00:58 INFO Utils: Copying /opt/bitnami/spark/.ivy2/jars/org.wildfly.openssl_wildfly-openssl-1.1.3.Final.jar to /tmp/spark-2c7c7564-c675-4007-93df-1b17c7e004d8/userFiles-30280aaa-6891-41bc-a63e-c5e05bd867a6/org.wildfly.openssl_wildfly-openssl-1.1.3.Final.jar
[2024-05-09T21:00:58.426+0000] {docker.py:413} INFO - 24/05/09 21:00:58 INFO Executor: Starting executor ID driver on host localhost
[2024-05-09T21:00:58.439+0000] {docker.py:413} INFO - 24/05/09 21:00:58 INFO Executor: Starting executor with user classpath (userClassPathFirst = false): ''
[2024-05-09T21:00:58.458+0000] {docker.py:413} INFO - 24/05/09 21:00:58 INFO Executor: Fetching file:///opt/bitnami/spark/.ivy2/jars/org.apache.hadoop_hadoop-aws-3.3.6.jar with timestamp 1715288456973
[2024-05-09T21:00:58.491+0000] {docker.py:413} INFO - 24/05/09 21:00:58 INFO Utils: /opt/bitnami/spark/.ivy2/jars/org.apache.hadoop_hadoop-aws-3.3.6.jar has been previously copied to /tmp/spark-2c7c7564-c675-4007-93df-1b17c7e004d8/userFiles-30280aaa-6891-41bc-a63e-c5e05bd867a6/org.apache.hadoop_hadoop-aws-3.3.6.jar
[2024-05-09T21:00:58.495+0000] {docker.py:413} INFO - 24/05/09 21:00:58 INFO Executor: Fetching file:///opt/bitnami/spark/.ivy2/jars/io.delta_delta-core_2.12-2.4.0.jar with timestamp 1715288456973
[2024-05-09T21:00:58.498+0000] {docker.py:413} INFO - 24/05/09 21:00:58 INFO Utils: /opt/bitnami/spark/.ivy2/jars/io.delta_delta-core_2.12-2.4.0.jar has been previously copied to /tmp/spark-2c7c7564-c675-4007-93df-1b17c7e004d8/userFiles-30280aaa-6891-41bc-a63e-c5e05bd867a6/io.delta_delta-core_2.12-2.4.0.jar
[2024-05-09T21:00:58.501+0000] {docker.py:413} INFO - 24/05/09 21:00:58 INFO Executor: Fetching file:///opt/bitnami/spark/.ivy2/jars/io.delta_delta-storage-2.4.0.jar with timestamp 1715288456973
[2024-05-09T21:00:58.501+0000] {docker.py:413} INFO - 24/05/09 21:00:58 INFO Utils: /opt/bitnami/spark/.ivy2/jars/io.delta_delta-storage-2.4.0.jar has been previously copied to /tmp/spark-2c7c7564-c675-4007-93df-1b17c7e004d8/userFiles-30280aaa-6891-41bc-a63e-c5e05bd867a6/io.delta_delta-storage-2.4.0.jar
[2024-05-09T21:00:58.504+0000] {docker.py:413} INFO - 24/05/09 21:00:58 INFO Executor: Fetching file:///opt/bitnami/spark/.ivy2/jars/org.antlr_antlr4-runtime-4.9.3.jar with timestamp 1715288456973
[2024-05-09T21:00:58.505+0000] {docker.py:413} INFO - 24/05/09 21:00:58 INFO Utils: /opt/bitnami/spark/.ivy2/jars/org.antlr_antlr4-runtime-4.9.3.jar has been previously copied to /tmp/spark-2c7c7564-c675-4007-93df-1b17c7e004d8/userFiles-30280aaa-6891-41bc-a63e-c5e05bd867a6/org.antlr_antlr4-runtime-4.9.3.jar
[2024-05-09T21:00:58.508+0000] {docker.py:413} INFO - 24/05/09 21:00:58 INFO Executor: Fetching file:///opt/bitnami/spark/.ivy2/jars/org.wildfly.openssl_wildfly-openssl-1.1.3.Final.jar with timestamp 1715288456973
[2024-05-09T21:00:58.509+0000] {docker.py:413} INFO - 24/05/09 21:00:58 INFO Utils: /opt/bitnami/spark/.ivy2/jars/org.wildfly.openssl_wildfly-openssl-1.1.3.Final.jar has been previously copied to /tmp/spark-2c7c7564-c675-4007-93df-1b17c7e004d8/userFiles-30280aaa-6891-41bc-a63e-c5e05bd867a6/org.wildfly.openssl_wildfly-openssl-1.1.3.Final.jar
[2024-05-09T21:00:58.512+0000] {docker.py:413} INFO - 24/05/09 21:00:58 INFO Executor: Fetching file:///opt/bitnami/spark/.ivy2/jars/com.amazonaws_aws-java-sdk-bundle-1.12.367.jar with timestamp 1715288456973
[2024-05-09T21:00:58.748+0000] {docker.py:413} INFO - 24/05/09 21:00:58 INFO Utils: /opt/bitnami/spark/.ivy2/jars/com.amazonaws_aws-java-sdk-bundle-1.12.367.jar has been previously copied to /tmp/spark-2c7c7564-c675-4007-93df-1b17c7e004d8/userFiles-30280aaa-6891-41bc-a63e-c5e05bd867a6/com.amazonaws_aws-java-sdk-bundle-1.12.367.jar
[2024-05-09T21:00:58.755+0000] {docker.py:413} INFO - 24/05/09 21:00:58 INFO Executor: Fetching spark://localhost:42835/jars/com.amazonaws_aws-java-sdk-bundle-1.12.367.jar with timestamp 1715288456973
[2024-05-09T21:00:58.801+0000] {docker.py:413} INFO - 24/05/09 21:00:58 INFO TransportClientFactory: Successfully created connection to localhost/127.0.0.1:42835 after 32 ms (0 ms spent in bootstraps)
[2024-05-09T21:00:58.810+0000] {docker.py:413} INFO - 24/05/09 21:00:58 INFO Utils: Fetching spark://localhost:42835/jars/com.amazonaws_aws-java-sdk-bundle-1.12.367.jar to /tmp/spark-2c7c7564-c675-4007-93df-1b17c7e004d8/userFiles-30280aaa-6891-41bc-a63e-c5e05bd867a6/fetchFileTemp16208096491575280679.tmp
[2024-05-09T21:01:00.137+0000] {docker.py:413} INFO - 24/05/09 21:01:00 INFO Utils: /tmp/spark-2c7c7564-c675-4007-93df-1b17c7e004d8/userFiles-30280aaa-6891-41bc-a63e-c5e05bd867a6/fetchFileTemp16208096491575280679.tmp has been previously copied to /tmp/spark-2c7c7564-c675-4007-93df-1b17c7e004d8/userFiles-30280aaa-6891-41bc-a63e-c5e05bd867a6/com.amazonaws_aws-java-sdk-bundle-1.12.367.jar
[2024-05-09T21:01:00.213+0000] {docker.py:413} INFO - 24/05/09 21:01:00 INFO Executor: Adding file:/tmp/spark-2c7c7564-c675-4007-93df-1b17c7e004d8/userFiles-30280aaa-6891-41bc-a63e-c5e05bd867a6/com.amazonaws_aws-java-sdk-bundle-1.12.367.jar to class loader
[2024-05-09T21:01:00.214+0000] {docker.py:413} INFO - 24/05/09 21:01:00 INFO Executor: Fetching spark://localhost:42835/jars/io.delta_delta-storage-2.4.0.jar with timestamp 1715288456973
[2024-05-09T21:01:00.215+0000] {docker.py:413} INFO - 24/05/09 21:01:00 INFO Utils: Fetching spark://localhost:42835/jars/io.delta_delta-storage-2.4.0.jar to /tmp/spark-2c7c7564-c675-4007-93df-1b17c7e004d8/userFiles-30280aaa-6891-41bc-a63e-c5e05bd867a6/fetchFileTemp6749035185760839721.tmp
[2024-05-09T21:01:00.217+0000] {docker.py:413} INFO - 24/05/09 21:01:00 INFO Utils: /tmp/spark-2c7c7564-c675-4007-93df-1b17c7e004d8/userFiles-30280aaa-6891-41bc-a63e-c5e05bd867a6/fetchFileTemp6749035185760839721.tmp has been previously copied to /tmp/spark-2c7c7564-c675-4007-93df-1b17c7e004d8/userFiles-30280aaa-6891-41bc-a63e-c5e05bd867a6/io.delta_delta-storage-2.4.0.jar
[2024-05-09T21:01:00.220+0000] {docker.py:413} INFO - 24/05/09 21:01:00 INFO Executor: Adding file:/tmp/spark-2c7c7564-c675-4007-93df-1b17c7e004d8/userFiles-30280aaa-6891-41bc-a63e-c5e05bd867a6/io.delta_delta-storage-2.4.0.jar to class loader
[2024-05-09T21:01:00.221+0000] {docker.py:413} INFO - 24/05/09 21:01:00 INFO Executor: Fetching spark://localhost:42835/jars/org.wildfly.openssl_wildfly-openssl-1.1.3.Final.jar with timestamp 1715288456973
[2024-05-09T21:01:00.221+0000] {docker.py:413} INFO - 24/05/09 21:01:00 INFO Utils: Fetching spark://localhost:42835/jars/org.wildfly.openssl_wildfly-openssl-1.1.3.Final.jar to /tmp/spark-2c7c7564-c675-4007-93df-1b17c7e004d8/userFiles-30280aaa-6891-41bc-a63e-c5e05bd867a6/fetchFileTemp13241657701507913040.tmp
[2024-05-09T21:01:00.226+0000] {docker.py:413} INFO - 24/05/09 21:01:00 INFO Utils: /tmp/spark-2c7c7564-c675-4007-93df-1b17c7e004d8/userFiles-30280aaa-6891-41bc-a63e-c5e05bd867a6/fetchFileTemp13241657701507913040.tmp has been previously copied to /tmp/spark-2c7c7564-c675-4007-93df-1b17c7e004d8/userFiles-30280aaa-6891-41bc-a63e-c5e05bd867a6/org.wildfly.openssl_wildfly-openssl-1.1.3.Final.jar
[2024-05-09T21:01:00.229+0000] {docker.py:413} INFO - 24/05/09 21:01:00 INFO Executor: Adding file:/tmp/spark-2c7c7564-c675-4007-93df-1b17c7e004d8/userFiles-30280aaa-6891-41bc-a63e-c5e05bd867a6/org.wildfly.openssl_wildfly-openssl-1.1.3.Final.jar to class loader
[2024-05-09T21:01:00.230+0000] {docker.py:413} INFO - 24/05/09 21:01:00 INFO Executor: Fetching spark://localhost:42835/jars/io.delta_delta-core_2.12-2.4.0.jar with timestamp 1715288456973
[2024-05-09T21:01:00.230+0000] {docker.py:413} INFO - 24/05/09 21:01:00 INFO Utils: Fetching spark://localhost:42835/jars/io.delta_delta-core_2.12-2.4.0.jar to /tmp/spark-2c7c7564-c675-4007-93df-1b17c7e004d8/userFiles-30280aaa-6891-41bc-a63e-c5e05bd867a6/fetchFileTemp11425264455630180653.tmp
[2024-05-09T21:01:00.248+0000] {docker.py:413} INFO - 24/05/09 21:01:00 INFO Utils: /tmp/spark-2c7c7564-c675-4007-93df-1b17c7e004d8/userFiles-30280aaa-6891-41bc-a63e-c5e05bd867a6/fetchFileTemp11425264455630180653.tmp has been previously copied to /tmp/spark-2c7c7564-c675-4007-93df-1b17c7e004d8/userFiles-30280aaa-6891-41bc-a63e-c5e05bd867a6/io.delta_delta-core_2.12-2.4.0.jar
[2024-05-09T21:01:00.253+0000] {docker.py:413} INFO - 24/05/09 21:01:00 INFO Executor: Adding file:/tmp/spark-2c7c7564-c675-4007-93df-1b17c7e004d8/userFiles-30280aaa-6891-41bc-a63e-c5e05bd867a6/io.delta_delta-core_2.12-2.4.0.jar to class loader
[2024-05-09T21:01:00.254+0000] {docker.py:413} INFO - 24/05/09 21:01:00 INFO Executor: Fetching spark://localhost:42835/jars/org.antlr_antlr4-runtime-4.9.3.jar with timestamp 1715288456973
[2024-05-09T21:01:00.254+0000] {docker.py:413} INFO - 24/05/09 21:01:00 INFO Utils: Fetching spark://localhost:42835/jars/org.antlr_antlr4-runtime-4.9.3.jar to /tmp/spark-2c7c7564-c675-4007-93df-1b17c7e004d8/userFiles-30280aaa-6891-41bc-a63e-c5e05bd867a6/fetchFileTemp15663751802377325931.tmp
[2024-05-09T21:01:00.257+0000] {docker.py:413} INFO - 24/05/09 21:01:00 INFO Utils: /tmp/spark-2c7c7564-c675-4007-93df-1b17c7e004d8/userFiles-30280aaa-6891-41bc-a63e-c5e05bd867a6/fetchFileTemp15663751802377325931.tmp has been previously copied to /tmp/spark-2c7c7564-c675-4007-93df-1b17c7e004d8/userFiles-30280aaa-6891-41bc-a63e-c5e05bd867a6/org.antlr_antlr4-runtime-4.9.3.jar
[2024-05-09T21:01:00.260+0000] {docker.py:413} INFO - 24/05/09 21:01:00 INFO Executor: Adding file:/tmp/spark-2c7c7564-c675-4007-93df-1b17c7e004d8/userFiles-30280aaa-6891-41bc-a63e-c5e05bd867a6/org.antlr_antlr4-runtime-4.9.3.jar to class loader
[2024-05-09T21:01:00.261+0000] {docker.py:413} INFO - 24/05/09 21:01:00 INFO Executor: Fetching spark://localhost:42835/jars/org.apache.hadoop_hadoop-aws-3.3.6.jar with timestamp 1715288456973
[2024-05-09T21:01:00.262+0000] {docker.py:413} INFO - 24/05/09 21:01:00 INFO Utils: Fetching spark://localhost:42835/jars/org.apache.hadoop_hadoop-aws-3.3.6.jar to /tmp/spark-2c7c7564-c675-4007-93df-1b17c7e004d8/userFiles-30280aaa-6891-41bc-a63e-c5e05bd867a6/fetchFileTemp6968760862682850178.tmp
[2024-05-09T21:01:00.265+0000] {docker.py:413} INFO - 24/05/09 21:01:00 INFO Utils: /tmp/spark-2c7c7564-c675-4007-93df-1b17c7e004d8/userFiles-30280aaa-6891-41bc-a63e-c5e05bd867a6/fetchFileTemp6968760862682850178.tmp has been previously copied to /tmp/spark-2c7c7564-c675-4007-93df-1b17c7e004d8/userFiles-30280aaa-6891-41bc-a63e-c5e05bd867a6/org.apache.hadoop_hadoop-aws-3.3.6.jar
[2024-05-09T21:01:00.268+0000] {docker.py:413} INFO - 24/05/09 21:01:00 INFO Executor: Adding file:/tmp/spark-2c7c7564-c675-4007-93df-1b17c7e004d8/userFiles-30280aaa-6891-41bc-a63e-c5e05bd867a6/org.apache.hadoop_hadoop-aws-3.3.6.jar to class loader
[2024-05-09T21:01:00.276+0000] {docker.py:413} INFO - 24/05/09 21:01:00 INFO Utils: Successfully started service 'org.apache.spark.network.netty.NettyBlockTransferService' on port 39899.
[2024-05-09T21:01:00.276+0000] {docker.py:413} INFO - 24/05/09 21:01:00 INFO NettyBlockTransferService: Server created on localhost:39899
[2024-05-09T21:01:00.278+0000] {docker.py:413} INFO - 24/05/09 21:01:00 INFO BlockManager: Using org.apache.spark.storage.RandomBlockReplicationPolicy for block replication policy
[2024-05-09T21:01:00.285+0000] {docker.py:413} INFO - 24/05/09 21:01:00 INFO BlockManagerMaster: Registering BlockManager BlockManagerId(driver, localhost, 39899, None)
[2024-05-09T21:01:00.289+0000] {docker.py:413} INFO - 24/05/09 21:01:00 INFO BlockManagerMasterEndpoint: Registering block manager localhost:39899 with 434.4 MiB RAM, BlockManagerId(driver, localhost, 39899, None)
[2024-05-09T21:01:00.292+0000] {docker.py:413} INFO - 24/05/09 21:01:00 INFO BlockManagerMaster: Registered BlockManager BlockManagerId(driver, localhost, 39899, None)
[2024-05-09T21:01:00.294+0000] {docker.py:413} INFO - 24/05/09 21:01:00 INFO BlockManager: Initialized BlockManager: BlockManagerId(driver, localhost, 39899, None)
[2024-05-09T21:01:11.720+0000] {docker.py:413} INFO - Traceback (most recent call last):
  File "/opt/spark-apps/csv_to_delta.py", line 36, in <module>
[2024-05-09T21:01:11.721+0000] {docker.py:413} INFO - 
[2024-05-09T21:01:11.721+0000] {docker.py:413} INFO - main()
[2024-05-09T21:01:11.722+0000] {docker.py:413} INFO - 
[2024-05-09T21:01:11.722+0000] {docker.py:413} INFO - File "/opt/spark-apps/csv_to_delta.py", line 17, in main
[2024-05-09T21:01:11.723+0000] {docker.py:413} INFO - 
[2024-05-09T21:01:11.723+0000] {docker.py:413} INFO - spark.sql("DROP SCHEMA IF EXISTS wba CASCADE")
[2024-05-09T21:01:11.723+0000] {docker.py:413} INFO - 
[2024-05-09T21:01:11.724+0000] {docker.py:413} INFO - File "/opt/bitnami/spark/python/lib/pyspark.zip/pyspark/sql/session.py", line 1440, in sql
[2024-05-09T21:01:11.730+0000] {docker.py:413} INFO - File "/opt/bitnami/spark/python/lib/py4j-0.10.9.7-src.zip/py4j/java_gateway.py", line 1322, in __call__
[2024-05-09T21:01:11.730+0000] {docker.py:413} INFO - File "/opt/bitnami/spark/python/lib/pyspark.zip/pyspark/errors/exceptions/captured.py", line 175, in deco
[2024-05-09T21:01:11.731+0000] {docker.py:413} INFO - pyspark.errors.exceptions.captured
[2024-05-09T21:01:11.731+0000] {docker.py:413} INFO - .
[2024-05-09T21:01:11.736+0000] {docker.py:413} INFO - AnalysisException
[2024-05-09T21:01:11.755+0000] {docker.py:413} INFO - : org.apache.hadoop.hive.ql.metadata.HiveException: java.lang.RuntimeException: Unable to instantiate org.apache.hadoop.hive.ql.metadata.SessionHiveMetaStoreClient
[2024-05-09T21:01:12.940+0000] {taskinstance.py:1937} ERROR - Task failed with exception
Traceback (most recent call last):
  File "/home/airflow/.local/lib/python3.8/site-packages/docker/api/client.py", line 268, in _raise_for_status
    response.raise_for_status()
  File "/home/airflow/.local/lib/python3.8/site-packages/requests/models.py", line 1021, in raise_for_status
    raise HTTPError(http_error_msg, response=self)
requests.exceptions.HTTPError: 400 Client Error: Bad Request for url: http://docker-proxy:2375/v1.43/containers/create

The above exception was the direct cause of the following exception:

Traceback (most recent call last):
  File "/home/airflow/.local/lib/python3.8/site-packages/airflow/providers/docker/operators/docker.py", line 348, in _run_image
    return self._run_image_with_mounts([*self.mounts, tmp_mount], add_tmp_variable=True)
  File "/home/airflow/.local/lib/python3.8/site-packages/airflow/providers/docker/operators/docker.py", line 375, in _run_image_with_mounts
    self.container = self.cli.create_container(
  File "/home/airflow/.local/lib/python3.8/site-packages/docker/api/container.py", line 431, in create_container
    return self.create_container_from_config(config, name, platform)
  File "/home/airflow/.local/lib/python3.8/site-packages/docker/api/container.py", line 448, in create_container_from_config
    return self._result(res, True)
  File "/home/airflow/.local/lib/python3.8/site-packages/docker/api/client.py", line 274, in _result
    self._raise_for_status(response)
  File "/home/airflow/.local/lib/python3.8/site-packages/docker/api/client.py", line 270, in _raise_for_status
    raise create_api_error_from_http_exception(e) from e
  File "/home/airflow/.local/lib/python3.8/site-packages/docker/errors.py", line 39, in create_api_error_from_http_exception
    raise cls(e, response=response, explanation=explanation) from e
docker.errors.APIError: 400 Client Error for http://docker-proxy:2375/v1.43/containers/create: Bad Request ("invalid mount config for type "bind": bind source path does not exist: /tmp/airflowtmp_y2rqpd0")

During handling of the above exception, another exception occurred:

Traceback (most recent call last):
  File "/home/airflow/.local/lib/python3.8/site-packages/airflow/providers/docker/operators/docker.py", line 486, in execute
    return self._run_image()
  File "/home/airflow/.local/lib/python3.8/site-packages/airflow/providers/docker/operators/docker.py", line 357, in _run_image
    return self._run_image_with_mounts(self.mounts, add_tmp_variable=False)
  File "/home/airflow/.local/lib/python3.8/site-packages/airflow/providers/docker/operators/docker.py", line 421, in _run_image_with_mounts
    raise DockerContainerFailedException(f"Docker container failed: {result!r}", logs=log_lines)
airflow.providers.docker.exceptions.DockerContainerFailedException: Docker container failed: {'StatusCode': 1}
[2024-05-09T21:01:12.948+0000] {taskinstance.py:1400} INFO - Marking task as FAILED. dag_id=pyspark_dag, task_id=pyspark_minio, execution_date=20240509T205656, start_date=20240509T205911, end_date=20240509T210112
[2024-05-09T21:01:12.972+0000] {standard_task_runner.py:104} ERROR - Failed to execute job 48 for task pyspark_minio (Docker container failed: {'StatusCode': 1}; 1856)
[2024-05-09T21:01:13.009+0000] {local_task_job_runner.py:228} INFO - Task exited with return code 1
[2024-05-09T21:01:13.035+0000] {taskinstance.py:2778} INFO - 0 downstream tasks scheduled from follow-on schedule check
