[2024-05-09T20:56:58.536+0000] {taskinstance.py:1159} INFO - Dependencies all met for dep_context=non-requeueable deps ti=<TaskInstance: pyspark_dag.pyspark_minio manual__2024-05-09T20:56:56.117521+00:00 [queued]>
[2024-05-09T20:56:58.546+0000] {taskinstance.py:1159} INFO - Dependencies all met for dep_context=requeueable deps ti=<TaskInstance: pyspark_dag.pyspark_minio manual__2024-05-09T20:56:56.117521+00:00 [queued]>
[2024-05-09T20:56:58.546+0000] {taskinstance.py:1361} INFO - Starting attempt 1 of 2
[2024-05-09T20:56:58.573+0000] {taskinstance.py:1382} INFO - Executing <Task(DockerOperator): pyspark_minio> on 2024-05-09 20:56:56.117521+00:00
[2024-05-09T20:56:58.585+0000] {standard_task_runner.py:57} INFO - Started process 651 to run task
[2024-05-09T20:56:58.591+0000] {standard_task_runner.py:84} INFO - Running: ['***', 'tasks', 'run', 'pyspark_dag', 'pyspark_minio', 'manual__2024-05-09T20:56:56.117521+00:00', '--job-id', '47', '--raw', '--subdir', 'DAGS_FOLDER/dag_spark.py', '--cfg-path', '/tmp/tmpk6kxkd50']
[2024-05-09T20:56:58.597+0000] {standard_task_runner.py:85} INFO - Job 47: Subtask pyspark_minio
[2024-05-09T20:56:58.720+0000] {task_command.py:416} INFO - Running <TaskInstance: pyspark_dag.pyspark_minio manual__2024-05-09T20:56:56.117521+00:00 [running]> on host ae2eea95888a
[2024-05-09T20:56:58.875+0000] {taskinstance.py:1662} INFO - Exporting env vars: AIRFLOW_CTX_DAG_OWNER='***' AIRFLOW_CTX_DAG_ID='pyspark_dag' AIRFLOW_CTX_TASK_ID='pyspark_minio' AIRFLOW_CTX_EXECUTION_DATE='2024-05-09T20:56:56.117521+00:00' AIRFLOW_CTX_TRY_NUMBER='1' AIRFLOW_CTX_DAG_RUN_ID='manual__2024-05-09T20:56:56.117521+00:00'
[2024-05-09T20:56:58.906+0000] {docker.py:343} INFO - Starting docker container from image wba-demo/spark:latest
[2024-05-09T20:56:58.912+0000] {docker.py:351} WARNING - Using remote engine or docker-in-docker and mounting temporary volume from host is not supported. Falling back to `mount_tmp_dir=False` mode. You can set `mount_tmp_dir` parameter to False to disable mounting and remove the warning
[2024-05-09T20:56:59.430+0000] {docker.py:413} INFO - [38;5;6mspark [38;5;5m20:56:59.43 [0m[38;5;2mINFO [0m ==>
[2024-05-09T20:56:59.432+0000] {docker.py:413} INFO - [38;5;6mspark [38;5;5m20:56:59.43 [0m[38;5;2mINFO [0m ==> [1mWelcome to the Bitnami spark container[0m
[2024-05-09T20:56:59.433+0000] {docker.py:413} INFO - [38;5;6mspark [38;5;5m20:56:59.43 [0m[38;5;2mINFO [0m ==> Subscribe to project updates by watching [1mhttps://github.com/bitnami/containers[0m
[2024-05-09T20:56:59.436+0000] {docker.py:413} INFO - [38;5;6mspark [38;5;5m20:56:59.43 [0m[38;5;2mINFO [0m ==> Submit issues and feature requests at [1mhttps://github.com/bitnami/containers/issues[0m
[2024-05-09T20:56:59.438+0000] {docker.py:413} INFO - [38;5;6mspark [38;5;5m20:56:59.43 [0m[38;5;2mINFO [0m ==>
[2024-05-09T20:56:59.444+0000] {docker.py:413} INFO - 
[2024-05-09T20:57:03.395+0000] {docker.py:413} INFO - :: loading settings :: url = jar:file:/opt/bitnami/spark/jars/ivy-2.5.1.jar!/org/apache/ivy/core/settings/ivysettings.xml
[2024-05-09T20:57:03.820+0000] {docker.py:413} INFO - Ivy Default Cache set to: /opt/bitnami/spark/.ivy2/cache
[2024-05-09T20:57:03.821+0000] {docker.py:413} INFO - The jars for the packages stored in: /opt/bitnami/spark/.ivy2/jars
[2024-05-09T20:57:03.838+0000] {docker.py:413} INFO - io.delta#delta-core_2.12 added as a dependency
org.apache.hadoop#hadoop-aws added as a dependency
[2024-05-09T20:57:03.839+0000] {docker.py:413} INFO - :: resolving dependencies :: org.apache.spark#spark-submit-parent-349479a9-0f32-46a5-ab79-f77729870061;1.0
[2024-05-09T20:57:03.839+0000] {docker.py:413} INFO - confs: [default]
[2024-05-09T20:57:06.466+0000] {docker.py:413} INFO - found io.delta#delta-core_2.12;2.4.0 in central
[2024-05-09T20:57:06.937+0000] {docker.py:413} INFO - found io.delta#delta-storage;2.4.0 in central
[2024-05-09T20:57:10.647+0000] {docker.py:413} INFO - found org.antlr#antlr4-runtime;4.9.3 in central
[2024-05-09T20:57:14.727+0000] {docker.py:413} INFO - found org.apache.hadoop#hadoop-aws;3.3.6 in central
[2024-05-09T20:57:16.827+0000] {docker.py:413} INFO - found com.amazonaws#aws-java-sdk-bundle;1.12.367 in central
[2024-05-09T20:57:20.530+0000] {docker.py:413} INFO - found org.wildfly.openssl#wildfly-openssl;1.1.3.Final in central
[2024-05-09T20:57:20.737+0000] {docker.py:413} INFO - downloading https://repo1.maven.org/maven2/io/delta/delta-core_2.12/2.4.0/delta-core_2.12-2.4.0.jar ...
[2024-05-09T20:57:24.253+0000] {docker.py:413} INFO - [SUCCESSFUL ] io.delta#delta-core_2.12;2.4.0!delta-core_2.12.jar (3699ms)
[2024-05-09T20:57:24.443+0000] {docker.py:413} INFO - downloading https://repo1.maven.org/maven2/org/apache/hadoop/hadoop-aws/3.3.6/hadoop-aws-3.3.6.jar ...
[2024-05-09T20:57:25.022+0000] {docker.py:413} INFO - [SUCCESSFUL ] org.apache.hadoop#hadoop-aws;3.3.6!hadoop-aws.jar (764ms)
[2024-05-09T20:57:25.219+0000] {docker.py:413} INFO - downloading https://repo1.maven.org/maven2/io/delta/delta-storage/2.4.0/delta-storage-2.4.0.jar ...
[2024-05-09T20:57:25.417+0000] {docker.py:413} INFO - [SUCCESSFUL ] io.delta#delta-storage;2.4.0!delta-storage.jar (384ms)
[2024-05-09T20:57:25.609+0000] {docker.py:413} INFO - downloading https://repo1.maven.org/maven2/org/antlr/antlr4-runtime/4.9.3/antlr4-runtime-4.9.3.jar ...
[2024-05-09T20:57:25.922+0000] {docker.py:413} INFO - [SUCCESSFUL ] org.antlr#antlr4-runtime;4.9.3!antlr4-runtime.jar (499ms)
[2024-05-09T20:57:26.105+0000] {docker.py:413} INFO - downloading https://repo1.maven.org/maven2/com/amazonaws/aws-java-sdk-bundle/1.12.367/aws-java-sdk-bundle-1.12.367.jar ...
[2024-05-09T20:58:46.878+0000] {docker.py:413} INFO - [SUCCESSFUL ] com.amazonaws#aws-java-sdk-bundle;1.12.367!aws-java-sdk-bundle.jar (80953ms)
[2024-05-09T20:58:47.066+0000] {docker.py:413} INFO - downloading https://repo1.maven.org/maven2/org/wildfly/openssl/wildfly-openssl/1.1.3.Final/wildfly-openssl-1.1.3.Final.jar ...
[2024-05-09T20:58:47.340+0000] {docker.py:413} INFO - [SUCCESSFUL ] org.wildfly.openssl#wildfly-openssl;1.1.3.Final!wildfly-openssl.jar (457ms)
[2024-05-09T20:58:47.345+0000] {docker.py:413} INFO - :: resolution report :: resolve 16716ms :: artifacts dl 86790ms
[2024-05-09T20:58:47.346+0000] {docker.py:413} INFO - :: modules in use:
[2024-05-09T20:58:47.347+0000] {docker.py:413} INFO - com.amazonaws#aws-java-sdk-bundle;1.12.367 from central in [default]
[2024-05-09T20:58:47.349+0000] {docker.py:413} INFO - io.delta#delta-core_2.12;2.4.0 from central in [default]
	io.delta#delta-storage;2.4.0 from central in [default]
[2024-05-09T20:58:47.350+0000] {docker.py:413} INFO - org.antlr#antlr4-runtime;4.9.3 from central in [default]
[2024-05-09T20:58:47.351+0000] {docker.py:413} INFO - org.apache.hadoop#hadoop-aws;3.3.6 from central in [default]
	org.wildfly.openssl#wildfly-openssl;1.1.3.Final from central in [default]
[2024-05-09T20:58:47.352+0000] {docker.py:413} INFO - ---------------------------------------------------------------------
[2024-05-09T20:58:47.353+0000] {docker.py:413} INFO - |                  |            modules            ||   artifacts   |
[2024-05-09T20:58:47.353+0000] {docker.py:413} INFO - |       conf       | number| search|dwnlded|evicted|| number|dwnlded|
	---------------------------------------------------------------------
[2024-05-09T20:58:47.354+0000] {docker.py:413} INFO - |      default     |   6   |   6   |   6   |   0   ||   6   |   6   |
[2024-05-09T20:58:47.355+0000] {docker.py:413} INFO - ---------------------------------------------------------------------
[2024-05-09T20:58:47.359+0000] {docker.py:413} INFO - :: retrieving :: org.apache.spark#spark-submit-parent-349479a9-0f32-46a5-ab79-f77729870061
	confs: [default]
[2024-05-09T20:58:47.744+0000] {docker.py:413} INFO - 6 artifacts copied, 0 already retrieved (309034kB/385ms)
[2024-05-09T20:58:48.090+0000] {docker.py:413} INFO - 24/05/09 20:58:48 WARN NativeCodeLoader: Unable to load native-hadoop library for your platform... using builtin-java classes where applicable
[2024-05-09T20:58:49.497+0000] {docker.py:413} INFO - 24/05/09 20:58:49 INFO SparkContext: Running Spark version 3.4.1
[2024-05-09T20:58:49.540+0000] {docker.py:413} INFO - 24/05/09 20:58:49 INFO ResourceUtils: ==============================================================
[2024-05-09T20:58:49.541+0000] {docker.py:413} INFO - 24/05/09 20:58:49 INFO ResourceUtils: No custom resources configured for spark.driver.
[2024-05-09T20:58:49.542+0000] {docker.py:413} INFO - 24/05/09 20:58:49 INFO ResourceUtils: ==============================================================
[2024-05-09T20:58:49.542+0000] {docker.py:413} INFO - 24/05/09 20:58:49 INFO SparkContext: Submitted application: CSV File to Delta Lake Table
[2024-05-09T20:58:49.593+0000] {docker.py:413} INFO - 24/05/09 20:58:49 INFO ResourceProfile: Default ResourceProfile created, executor resources: Map(cores -> name: cores, amount: 1, script: , vendor: , memory -> name: memory, amount: 1024, script: , vendor: , offHeap -> name: offHeap, amount: 0, script: , vendor: ), task resources: Map(cpus -> name: cpus, amount: 1.0)
[2024-05-09T20:58:49.611+0000] {docker.py:413} INFO - 24/05/09 20:58:49 INFO ResourceProfile: Limiting resource is cpu
[2024-05-09T20:58:49.612+0000] {docker.py:413} INFO - 24/05/09 20:58:49 INFO ResourceProfileManager: Added ResourceProfile id: 0
[2024-05-09T20:58:49.749+0000] {docker.py:413} INFO - 24/05/09 20:58:49 INFO SecurityManager: Changing view acls to: spark
[2024-05-09T20:58:49.753+0000] {docker.py:413} INFO - 24/05/09 20:58:49 INFO SecurityManager: Changing modify acls to: spark
[2024-05-09T20:58:49.754+0000] {docker.py:413} INFO - 24/05/09 20:58:49 INFO SecurityManager: Changing view acls groups to:
[2024-05-09T20:58:49.754+0000] {docker.py:413} INFO - 24/05/09 20:58:49 INFO SecurityManager: Changing modify acls groups to:
[2024-05-09T20:58:49.763+0000] {docker.py:413} INFO - 24/05/09 20:58:49 INFO SecurityManager: SecurityManager: authentication disabled; ui acls disabled; users with view permissions: spark; groups with view permissions: EMPTY; users with modify permissions: spark; groups with modify permissions: EMPTY
[2024-05-09T20:58:50.105+0000] {docker.py:413} INFO - 24/05/09 20:58:50 INFO Utils: Successfully started service 'sparkDriver' on port 36645.
[2024-05-09T20:58:50.142+0000] {docker.py:413} INFO - 24/05/09 20:58:50 INFO SparkEnv: Registering MapOutputTracker
[2024-05-09T20:58:50.203+0000] {docker.py:413} INFO - 24/05/09 20:58:50 INFO SparkEnv: Registering BlockManagerMaster
[2024-05-09T20:58:50.224+0000] {docker.py:413} INFO - 24/05/09 20:58:50 INFO BlockManagerMasterEndpoint: Using org.apache.spark.storage.DefaultTopologyMapper for getting topology information
[2024-05-09T20:58:50.225+0000] {docker.py:413} INFO - 24/05/09 20:58:50 INFO BlockManagerMasterEndpoint: BlockManagerMasterEndpoint up
[2024-05-09T20:58:50.233+0000] {docker.py:413} INFO - 24/05/09 20:58:50 INFO SparkEnv: Registering BlockManagerMasterHeartbeat
[2024-05-09T20:58:50.264+0000] {docker.py:413} INFO - 24/05/09 20:58:50 INFO DiskBlockManager: Created local directory at /tmp/blockmgr-f7459c19-6a62-43b2-af1b-fb6f8adb65db
[2024-05-09T20:58:50.280+0000] {docker.py:413} INFO - 24/05/09 20:58:50 INFO MemoryStore: MemoryStore started with capacity 434.4 MiB
[2024-05-09T20:58:50.294+0000] {docker.py:413} INFO - 24/05/09 20:58:50 INFO SparkEnv: Registering OutputCommitCoordinator
[2024-05-09T20:58:50.462+0000] {docker.py:413} INFO - 24/05/09 20:58:50 INFO JettyUtils: Start Jetty 0.0.0.0:4040 for SparkUI
[2024-05-09T20:58:50.547+0000] {docker.py:413} INFO - 24/05/09 20:58:50 INFO Utils: Successfully started service 'SparkUI' on port 4040.
[2024-05-09T20:58:50.602+0000] {docker.py:413} INFO - 24/05/09 20:58:50 INFO SparkContext: Added JAR file:///opt/bitnami/spark/.ivy2/jars/io.delta_delta-core_2.12-2.4.0.jar at spark://localhost:36645/jars/io.delta_delta-core_2.12-2.4.0.jar with timestamp 1715288329484
[2024-05-09T20:58:50.604+0000] {docker.py:413} INFO - 24/05/09 20:58:50 INFO SparkContext: Added JAR file:///opt/bitnami/spark/.ivy2/jars/org.apache.hadoop_hadoop-aws-3.3.6.jar at spark://localhost:36645/jars/org.apache.hadoop_hadoop-aws-3.3.6.jar with timestamp 1715288329484
[2024-05-09T20:58:50.604+0000] {docker.py:413} INFO - 24/05/09 20:58:50 INFO SparkContext: Added JAR file:///opt/bitnami/spark/.ivy2/jars/io.delta_delta-storage-2.4.0.jar at spark://localhost:36645/jars/io.delta_delta-storage-2.4.0.jar with timestamp 1715288329484
[2024-05-09T20:58:50.605+0000] {docker.py:413} INFO - 24/05/09 20:58:50 INFO SparkContext: Added JAR file:///opt/bitnami/spark/.ivy2/jars/org.antlr_antlr4-runtime-4.9.3.jar at spark://localhost:36645/jars/org.antlr_antlr4-runtime-4.9.3.jar with timestamp 1715288329484
[2024-05-09T20:58:50.605+0000] {docker.py:413} INFO - 24/05/09 20:58:50 INFO SparkContext: Added JAR file:///opt/bitnami/spark/.ivy2/jars/com.amazonaws_aws-java-sdk-bundle-1.12.367.jar at spark://localhost:36645/jars/com.amazonaws_aws-java-sdk-bundle-1.12.367.jar with timestamp 1715288329484
[2024-05-09T20:58:50.605+0000] {docker.py:413} INFO - 24/05/09 20:58:50 INFO SparkContext: Added JAR file:///opt/bitnami/spark/.ivy2/jars/org.wildfly.openssl_wildfly-openssl-1.1.3.Final.jar at spark://localhost:36645/jars/org.wildfly.openssl_wildfly-openssl-1.1.3.Final.jar with timestamp 1715288329484
[2024-05-09T20:58:50.607+0000] {docker.py:413} INFO - 24/05/09 20:58:50 INFO SparkContext: Added file file:///opt/bitnami/spark/.ivy2/jars/io.delta_delta-core_2.12-2.4.0.jar at file:///opt/bitnami/spark/.ivy2/jars/io.delta_delta-core_2.12-2.4.0.jar with timestamp 1715288329484
[2024-05-09T20:58:50.610+0000] {docker.py:413} INFO - 24/05/09 20:58:50 INFO Utils: Copying /opt/bitnami/spark/.ivy2/jars/io.delta_delta-core_2.12-2.4.0.jar to /tmp/spark-c7784d8d-2769-445f-a428-39829a81233d/userFiles-0559b86b-1431-4194-aef7-9fdee84cb5d9/io.delta_delta-core_2.12-2.4.0.jar
[2024-05-09T20:58:50.625+0000] {docker.py:413} INFO - 24/05/09 20:58:50 INFO SparkContext: Added file file:///opt/bitnami/spark/.ivy2/jars/org.apache.hadoop_hadoop-aws-3.3.6.jar at file:///opt/bitnami/spark/.ivy2/jars/org.apache.hadoop_hadoop-aws-3.3.6.jar with timestamp 1715288329484
[2024-05-09T20:58:50.626+0000] {docker.py:413} INFO - 24/05/09 20:58:50 INFO Utils: Copying /opt/bitnami/spark/.ivy2/jars/org.apache.hadoop_hadoop-aws-3.3.6.jar to /tmp/spark-c7784d8d-2769-445f-a428-39829a81233d/userFiles-0559b86b-1431-4194-aef7-9fdee84cb5d9/org.apache.hadoop_hadoop-aws-3.3.6.jar
[2024-05-09T20:58:50.630+0000] {docker.py:413} INFO - 24/05/09 20:58:50 INFO SparkContext: Added file file:///opt/bitnami/spark/.ivy2/jars/io.delta_delta-storage-2.4.0.jar at file:///opt/bitnami/spark/.ivy2/jars/io.delta_delta-storage-2.4.0.jar with timestamp 1715288329484
[2024-05-09T20:58:50.631+0000] {docker.py:413} INFO - 24/05/09 20:58:50 INFO Utils: Copying /opt/bitnami/spark/.ivy2/jars/io.delta_delta-storage-2.4.0.jar to /tmp/spark-c7784d8d-2769-445f-a428-39829a81233d/userFiles-0559b86b-1431-4194-aef7-9fdee84cb5d9/io.delta_delta-storage-2.4.0.jar
[2024-05-09T20:58:50.636+0000] {docker.py:413} INFO - 24/05/09 20:58:50 INFO SparkContext: Added file file:///opt/bitnami/spark/.ivy2/jars/org.antlr_antlr4-runtime-4.9.3.jar at file:///opt/bitnami/spark/.ivy2/jars/org.antlr_antlr4-runtime-4.9.3.jar with timestamp 1715288329484
[2024-05-09T20:58:50.637+0000] {docker.py:413} INFO - 24/05/09 20:58:50 INFO Utils: Copying /opt/bitnami/spark/.ivy2/jars/org.antlr_antlr4-runtime-4.9.3.jar to /tmp/spark-c7784d8d-2769-445f-a428-39829a81233d/userFiles-0559b86b-1431-4194-aef7-9fdee84cb5d9/org.antlr_antlr4-runtime-4.9.3.jar
[2024-05-09T20:58:50.642+0000] {docker.py:413} INFO - 24/05/09 20:58:50 INFO SparkContext: Added file file:///opt/bitnami/spark/.ivy2/jars/com.amazonaws_aws-java-sdk-bundle-1.12.367.jar at file:///opt/bitnami/spark/.ivy2/jars/com.amazonaws_aws-java-sdk-bundle-1.12.367.jar with timestamp 1715288329484
[2024-05-09T20:58:50.643+0000] {docker.py:413} INFO - 24/05/09 20:58:50 INFO Utils: Copying /opt/bitnami/spark/.ivy2/jars/com.amazonaws_aws-java-sdk-bundle-1.12.367.jar to /tmp/spark-c7784d8d-2769-445f-a428-39829a81233d/userFiles-0559b86b-1431-4194-aef7-9fdee84cb5d9/com.amazonaws_aws-java-sdk-bundle-1.12.367.jar
[2024-05-09T20:58:50.899+0000] {docker.py:413} INFO - 24/05/09 20:58:50 INFO SparkContext: Added file file:///opt/bitnami/spark/.ivy2/jars/org.wildfly.openssl_wildfly-openssl-1.1.3.Final.jar at file:///opt/bitnami/spark/.ivy2/jars/org.wildfly.openssl_wildfly-openssl-1.1.3.Final.jar with timestamp 1715288329484
[2024-05-09T20:58:50.899+0000] {docker.py:413} INFO - 24/05/09 20:58:50 INFO Utils: Copying /opt/bitnami/spark/.ivy2/jars/org.wildfly.openssl_wildfly-openssl-1.1.3.Final.jar to /tmp/spark-c7784d8d-2769-445f-a428-39829a81233d/userFiles-0559b86b-1431-4194-aef7-9fdee84cb5d9/org.wildfly.openssl_wildfly-openssl-1.1.3.Final.jar
[2024-05-09T20:58:50.979+0000] {docker.py:413} INFO - 24/05/09 20:58:50 INFO Executor: Starting executor ID driver on host localhost
[2024-05-09T20:58:50.987+0000] {docker.py:413} INFO - 24/05/09 20:58:50 INFO Executor: Starting executor with user classpath (userClassPathFirst = false): ''
[2024-05-09T20:58:50.999+0000] {docker.py:413} INFO - 24/05/09 20:58:50 INFO Executor: Fetching file:///opt/bitnami/spark/.ivy2/jars/org.apache.hadoop_hadoop-aws-3.3.6.jar with timestamp 1715288329484
[2024-05-09T20:58:51.031+0000] {docker.py:413} INFO - 24/05/09 20:58:51 INFO Utils: /opt/bitnami/spark/.ivy2/jars/org.apache.hadoop_hadoop-aws-3.3.6.jar has been previously copied to /tmp/spark-c7784d8d-2769-445f-a428-39829a81233d/userFiles-0559b86b-1431-4194-aef7-9fdee84cb5d9/org.apache.hadoop_hadoop-aws-3.3.6.jar
[2024-05-09T20:58:51.037+0000] {docker.py:413} INFO - 24/05/09 20:58:51 INFO Executor: Fetching file:///opt/bitnami/spark/.ivy2/jars/io.delta_delta-core_2.12-2.4.0.jar with timestamp 1715288329484
[2024-05-09T20:58:51.041+0000] {docker.py:413} INFO - 24/05/09 20:58:51 INFO Utils: /opt/bitnami/spark/.ivy2/jars/io.delta_delta-core_2.12-2.4.0.jar has been previously copied to /tmp/spark-c7784d8d-2769-445f-a428-39829a81233d/userFiles-0559b86b-1431-4194-aef7-9fdee84cb5d9/io.delta_delta-core_2.12-2.4.0.jar
[2024-05-09T20:58:51.045+0000] {docker.py:413} INFO - 24/05/09 20:58:51 INFO Executor: Fetching file:///opt/bitnami/spark/.ivy2/jars/io.delta_delta-storage-2.4.0.jar with timestamp 1715288329484
[2024-05-09T20:58:51.045+0000] {docker.py:413} INFO - 24/05/09 20:58:51 INFO Utils: /opt/bitnami/spark/.ivy2/jars/io.delta_delta-storage-2.4.0.jar has been previously copied to /tmp/spark-c7784d8d-2769-445f-a428-39829a81233d/userFiles-0559b86b-1431-4194-aef7-9fdee84cb5d9/io.delta_delta-storage-2.4.0.jar
[2024-05-09T20:58:51.049+0000] {docker.py:413} INFO - 24/05/09 20:58:51 INFO Executor: Fetching file:///opt/bitnami/spark/.ivy2/jars/org.antlr_antlr4-runtime-4.9.3.jar with timestamp 1715288329484
[2024-05-09T20:58:51.050+0000] {docker.py:413} INFO - 24/05/09 20:58:51 INFO Utils: /opt/bitnami/spark/.ivy2/jars/org.antlr_antlr4-runtime-4.9.3.jar has been previously copied to /tmp/spark-c7784d8d-2769-445f-a428-39829a81233d/userFiles-0559b86b-1431-4194-aef7-9fdee84cb5d9/org.antlr_antlr4-runtime-4.9.3.jar
[2024-05-09T20:58:51.057+0000] {docker.py:413} INFO - 24/05/09 20:58:51 INFO Executor: Fetching file:///opt/bitnami/spark/.ivy2/jars/org.wildfly.openssl_wildfly-openssl-1.1.3.Final.jar with timestamp 1715288329484
[2024-05-09T20:58:51.058+0000] {docker.py:413} INFO - 24/05/09 20:58:51 INFO Utils: /opt/bitnami/spark/.ivy2/jars/org.wildfly.openssl_wildfly-openssl-1.1.3.Final.jar has been previously copied to /tmp/spark-c7784d8d-2769-445f-a428-39829a81233d/userFiles-0559b86b-1431-4194-aef7-9fdee84cb5d9/org.wildfly.openssl_wildfly-openssl-1.1.3.Final.jar
[2024-05-09T20:58:51.061+0000] {docker.py:413} INFO - 24/05/09 20:58:51 INFO Executor: Fetching file:///opt/bitnami/spark/.ivy2/jars/com.amazonaws_aws-java-sdk-bundle-1.12.367.jar with timestamp 1715288329484
[2024-05-09T20:58:51.245+0000] {docker.py:413} INFO - 24/05/09 20:58:51 INFO Utils: /opt/bitnami/spark/.ivy2/jars/com.amazonaws_aws-java-sdk-bundle-1.12.367.jar has been previously copied to /tmp/spark-c7784d8d-2769-445f-a428-39829a81233d/userFiles-0559b86b-1431-4194-aef7-9fdee84cb5d9/com.amazonaws_aws-java-sdk-bundle-1.12.367.jar
[2024-05-09T20:58:51.251+0000] {docker.py:413} INFO - 24/05/09 20:58:51 INFO Executor: Fetching spark://localhost:36645/jars/org.apache.hadoop_hadoop-aws-3.3.6.jar with timestamp 1715288329484
[2024-05-09T20:58:51.319+0000] {docker.py:413} INFO - 24/05/09 20:58:51 INFO TransportClientFactory: Successfully created connection to localhost/127.0.0.1:36645 after 51 ms (0 ms spent in bootstraps)
[2024-05-09T20:58:51.331+0000] {docker.py:413} INFO - 24/05/09 20:58:51 INFO Utils: Fetching spark://localhost:36645/jars/org.apache.hadoop_hadoop-aws-3.3.6.jar to /tmp/spark-c7784d8d-2769-445f-a428-39829a81233d/userFiles-0559b86b-1431-4194-aef7-9fdee84cb5d9/fetchFileTemp11986827480231007339.tmp
[2024-05-09T20:58:51.373+0000] {docker.py:413} INFO - 24/05/09 20:58:51 INFO Utils: /tmp/spark-c7784d8d-2769-445f-a428-39829a81233d/userFiles-0559b86b-1431-4194-aef7-9fdee84cb5d9/fetchFileTemp11986827480231007339.tmp has been previously copied to /tmp/spark-c7784d8d-2769-445f-a428-39829a81233d/userFiles-0559b86b-1431-4194-aef7-9fdee84cb5d9/org.apache.hadoop_hadoop-aws-3.3.6.jar
[2024-05-09T20:58:51.378+0000] {docker.py:413} INFO - 24/05/09 20:58:51 INFO Executor: Adding file:/tmp/spark-c7784d8d-2769-445f-a428-39829a81233d/userFiles-0559b86b-1431-4194-aef7-9fdee84cb5d9/org.apache.hadoop_hadoop-aws-3.3.6.jar to class loader
[2024-05-09T20:58:51.379+0000] {docker.py:413} INFO - 24/05/09 20:58:51 INFO Executor: Fetching spark://localhost:36645/jars/org.antlr_antlr4-runtime-4.9.3.jar with timestamp 1715288329484
[2024-05-09T20:58:51.380+0000] {docker.py:413} INFO - 24/05/09 20:58:51 INFO Utils: Fetching spark://localhost:36645/jars/org.antlr_antlr4-runtime-4.9.3.jar to /tmp/spark-c7784d8d-2769-445f-a428-39829a81233d/userFiles-0559b86b-1431-4194-aef7-9fdee84cb5d9/fetchFileTemp11591662235296780866.tmp
[2024-05-09T20:58:51.388+0000] {docker.py:413} INFO - 24/05/09 20:58:51 INFO Utils: /tmp/spark-c7784d8d-2769-445f-a428-39829a81233d/userFiles-0559b86b-1431-4194-aef7-9fdee84cb5d9/fetchFileTemp11591662235296780866.tmp has been previously copied to /tmp/spark-c7784d8d-2769-445f-a428-39829a81233d/userFiles-0559b86b-1431-4194-aef7-9fdee84cb5d9/org.antlr_antlr4-runtime-4.9.3.jar
[2024-05-09T20:58:51.391+0000] {docker.py:413} INFO - 24/05/09 20:58:51 INFO Executor: Adding file:/tmp/spark-c7784d8d-2769-445f-a428-39829a81233d/userFiles-0559b86b-1431-4194-aef7-9fdee84cb5d9/org.antlr_antlr4-runtime-4.9.3.jar to class loader
[2024-05-09T20:58:51.392+0000] {docker.py:413} INFO - 24/05/09 20:58:51 INFO Executor: Fetching spark://localhost:36645/jars/io.delta_delta-storage-2.4.0.jar with timestamp 1715288329484
[2024-05-09T20:58:51.392+0000] {docker.py:413} INFO - 24/05/09 20:58:51 INFO Utils: Fetching spark://localhost:36645/jars/io.delta_delta-storage-2.4.0.jar to /tmp/spark-c7784d8d-2769-445f-a428-39829a81233d/userFiles-0559b86b-1431-4194-aef7-9fdee84cb5d9/fetchFileTemp427099109538627241.tmp
[2024-05-09T20:58:51.394+0000] {docker.py:413} INFO - 24/05/09 20:58:51 INFO Utils: /tmp/spark-c7784d8d-2769-445f-a428-39829a81233d/userFiles-0559b86b-1431-4194-aef7-9fdee84cb5d9/fetchFileTemp427099109538627241.tmp has been previously copied to /tmp/spark-c7784d8d-2769-445f-a428-39829a81233d/userFiles-0559b86b-1431-4194-aef7-9fdee84cb5d9/io.delta_delta-storage-2.4.0.jar
[2024-05-09T20:58:51.398+0000] {docker.py:413} INFO - 24/05/09 20:58:51 INFO Executor: Adding file:/tmp/spark-c7784d8d-2769-445f-a428-39829a81233d/userFiles-0559b86b-1431-4194-aef7-9fdee84cb5d9/io.delta_delta-storage-2.4.0.jar to class loader
[2024-05-09T20:58:51.399+0000] {docker.py:413} INFO - 24/05/09 20:58:51 INFO Executor: Fetching spark://localhost:36645/jars/io.delta_delta-core_2.12-2.4.0.jar with timestamp 1715288329484
[2024-05-09T20:58:51.399+0000] {docker.py:413} INFO - 24/05/09 20:58:51 INFO Utils: Fetching spark://localhost:36645/jars/io.delta_delta-core_2.12-2.4.0.jar to /tmp/spark-c7784d8d-2769-445f-a428-39829a81233d/userFiles-0559b86b-1431-4194-aef7-9fdee84cb5d9/fetchFileTemp10481768450154230946.tmp
[2024-05-09T20:58:51.428+0000] {docker.py:413} INFO - 24/05/09 20:58:51 INFO Utils: /tmp/spark-c7784d8d-2769-445f-a428-39829a81233d/userFiles-0559b86b-1431-4194-aef7-9fdee84cb5d9/fetchFileTemp10481768450154230946.tmp has been previously copied to /tmp/spark-c7784d8d-2769-445f-a428-39829a81233d/userFiles-0559b86b-1431-4194-aef7-9fdee84cb5d9/io.delta_delta-core_2.12-2.4.0.jar
[2024-05-09T20:58:51.433+0000] {docker.py:413} INFO - 24/05/09 20:58:51 INFO Executor: Adding file:/tmp/spark-c7784d8d-2769-445f-a428-39829a81233d/userFiles-0559b86b-1431-4194-aef7-9fdee84cb5d9/io.delta_delta-core_2.12-2.4.0.jar to class loader
[2024-05-09T20:58:51.434+0000] {docker.py:413} INFO - 24/05/09 20:58:51 INFO Executor: Fetching spark://localhost:36645/jars/org.wildfly.openssl_wildfly-openssl-1.1.3.Final.jar with timestamp 1715288329484
[2024-05-09T20:58:51.435+0000] {docker.py:413} INFO - 24/05/09 20:58:51 INFO Utils: Fetching spark://localhost:36645/jars/org.wildfly.openssl_wildfly-openssl-1.1.3.Final.jar to /tmp/spark-c7784d8d-2769-445f-a428-39829a81233d/userFiles-0559b86b-1431-4194-aef7-9fdee84cb5d9/fetchFileTemp15435474945482787472.tmp
[2024-05-09T20:58:51.440+0000] {docker.py:413} INFO - 24/05/09 20:58:51 INFO Utils: /tmp/spark-c7784d8d-2769-445f-a428-39829a81233d/userFiles-0559b86b-1431-4194-aef7-9fdee84cb5d9/fetchFileTemp15435474945482787472.tmp has been previously copied to /tmp/spark-c7784d8d-2769-445f-a428-39829a81233d/userFiles-0559b86b-1431-4194-aef7-9fdee84cb5d9/org.wildfly.openssl_wildfly-openssl-1.1.3.Final.jar
[2024-05-09T20:58:51.444+0000] {docker.py:413} INFO - 24/05/09 20:58:51 INFO Executor: Adding file:/tmp/spark-c7784d8d-2769-445f-a428-39829a81233d/userFiles-0559b86b-1431-4194-aef7-9fdee84cb5d9/org.wildfly.openssl_wildfly-openssl-1.1.3.Final.jar to class loader
[2024-05-09T20:58:51.444+0000] {docker.py:413} INFO - 24/05/09 20:58:51 INFO Executor: Fetching spark://localhost:36645/jars/com.amazonaws_aws-java-sdk-bundle-1.12.367.jar with timestamp 1715288329484
[2024-05-09T20:58:51.445+0000] {docker.py:413} INFO - 24/05/09 20:58:51 INFO Utils: Fetching spark://localhost:36645/jars/com.amazonaws_aws-java-sdk-bundle-1.12.367.jar to /tmp/spark-c7784d8d-2769-445f-a428-39829a81233d/userFiles-0559b86b-1431-4194-aef7-9fdee84cb5d9/fetchFileTemp17208828702429780022.tmp
[2024-05-09T20:58:52.767+0000] {docker.py:413} INFO - 24/05/09 20:58:52 INFO Utils: /tmp/spark-c7784d8d-2769-445f-a428-39829a81233d/userFiles-0559b86b-1431-4194-aef7-9fdee84cb5d9/fetchFileTemp17208828702429780022.tmp has been previously copied to /tmp/spark-c7784d8d-2769-445f-a428-39829a81233d/userFiles-0559b86b-1431-4194-aef7-9fdee84cb5d9/com.amazonaws_aws-java-sdk-bundle-1.12.367.jar
[2024-05-09T20:58:52.805+0000] {docker.py:413} INFO - 24/05/09 20:58:52 INFO Executor: Adding file:/tmp/spark-c7784d8d-2769-445f-a428-39829a81233d/userFiles-0559b86b-1431-4194-aef7-9fdee84cb5d9/com.amazonaws_aws-java-sdk-bundle-1.12.367.jar to class loader
[2024-05-09T20:58:52.812+0000] {docker.py:413} INFO - 24/05/09 20:58:52 INFO Utils: Successfully started service 'org.apache.spark.network.netty.NettyBlockTransferService' on port 45961.
[2024-05-09T20:58:52.812+0000] {docker.py:413} INFO - 24/05/09 20:58:52 INFO NettyBlockTransferService: Server created on localhost:45961
[2024-05-09T20:58:52.814+0000] {docker.py:413} INFO - 24/05/09 20:58:52 INFO BlockManager: Using org.apache.spark.storage.RandomBlockReplicationPolicy for block replication policy
[2024-05-09T20:58:52.822+0000] {docker.py:413} INFO - 24/05/09 20:58:52 INFO BlockManagerMaster: Registering BlockManager BlockManagerId(driver, localhost, 45961, None)
[2024-05-09T20:58:52.826+0000] {docker.py:413} INFO - 24/05/09 20:58:52 INFO BlockManagerMasterEndpoint: Registering block manager localhost:45961 with 434.4 MiB RAM, BlockManagerId(driver, localhost, 45961, None)
[2024-05-09T20:58:52.829+0000] {docker.py:413} INFO - 24/05/09 20:58:52 INFO BlockManagerMaster: Registered BlockManager BlockManagerId(driver, localhost, 45961, None)
[2024-05-09T20:58:52.830+0000] {docker.py:413} INFO - 24/05/09 20:58:52 INFO BlockManager: Initialized BlockManager: BlockManagerId(driver, localhost, 45961, None)
[2024-05-09T20:59:03.889+0000] {docker.py:413} INFO - Traceback (most recent call last):
  File "/opt/spark-apps/csv_to_delta.py", line 36, in <module>
[2024-05-09T20:59:03.890+0000] {docker.py:413} INFO - main()
[2024-05-09T20:59:03.892+0000] {docker.py:413} INFO - File "/opt/spark-apps/csv_to_delta.py", line 17, in main
[2024-05-09T20:59:03.893+0000] {docker.py:413} INFO - spark.sql("DROP SCHEMA IF EXISTS wba CASCADE")
  File "/opt/bitnami/spark/python/lib/pyspark.zip/pyspark/sql/session.py", line 1440, in sql
[2024-05-09T20:59:03.894+0000] {docker.py:413} INFO - File "/opt/bitnami/spark/python/lib/py4j-0.10.9.7-src.zip/py4j/java_gateway.py", line 1322, in __call__
[2024-05-09T20:59:03.895+0000] {docker.py:413} INFO - File "/opt/bitnami/spark/python/lib/pyspark.zip/pyspark/errors/exceptions/captured.py", line 175, in deco
[2024-05-09T20:59:03.896+0000] {docker.py:413} INFO - pyspark.errors.exceptions.captured.AnalysisException
[2024-05-09T20:59:03.913+0000] {docker.py:413} INFO - : org.apache.hadoop.hive.ql.metadata.HiveException: java.lang.RuntimeException: Unable to instantiate org.apache.hadoop.hive.ql.metadata.SessionHiveMetaStoreClient
[2024-05-09T20:59:04.837+0000] {taskinstance.py:1937} ERROR - Task failed with exception
Traceback (most recent call last):
  File "/home/airflow/.local/lib/python3.8/site-packages/docker/api/client.py", line 268, in _raise_for_status
    response.raise_for_status()
  File "/home/airflow/.local/lib/python3.8/site-packages/requests/models.py", line 1021, in raise_for_status
    raise HTTPError(http_error_msg, response=self)
requests.exceptions.HTTPError: 400 Client Error: Bad Request for url: http://docker-proxy:2375/v1.43/containers/create

The above exception was the direct cause of the following exception:

Traceback (most recent call last):
  File "/home/airflow/.local/lib/python3.8/site-packages/airflow/providers/docker/operators/docker.py", line 348, in _run_image
    return self._run_image_with_mounts([*self.mounts, tmp_mount], add_tmp_variable=True)
  File "/home/airflow/.local/lib/python3.8/site-packages/airflow/providers/docker/operators/docker.py", line 375, in _run_image_with_mounts
    self.container = self.cli.create_container(
  File "/home/airflow/.local/lib/python3.8/site-packages/docker/api/container.py", line 431, in create_container
    return self.create_container_from_config(config, name, platform)
  File "/home/airflow/.local/lib/python3.8/site-packages/docker/api/container.py", line 448, in create_container_from_config
    return self._result(res, True)
  File "/home/airflow/.local/lib/python3.8/site-packages/docker/api/client.py", line 274, in _result
    self._raise_for_status(response)
  File "/home/airflow/.local/lib/python3.8/site-packages/docker/api/client.py", line 270, in _raise_for_status
    raise create_api_error_from_http_exception(e) from e
  File "/home/airflow/.local/lib/python3.8/site-packages/docker/errors.py", line 39, in create_api_error_from_http_exception
    raise cls(e, response=response, explanation=explanation) from e
docker.errors.APIError: 400 Client Error for http://docker-proxy:2375/v1.43/containers/create: Bad Request ("invalid mount config for type "bind": bind source path does not exist: /tmp/airflowtmpx5g9ebty")

During handling of the above exception, another exception occurred:

Traceback (most recent call last):
  File "/home/airflow/.local/lib/python3.8/site-packages/airflow/providers/docker/operators/docker.py", line 486, in execute
    return self._run_image()
  File "/home/airflow/.local/lib/python3.8/site-packages/airflow/providers/docker/operators/docker.py", line 357, in _run_image
    return self._run_image_with_mounts(self.mounts, add_tmp_variable=False)
  File "/home/airflow/.local/lib/python3.8/site-packages/airflow/providers/docker/operators/docker.py", line 421, in _run_image_with_mounts
    raise DockerContainerFailedException(f"Docker container failed: {result!r}", logs=log_lines)
airflow.providers.docker.exceptions.DockerContainerFailedException: Docker container failed: {'StatusCode': 1}
[2024-05-09T20:59:04.841+0000] {taskinstance.py:1400} INFO - Marking task as UP_FOR_RETRY. dag_id=pyspark_dag, task_id=pyspark_minio, execution_date=20240509T205656, start_date=20240509T205658, end_date=20240509T205904
[2024-05-09T20:59:04.853+0000] {standard_task_runner.py:104} ERROR - Failed to execute job 47 for task pyspark_minio (Docker container failed: {'StatusCode': 1}; 651)
[2024-05-09T20:59:04.877+0000] {local_task_job_runner.py:228} INFO - Task exited with return code 1
[2024-05-09T20:59:04.891+0000] {taskinstance.py:2778} INFO - 0 downstream tasks scheduled from follow-on schedule check
