[2024-05-09T21:13:27.191+0000] {taskinstance.py:1159} INFO - Dependencies all met for dep_context=non-requeueable deps ti=<TaskInstance: pyspark_dag.pyspark_minio manual__2024-05-09T21:13:12.118921+00:00 [queued]>
[2024-05-09T21:13:27.199+0000] {taskinstance.py:1159} INFO - Dependencies all met for dep_context=requeueable deps ti=<TaskInstance: pyspark_dag.pyspark_minio manual__2024-05-09T21:13:12.118921+00:00 [queued]>
[2024-05-09T21:13:27.200+0000] {taskinstance.py:1361} INFO - Starting attempt 2 of 2
[2024-05-09T21:13:27.214+0000] {taskinstance.py:1382} INFO - Executing <Task(DockerOperator): pyspark_minio> on 2024-05-09 21:13:12.118921+00:00
[2024-05-09T21:13:27.220+0000] {standard_task_runner.py:57} INFO - Started process 8543 to run task
[2024-05-09T21:13:27.223+0000] {standard_task_runner.py:84} INFO - Running: ['***', 'tasks', 'run', 'pyspark_dag', 'pyspark_minio', 'manual__2024-05-09T21:13:12.118921+00:00', '--job-id', '50', '--raw', '--subdir', 'DAGS_FOLDER/dag_spark.py', '--cfg-path', '/tmp/tmph8vxgjkt']
[2024-05-09T21:13:27.225+0000] {standard_task_runner.py:85} INFO - Job 50: Subtask pyspark_minio
[2024-05-09T21:13:27.273+0000] {task_command.py:416} INFO - Running <TaskInstance: pyspark_dag.pyspark_minio manual__2024-05-09T21:13:12.118921+00:00 [running]> on host ae2eea95888a
[2024-05-09T21:13:27.350+0000] {taskinstance.py:1662} INFO - Exporting env vars: AIRFLOW_CTX_DAG_OWNER='***' AIRFLOW_CTX_DAG_ID='pyspark_dag' AIRFLOW_CTX_TASK_ID='pyspark_minio' AIRFLOW_CTX_EXECUTION_DATE='2024-05-09T21:13:12.118921+00:00' AIRFLOW_CTX_TRY_NUMBER='2' AIRFLOW_CTX_DAG_RUN_ID='manual__2024-05-09T21:13:12.118921+00:00'
[2024-05-09T21:13:27.369+0000] {docker.py:343} INFO - Starting docker container from image wba-demo/spark:latest
[2024-05-09T21:13:27.372+0000] {docker.py:351} WARNING - Using remote engine or docker-in-docker and mounting temporary volume from host is not supported. Falling back to `mount_tmp_dir=False` mode. You can set `mount_tmp_dir` parameter to False to disable mounting and remove the warning
[2024-05-09T21:13:27.961+0000] {docker.py:413} INFO - [38;5;6mspark [38;5;5m21:13:27.95 [0m[38;5;2mINFO [0m ==>
[2024-05-09T21:13:27.964+0000] {docker.py:413} INFO - [38;5;6mspark [38;5;5m21:13:27.96 [0m[38;5;2mINFO [0m ==> [1mWelcome to the Bitnami spark container[0m
[2024-05-09T21:13:27.969+0000] {docker.py:413} INFO - [38;5;6mspark [38;5;5m21:13:27.96 [0m[38;5;2mINFO [0m ==> Subscribe to project updates by watching [1mhttps://github.com/bitnami/containers[0m
[2024-05-09T21:13:27.975+0000] {docker.py:413} INFO - [38;5;6mspark [38;5;5m21:13:27.97 [0m[38;5;2mINFO [0m ==> Submit issues and feature requests at [1mhttps://github.com/bitnami/containers/issues[0m
[2024-05-09T21:13:27.976+0000] {docker.py:413} INFO - [38;5;6mspark [38;5;5m21:13:27.97 [0m[38;5;2mINFO [0m ==>
[2024-05-09T21:13:27.991+0000] {docker.py:413} INFO - 
[2024-05-09T21:13:31.365+0000] {docker.py:413} INFO - :: loading settings :: url = jar:file:/opt/bitnami/spark/jars/ivy-2.5.1.jar!/org/apache/ivy/core/settings/ivysettings.xml
[2024-05-09T21:13:31.467+0000] {docker.py:413} INFO - Ivy Default Cache set to: /opt/bitnami/spark/.ivy2/cache
The jars for the packages stored in: /opt/bitnami/spark/.ivy2/jars
[2024-05-09T21:13:31.474+0000] {docker.py:413} INFO - io.delta#delta-core_2.12 added as a dependency
[2024-05-09T21:13:31.475+0000] {docker.py:413} INFO - org.apache.hadoop#hadoop-aws added as a dependency
[2024-05-09T21:13:31.476+0000] {docker.py:413} INFO - :: resolving dependencies :: org.apache.spark#spark-submit-parent-f9ac477d-f58d-4642-abee-1134cd6cc475;1.0
[2024-05-09T21:13:31.476+0000] {docker.py:413} INFO - confs: [default]
[2024-05-09T21:13:33.413+0000] {docker.py:413} INFO - found io.delta#delta-core_2.12;2.4.0 in central
[2024-05-09T21:13:33.926+0000] {docker.py:413} INFO - found io.delta#delta-storage;2.4.0 in central
[2024-05-09T21:13:37.964+0000] {docker.py:413} INFO - found org.antlr#antlr4-runtime;4.9.3 in central
[2024-05-09T21:13:42.272+0000] {docker.py:413} INFO - found org.apache.hadoop#hadoop-aws;3.3.6 in central
[2024-05-09T21:13:44.542+0000] {docker.py:413} INFO - found com.amazonaws#aws-java-sdk-bundle;1.12.367 in central
[2024-05-09T21:13:48.477+0000] {docker.py:413} INFO - found org.wildfly.openssl#wildfly-openssl;1.1.3.Final in central
[2024-05-09T21:13:48.710+0000] {docker.py:413} INFO - downloading https://repo1.maven.org/maven2/io/delta/delta-core_2.12/2.4.0/delta-core_2.12-2.4.0.jar ...
[2024-05-09T21:13:50.484+0000] {docker.py:413} INFO - [SUCCESSFUL ] io.delta#delta-core_2.12;2.4.0!delta-core_2.12.jar (1987ms)
[2024-05-09T21:13:50.707+0000] {docker.py:413} INFO - downloading https://repo1.maven.org/maven2/org/apache/hadoop/hadoop-aws/3.3.6/hadoop-aws-3.3.6.jar ...
[2024-05-09T21:13:51.051+0000] {docker.py:413} INFO - [SUCCESSFUL ] org.apache.hadoop#hadoop-aws;3.3.6!hadoop-aws.jar (562ms)
[2024-05-09T21:13:51.266+0000] {docker.py:413} INFO - downloading https://repo1.maven.org/maven2/io/delta/delta-storage/2.4.0/delta-storage-2.4.0.jar ...
[2024-05-09T21:13:51.486+0000] {docker.py:413} INFO - [SUCCESSFUL ] io.delta#delta-storage;2.4.0!delta-storage.jar (431ms)
[2024-05-09T21:13:51.715+0000] {docker.py:413} INFO - downloading https://repo1.maven.org/maven2/org/antlr/antlr4-runtime/4.9.3/antlr4-runtime-4.9.3.jar ...
[2024-05-09T21:13:51.987+0000] {docker.py:413} INFO - [SUCCESSFUL ] org.antlr#antlr4-runtime;4.9.3!antlr4-runtime.jar (485ms)
[2024-05-09T21:13:52.198+0000] {docker.py:413} INFO - downloading https://repo1.maven.org/maven2/com/amazonaws/aws-java-sdk-bundle/1.12.367/aws-java-sdk-bundle-1.12.367.jar ...
[2024-05-09T21:15:11.904+0000] {docker.py:413} INFO - [SUCCESSFUL ] com.amazonaws#aws-java-sdk-bundle;1.12.367!aws-java-sdk-bundle.jar (79914ms)
[2024-05-09T21:15:12.116+0000] {docker.py:413} INFO - downloading https://repo1.maven.org/maven2/org/wildfly/openssl/wildfly-openssl/1.1.3.Final/wildfly-openssl-1.1.3.Final.jar ...
[2024-05-09T21:15:12.422+0000] {docker.py:413} INFO - [SUCCESSFUL ] org.wildfly.openssl#wildfly-openssl;1.1.3.Final!wildfly-openssl.jar (515ms)
[2024-05-09T21:15:12.425+0000] {docker.py:413} INFO - :: resolution report :: resolve 17019ms :: artifacts dl 83928ms
[2024-05-09T21:15:12.426+0000] {docker.py:413} INFO - :: modules in use:
[2024-05-09T21:15:12.428+0000] {docker.py:413} INFO - com.amazonaws#aws-java-sdk-bundle;1.12.367 from central in [default]
[2024-05-09T21:15:12.429+0000] {docker.py:413} INFO - io.delta#delta-core_2.12;2.4.0 from central in [default]
	io.delta#delta-storage;2.4.0 from central in [default]
[2024-05-09T21:15:12.430+0000] {docker.py:413} INFO - org.antlr#antlr4-runtime;4.9.3 from central in [default]
[2024-05-09T21:15:12.430+0000] {docker.py:413} INFO - org.apache.hadoop#hadoop-aws;3.3.6 from central in [default]
[2024-05-09T21:15:12.431+0000] {docker.py:413} INFO - org.wildfly.openssl#wildfly-openssl;1.1.3.Final from central in [default]
[2024-05-09T21:15:12.432+0000] {docker.py:413} INFO - ---------------------------------------------------------------------
[2024-05-09T21:15:12.432+0000] {docker.py:413} INFO - |                  |            modules            ||   artifacts   |
[2024-05-09T21:15:12.433+0000] {docker.py:413} INFO - |       conf       | number| search|dwnlded|evicted|| number|dwnlded|
	---------------------------------------------------------------------
[2024-05-09T21:15:12.433+0000] {docker.py:413} INFO - |      default     |   6   |   6   |   6   |   0   ||   6   |   6   |
	---------------------------------------------------------------------
[2024-05-09T21:15:12.438+0000] {docker.py:413} INFO - :: retrieving :: org.apache.spark#spark-submit-parent-f9ac477d-f58d-4642-abee-1134cd6cc475
[2024-05-09T21:15:12.438+0000] {docker.py:413} INFO - confs: [default]
[2024-05-09T21:15:12.710+0000] {docker.py:413} INFO - 6 artifacts copied, 0 already retrieved (309034kB/272ms)
[2024-05-09T21:15:12.986+0000] {docker.py:413} INFO - 24/05/09 21:15:12 WARN NativeCodeLoader: Unable to load native-hadoop library for your platform... using builtin-java classes where applicable
[2024-05-09T21:15:14.276+0000] {docker.py:413} INFO - 24/05/09 21:15:14 INFO SparkContext: Running Spark version 3.4.1
[2024-05-09T21:15:14.316+0000] {docker.py:413} INFO - 24/05/09 21:15:14 INFO ResourceUtils: ==============================================================
[2024-05-09T21:15:14.317+0000] {docker.py:413} INFO - 24/05/09 21:15:14 INFO ResourceUtils: No custom resources configured for spark.driver.
[2024-05-09T21:15:14.318+0000] {docker.py:413} INFO - 24/05/09 21:15:14 INFO ResourceUtils: ==============================================================
[2024-05-09T21:15:14.319+0000] {docker.py:413} INFO - 24/05/09 21:15:14 INFO SparkContext: Submitted application: CSV File to Delta Lake Table
[2024-05-09T21:15:14.356+0000] {docker.py:413} INFO - 24/05/09 21:15:14 INFO ResourceProfile: Default ResourceProfile created, executor resources: Map(cores -> name: cores, amount: 1, script: , vendor: , memory -> name: memory, amount: 1024, script: , vendor: , offHeap -> name: offHeap, amount: 0, script: , vendor: ), task resources: Map(cpus -> name: cpus, amount: 1.0)
[2024-05-09T21:15:14.373+0000] {docker.py:413} INFO - 24/05/09 21:15:14 INFO ResourceProfile: Limiting resource is cpu
[2024-05-09T21:15:14.374+0000] {docker.py:413} INFO - 24/05/09 21:15:14 INFO ResourceProfileManager: Added ResourceProfile id: 0
[2024-05-09T21:15:14.488+0000] {docker.py:413} INFO - 24/05/09 21:15:14 INFO SecurityManager: Changing view acls to: spark
[2024-05-09T21:15:14.492+0000] {docker.py:413} INFO - 24/05/09 21:15:14 INFO SecurityManager: Changing modify acls to: spark
24/05/09 21:15:14 INFO SecurityManager: Changing view acls groups to: 
24/05/09 21:15:14 INFO SecurityManager: Changing modify acls groups to: 
24/05/09 21:15:14 INFO SecurityManager: SecurityManager: authentication disabled; ui acls disabled; users with view permissions: spark; groups with view permissions: EMPTY; users with modify permissions: spark; groups with modify permissions: EMPTY
[2024-05-09T21:15:14.926+0000] {docker.py:413} INFO - 24/05/09 21:15:14 INFO Utils: Successfully started service 'sparkDriver' on port 38357.
[2024-05-09T21:15:14.978+0000] {docker.py:413} INFO - 24/05/09 21:15:14 INFO SparkEnv: Registering MapOutputTracker
[2024-05-09T21:15:15.026+0000] {docker.py:413} INFO - 24/05/09 21:15:15 INFO SparkEnv: Registering BlockManagerMaster
[2024-05-09T21:15:15.055+0000] {docker.py:413} INFO - 24/05/09 21:15:15 INFO BlockManagerMasterEndpoint: Using org.apache.spark.storage.DefaultTopologyMapper for getting topology information
[2024-05-09T21:15:15.056+0000] {docker.py:413} INFO - 24/05/09 21:15:15 INFO BlockManagerMasterEndpoint: BlockManagerMasterEndpoint up
[2024-05-09T21:15:15.062+0000] {docker.py:413} INFO - 24/05/09 21:15:15 INFO SparkEnv: Registering BlockManagerMasterHeartbeat
[2024-05-09T21:15:15.106+0000] {docker.py:413} INFO - 24/05/09 21:15:15 INFO DiskBlockManager: Created local directory at /tmp/blockmgr-017c94cb-7625-469d-82a3-64ad6c338066
[2024-05-09T21:15:15.136+0000] {docker.py:413} INFO - 24/05/09 21:15:15 INFO MemoryStore: MemoryStore started with capacity 434.4 MiB
[2024-05-09T21:15:15.161+0000] {docker.py:413} INFO - 24/05/09 21:15:15 INFO SparkEnv: Registering OutputCommitCoordinator
[2024-05-09T21:15:15.401+0000] {docker.py:413} INFO - 24/05/09 21:15:15 INFO JettyUtils: Start Jetty 0.0.0.0:4040 for SparkUI
[2024-05-09T21:15:15.490+0000] {docker.py:413} INFO - 24/05/09 21:15:15 INFO Utils: Successfully started service 'SparkUI' on port 4040.
[2024-05-09T21:15:15.545+0000] {docker.py:413} INFO - 24/05/09 21:15:15 INFO SparkContext: Added JAR file:///opt/bitnami/spark/.ivy2/jars/io.delta_delta-core_2.12-2.4.0.jar at spark://localhost:38357/jars/io.delta_delta-core_2.12-2.4.0.jar with timestamp 1715289314264
[2024-05-09T21:15:15.546+0000] {docker.py:413} INFO - 24/05/09 21:15:15 INFO SparkContext: Added JAR file:///opt/bitnami/spark/.ivy2/jars/org.apache.hadoop_hadoop-aws-3.3.6.jar at spark://localhost:38357/jars/org.apache.hadoop_hadoop-aws-3.3.6.jar with timestamp 1715289314264
[2024-05-09T21:15:15.547+0000] {docker.py:413} INFO - 24/05/09 21:15:15 INFO SparkContext: Added JAR file:///opt/bitnami/spark/.ivy2/jars/io.delta_delta-storage-2.4.0.jar at spark://localhost:38357/jars/io.delta_delta-storage-2.4.0.jar with timestamp 1715289314264
[2024-05-09T21:15:15.547+0000] {docker.py:413} INFO - 24/05/09 21:15:15 INFO SparkContext: Added JAR file:///opt/bitnami/spark/.ivy2/jars/org.antlr_antlr4-runtime-4.9.3.jar at spark://localhost:38357/jars/org.antlr_antlr4-runtime-4.9.3.jar with timestamp 1715289314264
[2024-05-09T21:15:15.548+0000] {docker.py:413} INFO - 24/05/09 21:15:15 INFO SparkContext: Added JAR file:///opt/bitnami/spark/.ivy2/jars/com.amazonaws_aws-java-sdk-bundle-1.12.367.jar at spark://localhost:38357/jars/com.amazonaws_aws-java-sdk-bundle-1.12.367.jar with timestamp 1715289314264
[2024-05-09T21:15:15.548+0000] {docker.py:413} INFO - 24/05/09 21:15:15 INFO SparkContext: Added JAR file:///opt/bitnami/spark/.ivy2/jars/org.wildfly.openssl_wildfly-openssl-1.1.3.Final.jar at spark://localhost:38357/jars/org.wildfly.openssl_wildfly-openssl-1.1.3.Final.jar with timestamp 1715289314264
[2024-05-09T21:15:15.552+0000] {docker.py:413} INFO - 24/05/09 21:15:15 INFO SparkContext: Added file file:///opt/bitnami/spark/.ivy2/jars/io.delta_delta-core_2.12-2.4.0.jar at file:///opt/bitnami/spark/.ivy2/jars/io.delta_delta-core_2.12-2.4.0.jar with timestamp 1715289314264
[2024-05-09T21:15:15.556+0000] {docker.py:413} INFO - 24/05/09 21:15:15 INFO Utils: Copying /opt/bitnami/spark/.ivy2/jars/io.delta_delta-core_2.12-2.4.0.jar to /tmp/spark-1c782870-1e87-4b92-8171-0c1ca7675e8b/userFiles-3b4e238a-6fc8-4f12-b1e8-f14d095d3e35/io.delta_delta-core_2.12-2.4.0.jar
[2024-05-09T21:15:15.570+0000] {docker.py:413} INFO - 24/05/09 21:15:15 INFO SparkContext: Added file file:///opt/bitnami/spark/.ivy2/jars/org.apache.hadoop_hadoop-aws-3.3.6.jar at file:///opt/bitnami/spark/.ivy2/jars/org.apache.hadoop_hadoop-aws-3.3.6.jar with timestamp 1715289314264
[2024-05-09T21:15:15.571+0000] {docker.py:413} INFO - 24/05/09 21:15:15 INFO Utils: Copying /opt/bitnami/spark/.ivy2/jars/org.apache.hadoop_hadoop-aws-3.3.6.jar to /tmp/spark-1c782870-1e87-4b92-8171-0c1ca7675e8b/userFiles-3b4e238a-6fc8-4f12-b1e8-f14d095d3e35/org.apache.hadoop_hadoop-aws-3.3.6.jar
[2024-05-09T21:15:15.576+0000] {docker.py:413} INFO - 24/05/09 21:15:15 INFO SparkContext: Added file file:///opt/bitnami/spark/.ivy2/jars/io.delta_delta-storage-2.4.0.jar at file:///opt/bitnami/spark/.ivy2/jars/io.delta_delta-storage-2.4.0.jar with timestamp 1715289314264
[2024-05-09T21:15:15.576+0000] {docker.py:413} INFO - 24/05/09 21:15:15 INFO Utils: Copying /opt/bitnami/spark/.ivy2/jars/io.delta_delta-storage-2.4.0.jar to /tmp/spark-1c782870-1e87-4b92-8171-0c1ca7675e8b/userFiles-3b4e238a-6fc8-4f12-b1e8-f14d095d3e35/io.delta_delta-storage-2.4.0.jar
[2024-05-09T21:15:15.581+0000] {docker.py:413} INFO - 24/05/09 21:15:15 INFO SparkContext: Added file file:///opt/bitnami/spark/.ivy2/jars/org.antlr_antlr4-runtime-4.9.3.jar at file:///opt/bitnami/spark/.ivy2/jars/org.antlr_antlr4-runtime-4.9.3.jar with timestamp 1715289314264
[2024-05-09T21:15:15.582+0000] {docker.py:413} INFO - 24/05/09 21:15:15 INFO Utils: Copying /opt/bitnami/spark/.ivy2/jars/org.antlr_antlr4-runtime-4.9.3.jar to /tmp/spark-1c782870-1e87-4b92-8171-0c1ca7675e8b/userFiles-3b4e238a-6fc8-4f12-b1e8-f14d095d3e35/org.antlr_antlr4-runtime-4.9.3.jar
[2024-05-09T21:15:15.587+0000] {docker.py:413} INFO - 24/05/09 21:15:15 INFO SparkContext: Added file file:///opt/bitnami/spark/.ivy2/jars/com.amazonaws_aws-java-sdk-bundle-1.12.367.jar at file:///opt/bitnami/spark/.ivy2/jars/com.amazonaws_aws-java-sdk-bundle-1.12.367.jar with timestamp 1715289314264
[2024-05-09T21:15:15.587+0000] {docker.py:413} INFO - 24/05/09 21:15:15 INFO Utils: Copying /opt/bitnami/spark/.ivy2/jars/com.amazonaws_aws-java-sdk-bundle-1.12.367.jar to /tmp/spark-1c782870-1e87-4b92-8171-0c1ca7675e8b/userFiles-3b4e238a-6fc8-4f12-b1e8-f14d095d3e35/com.amazonaws_aws-java-sdk-bundle-1.12.367.jar
[2024-05-09T21:15:15.854+0000] {docker.py:413} INFO - 24/05/09 21:15:15 INFO SparkContext: Added file file:///opt/bitnami/spark/.ivy2/jars/org.wildfly.openssl_wildfly-openssl-1.1.3.Final.jar at file:///opt/bitnami/spark/.ivy2/jars/org.wildfly.openssl_wildfly-openssl-1.1.3.Final.jar with timestamp 1715289314264
[2024-05-09T21:15:15.854+0000] {docker.py:413} INFO - 24/05/09 21:15:15 INFO Utils: Copying /opt/bitnami/spark/.ivy2/jars/org.wildfly.openssl_wildfly-openssl-1.1.3.Final.jar to /tmp/spark-1c782870-1e87-4b92-8171-0c1ca7675e8b/userFiles-3b4e238a-6fc8-4f12-b1e8-f14d095d3e35/org.wildfly.openssl_wildfly-openssl-1.1.3.Final.jar
[2024-05-09T21:15:15.956+0000] {docker.py:413} INFO - 24/05/09 21:15:15 INFO Executor: Starting executor ID driver on host localhost
[2024-05-09T21:15:15.966+0000] {docker.py:413} INFO - 24/05/09 21:15:15 INFO Executor: Starting executor with user classpath (userClassPathFirst = false): ''
[2024-05-09T21:15:15.984+0000] {docker.py:413} INFO - 24/05/09 21:15:15 INFO Executor: Fetching file:///opt/bitnami/spark/.ivy2/jars/org.apache.hadoop_hadoop-aws-3.3.6.jar with timestamp 1715289314264
[2024-05-09T21:15:16.016+0000] {docker.py:413} INFO - 24/05/09 21:15:16 INFO Utils: /opt/bitnami/spark/.ivy2/jars/org.apache.hadoop_hadoop-aws-3.3.6.jar has been previously copied to /tmp/spark-1c782870-1e87-4b92-8171-0c1ca7675e8b/userFiles-3b4e238a-6fc8-4f12-b1e8-f14d095d3e35/org.apache.hadoop_hadoop-aws-3.3.6.jar
[2024-05-09T21:15:16.022+0000] {docker.py:413} INFO - 24/05/09 21:15:16 INFO Executor: Fetching file:///opt/bitnami/spark/.ivy2/jars/io.delta_delta-core_2.12-2.4.0.jar with timestamp 1715289314264
[2024-05-09T21:15:16.029+0000] {docker.py:413} INFO - 24/05/09 21:15:16 INFO Utils: /opt/bitnami/spark/.ivy2/jars/io.delta_delta-core_2.12-2.4.0.jar has been previously copied to /tmp/spark-1c782870-1e87-4b92-8171-0c1ca7675e8b/userFiles-3b4e238a-6fc8-4f12-b1e8-f14d095d3e35/io.delta_delta-core_2.12-2.4.0.jar
[2024-05-09T21:15:16.033+0000] {docker.py:413} INFO - 24/05/09 21:15:16 INFO Executor: Fetching file:///opt/bitnami/spark/.ivy2/jars/io.delta_delta-storage-2.4.0.jar with timestamp 1715289314264
[2024-05-09T21:15:16.034+0000] {docker.py:413} INFO - 24/05/09 21:15:16 INFO Utils: /opt/bitnami/spark/.ivy2/jars/io.delta_delta-storage-2.4.0.jar has been previously copied to /tmp/spark-1c782870-1e87-4b92-8171-0c1ca7675e8b/userFiles-3b4e238a-6fc8-4f12-b1e8-f14d095d3e35/io.delta_delta-storage-2.4.0.jar
[2024-05-09T21:15:16.039+0000] {docker.py:413} INFO - 24/05/09 21:15:16 INFO Executor: Fetching file:///opt/bitnami/spark/.ivy2/jars/org.antlr_antlr4-runtime-4.9.3.jar with timestamp 1715289314264
[2024-05-09T21:15:16.040+0000] {docker.py:413} INFO - 24/05/09 21:15:16 INFO Utils: /opt/bitnami/spark/.ivy2/jars/org.antlr_antlr4-runtime-4.9.3.jar has been previously copied to /tmp/spark-1c782870-1e87-4b92-8171-0c1ca7675e8b/userFiles-3b4e238a-6fc8-4f12-b1e8-f14d095d3e35/org.antlr_antlr4-runtime-4.9.3.jar
[2024-05-09T21:15:16.044+0000] {docker.py:413} INFO - 24/05/09 21:15:16 INFO Executor: Fetching file:///opt/bitnami/spark/.ivy2/jars/org.wildfly.openssl_wildfly-openssl-1.1.3.Final.jar with timestamp 1715289314264
[2024-05-09T21:15:16.046+0000] {docker.py:413} INFO - 24/05/09 21:15:16 INFO Utils: /opt/bitnami/spark/.ivy2/jars/org.wildfly.openssl_wildfly-openssl-1.1.3.Final.jar has been previously copied to /tmp/spark-1c782870-1e87-4b92-8171-0c1ca7675e8b/userFiles-3b4e238a-6fc8-4f12-b1e8-f14d095d3e35/org.wildfly.openssl_wildfly-openssl-1.1.3.Final.jar
[2024-05-09T21:15:16.051+0000] {docker.py:413} INFO - 24/05/09 21:15:16 INFO Executor: Fetching file:///opt/bitnami/spark/.ivy2/jars/com.amazonaws_aws-java-sdk-bundle-1.12.367.jar with timestamp 1715289314264
[2024-05-09T21:15:16.289+0000] {docker.py:413} INFO - 24/05/09 21:15:16 INFO Utils: /opt/bitnami/spark/.ivy2/jars/com.amazonaws_aws-java-sdk-bundle-1.12.367.jar has been previously copied to /tmp/spark-1c782870-1e87-4b92-8171-0c1ca7675e8b/userFiles-3b4e238a-6fc8-4f12-b1e8-f14d095d3e35/com.amazonaws_aws-java-sdk-bundle-1.12.367.jar
[2024-05-09T21:15:16.305+0000] {docker.py:413} INFO - 24/05/09 21:15:16 INFO Executor: Fetching spark://localhost:38357/jars/org.apache.hadoop_hadoop-aws-3.3.6.jar with timestamp 1715289314264
[2024-05-09T21:15:16.353+0000] {docker.py:413} INFO - 24/05/09 21:15:16 INFO TransportClientFactory: Successfully created connection to localhost/127.0.0.1:38357 after 32 ms (0 ms spent in bootstraps)
[2024-05-09T21:15:16.363+0000] {docker.py:413} INFO - 24/05/09 21:15:16 INFO Utils: Fetching spark://localhost:38357/jars/org.apache.hadoop_hadoop-aws-3.3.6.jar to /tmp/spark-1c782870-1e87-4b92-8171-0c1ca7675e8b/userFiles-3b4e238a-6fc8-4f12-b1e8-f14d095d3e35/fetchFileTemp14401720596154805597.tmp
[2024-05-09T21:15:16.394+0000] {docker.py:413} INFO - 24/05/09 21:15:16 INFO Utils: /tmp/spark-1c782870-1e87-4b92-8171-0c1ca7675e8b/userFiles-3b4e238a-6fc8-4f12-b1e8-f14d095d3e35/fetchFileTemp14401720596154805597.tmp has been previously copied to /tmp/spark-1c782870-1e87-4b92-8171-0c1ca7675e8b/userFiles-3b4e238a-6fc8-4f12-b1e8-f14d095d3e35/org.apache.hadoop_hadoop-aws-3.3.6.jar
[2024-05-09T21:15:16.398+0000] {docker.py:413} INFO - 24/05/09 21:15:16 INFO Executor: Adding file:/tmp/spark-1c782870-1e87-4b92-8171-0c1ca7675e8b/userFiles-3b4e238a-6fc8-4f12-b1e8-f14d095d3e35/org.apache.hadoop_hadoop-aws-3.3.6.jar to class loader
[2024-05-09T21:15:16.399+0000] {docker.py:413} INFO - 24/05/09 21:15:16 INFO Executor: Fetching spark://localhost:38357/jars/io.delta_delta-core_2.12-2.4.0.jar with timestamp 1715289314264
[2024-05-09T21:15:16.400+0000] {docker.py:413} INFO - 24/05/09 21:15:16 INFO Utils: Fetching spark://localhost:38357/jars/io.delta_delta-core_2.12-2.4.0.jar to /tmp/spark-1c782870-1e87-4b92-8171-0c1ca7675e8b/userFiles-3b4e238a-6fc8-4f12-b1e8-f14d095d3e35/fetchFileTemp11307753132582951360.tmp
[2024-05-09T21:15:16.451+0000] {docker.py:413} INFO - 24/05/09 21:15:16 INFO Utils: /tmp/spark-1c782870-1e87-4b92-8171-0c1ca7675e8b/userFiles-3b4e238a-6fc8-4f12-b1e8-f14d095d3e35/fetchFileTemp11307753132582951360.tmp has been previously copied to /tmp/spark-1c782870-1e87-4b92-8171-0c1ca7675e8b/userFiles-3b4e238a-6fc8-4f12-b1e8-f14d095d3e35/io.delta_delta-core_2.12-2.4.0.jar
[2024-05-09T21:15:16.457+0000] {docker.py:413} INFO - 24/05/09 21:15:16 INFO Executor: Adding file:/tmp/spark-1c782870-1e87-4b92-8171-0c1ca7675e8b/userFiles-3b4e238a-6fc8-4f12-b1e8-f14d095d3e35/io.delta_delta-core_2.12-2.4.0.jar to class loader
[2024-05-09T21:15:16.457+0000] {docker.py:413} INFO - 24/05/09 21:15:16 INFO Executor: Fetching spark://localhost:38357/jars/com.amazonaws_aws-java-sdk-bundle-1.12.367.jar with timestamp 1715289314264
[2024-05-09T21:15:16.458+0000] {docker.py:413} INFO - 24/05/09 21:15:16 INFO Utils: Fetching spark://localhost:38357/jars/com.amazonaws_aws-java-sdk-bundle-1.12.367.jar to /tmp/spark-1c782870-1e87-4b92-8171-0c1ca7675e8b/userFiles-3b4e238a-6fc8-4f12-b1e8-f14d095d3e35/fetchFileTemp10055419043600234628.tmp
[2024-05-09T21:15:18.276+0000] {docker.py:413} INFO - 24/05/09 21:15:18 INFO Utils: /tmp/spark-1c782870-1e87-4b92-8171-0c1ca7675e8b/userFiles-3b4e238a-6fc8-4f12-b1e8-f14d095d3e35/fetchFileTemp10055419043600234628.tmp has been previously copied to /tmp/spark-1c782870-1e87-4b92-8171-0c1ca7675e8b/userFiles-3b4e238a-6fc8-4f12-b1e8-f14d095d3e35/com.amazonaws_aws-java-sdk-bundle-1.12.367.jar
[2024-05-09T21:15:18.332+0000] {docker.py:413} INFO - 24/05/09 21:15:18 INFO Executor: Adding file:/tmp/spark-1c782870-1e87-4b92-8171-0c1ca7675e8b/userFiles-3b4e238a-6fc8-4f12-b1e8-f14d095d3e35/com.amazonaws_aws-java-sdk-bundle-1.12.367.jar to class loader
[2024-05-09T21:15:18.333+0000] {docker.py:413} INFO - 24/05/09 21:15:18 INFO Executor: Fetching spark://localhost:38357/jars/org.wildfly.openssl_wildfly-openssl-1.1.3.Final.jar with timestamp 1715289314264
[2024-05-09T21:15:18.333+0000] {docker.py:413} INFO - 24/05/09 21:15:18 INFO Utils: Fetching spark://localhost:38357/jars/org.wildfly.openssl_wildfly-openssl-1.1.3.Final.jar to /tmp/spark-1c782870-1e87-4b92-8171-0c1ca7675e8b/userFiles-3b4e238a-6fc8-4f12-b1e8-f14d095d3e35/fetchFileTemp2032167245808118053.tmp
[2024-05-09T21:15:18.337+0000] {docker.py:413} INFO - 24/05/09 21:15:18 INFO Utils: /tmp/spark-1c782870-1e87-4b92-8171-0c1ca7675e8b/userFiles-3b4e238a-6fc8-4f12-b1e8-f14d095d3e35/fetchFileTemp2032167245808118053.tmp has been previously copied to /tmp/spark-1c782870-1e87-4b92-8171-0c1ca7675e8b/userFiles-3b4e238a-6fc8-4f12-b1e8-f14d095d3e35/org.wildfly.openssl_wildfly-openssl-1.1.3.Final.jar
[2024-05-09T21:15:18.341+0000] {docker.py:413} INFO - 24/05/09 21:15:18 INFO Executor: Adding file:/tmp/spark-1c782870-1e87-4b92-8171-0c1ca7675e8b/userFiles-3b4e238a-6fc8-4f12-b1e8-f14d095d3e35/org.wildfly.openssl_wildfly-openssl-1.1.3.Final.jar to class loader
[2024-05-09T21:15:18.341+0000] {docker.py:413} INFO - 24/05/09 21:15:18 INFO Executor: Fetching spark://localhost:38357/jars/org.antlr_antlr4-runtime-4.9.3.jar with timestamp 1715289314264
[2024-05-09T21:15:18.342+0000] {docker.py:413} INFO - 24/05/09 21:15:18 INFO Utils: Fetching spark://localhost:38357/jars/org.antlr_antlr4-runtime-4.9.3.jar to /tmp/spark-1c782870-1e87-4b92-8171-0c1ca7675e8b/userFiles-3b4e238a-6fc8-4f12-b1e8-f14d095d3e35/fetchFileTemp11091353626815669773.tmp
[2024-05-09T21:15:18.347+0000] {docker.py:413} INFO - 24/05/09 21:15:18 INFO Utils: /tmp/spark-1c782870-1e87-4b92-8171-0c1ca7675e8b/userFiles-3b4e238a-6fc8-4f12-b1e8-f14d095d3e35/fetchFileTemp11091353626815669773.tmp has been previously copied to /tmp/spark-1c782870-1e87-4b92-8171-0c1ca7675e8b/userFiles-3b4e238a-6fc8-4f12-b1e8-f14d095d3e35/org.antlr_antlr4-runtime-4.9.3.jar
[2024-05-09T21:15:18.351+0000] {docker.py:413} INFO - 24/05/09 21:15:18 INFO Executor: Adding file:/tmp/spark-1c782870-1e87-4b92-8171-0c1ca7675e8b/userFiles-3b4e238a-6fc8-4f12-b1e8-f14d095d3e35/org.antlr_antlr4-runtime-4.9.3.jar to class loader
[2024-05-09T21:15:18.351+0000] {docker.py:413} INFO - 24/05/09 21:15:18 INFO Executor: Fetching spark://localhost:38357/jars/io.delta_delta-storage-2.4.0.jar with timestamp 1715289314264
[2024-05-09T21:15:18.352+0000] {docker.py:413} INFO - 24/05/09 21:15:18 INFO Utils: Fetching spark://localhost:38357/jars/io.delta_delta-storage-2.4.0.jar to /tmp/spark-1c782870-1e87-4b92-8171-0c1ca7675e8b/userFiles-3b4e238a-6fc8-4f12-b1e8-f14d095d3e35/fetchFileTemp9257714070147172014.tmp
[2024-05-09T21:15:18.354+0000] {docker.py:413} INFO - 24/05/09 21:15:18 INFO Utils: /tmp/spark-1c782870-1e87-4b92-8171-0c1ca7675e8b/userFiles-3b4e238a-6fc8-4f12-b1e8-f14d095d3e35/fetchFileTemp9257714070147172014.tmp has been previously copied to /tmp/spark-1c782870-1e87-4b92-8171-0c1ca7675e8b/userFiles-3b4e238a-6fc8-4f12-b1e8-f14d095d3e35/io.delta_delta-storage-2.4.0.jar
[2024-05-09T21:15:18.358+0000] {docker.py:413} INFO - 24/05/09 21:15:18 INFO Executor: Adding file:/tmp/spark-1c782870-1e87-4b92-8171-0c1ca7675e8b/userFiles-3b4e238a-6fc8-4f12-b1e8-f14d095d3e35/io.delta_delta-storage-2.4.0.jar to class loader
[2024-05-09T21:15:18.367+0000] {docker.py:413} INFO - 24/05/09 21:15:18 INFO Utils: Successfully started service 'org.apache.spark.network.netty.NettyBlockTransferService' on port 39347.
[2024-05-09T21:15:18.368+0000] {docker.py:413} INFO - 24/05/09 21:15:18 INFO NettyBlockTransferService: Server created on localhost:39347
[2024-05-09T21:15:18.370+0000] {docker.py:413} INFO - 24/05/09 21:15:18 INFO BlockManager: Using org.apache.spark.storage.RandomBlockReplicationPolicy for block replication policy
[2024-05-09T21:15:18.378+0000] {docker.py:413} INFO - 24/05/09 21:15:18 INFO BlockManagerMaster: Registering BlockManager BlockManagerId(driver, localhost, 39347, None)
[2024-05-09T21:15:18.382+0000] {docker.py:413} INFO - 24/05/09 21:15:18 INFO BlockManagerMasterEndpoint: Registering block manager localhost:39347 with 434.4 MiB RAM, BlockManagerId(driver, localhost, 39347, None)
[2024-05-09T21:15:18.385+0000] {docker.py:413} INFO - 24/05/09 21:15:18 INFO BlockManagerMaster: Registered BlockManager BlockManagerId(driver, localhost, 39347, None)
[2024-05-09T21:15:18.386+0000] {docker.py:413} INFO - 24/05/09 21:15:18 INFO BlockManager: Initialized BlockManager: BlockManagerId(driver, localhost, 39347, None)
[2024-05-09T21:15:23.975+0000] {docker.py:413} INFO - root
 |-- firstname: string (nullable = true)
 |-- middlename: string (nullable = true)
 |-- lastname: string (nullable = true)
 |-- id: string (nullable = true)
 |-- gender: string (nullable = true)
 |-- salary: integer (nullable = true)
[2024-05-09T21:15:28.592+0000] {docker.py:413} INFO - +---------+----------+--------+-----+------+------+
|firstname|middlename|lastname|id   |gender|salary|
+---------+----------+--------+-----+------+------+
|James    |          |Smith   |36636|M     |3000  |
|Michael  |Rose      |        |40288|M     |4000  |
|Robert   |          |Williams|42114|M     |4000  |
|Maria    |Anne      |Jones   |39192|F     |4000  |
|Jen      |Mary      |Brown   |     |F     |-1    |
+---------+----------+--------+-----+------+------+
[2024-05-09T21:15:29.342+0000] {taskinstance.py:1400} INFO - Marking task as SUCCESS. dag_id=pyspark_dag, task_id=pyspark_minio, execution_date=20240509T211312, start_date=20240509T211327, end_date=20240509T211529
[2024-05-09T21:15:29.399+0000] {local_task_job_runner.py:228} INFO - Task exited with return code 0
[2024-05-09T21:15:29.416+0000] {taskinstance.py:2778} INFO - 0 downstream tasks scheduled from follow-on schedule check
