[2024-05-09T23:37:20.931+0000] {taskinstance.py:1159} INFO - Dependencies all met for dep_context=non-requeueable deps ti=<TaskInstance: pyspark_dag.pyspark_minio manual__2024-05-09T23:37:18.585373+00:00 [queued]>
[2024-05-09T23:37:20.944+0000] {taskinstance.py:1159} INFO - Dependencies all met for dep_context=requeueable deps ti=<TaskInstance: pyspark_dag.pyspark_minio manual__2024-05-09T23:37:18.585373+00:00 [queued]>
[2024-05-09T23:37:20.944+0000] {taskinstance.py:1361} INFO - Starting attempt 1 of 2
[2024-05-09T23:37:20.964+0000] {taskinstance.py:1382} INFO - Executing <Task(DockerOperator): pyspark_minio> on 2024-05-09 23:37:18.585373+00:00
[2024-05-09T23:37:20.976+0000] {standard_task_runner.py:57} INFO - Started process 11346 to run task
[2024-05-09T23:37:20.979+0000] {standard_task_runner.py:84} INFO - Running: ['***', 'tasks', 'run', 'pyspark_dag', 'pyspark_minio', 'manual__2024-05-09T23:37:18.585373+00:00', '--job-id', '71', '--raw', '--subdir', 'DAGS_FOLDER/dag_spark.py', '--cfg-path', '/tmp/tmpksay1y8l']
[2024-05-09T23:37:20.982+0000] {standard_task_runner.py:85} INFO - Job 71: Subtask pyspark_minio
[2024-05-09T23:37:21.033+0000] {task_command.py:416} INFO - Running <TaskInstance: pyspark_dag.pyspark_minio manual__2024-05-09T23:37:18.585373+00:00 [running]> on host b2123672b907
[2024-05-09T23:37:21.140+0000] {taskinstance.py:1662} INFO - Exporting env vars: AIRFLOW_CTX_DAG_OWNER='***' AIRFLOW_CTX_DAG_ID='pyspark_dag' AIRFLOW_CTX_TASK_ID='pyspark_minio' AIRFLOW_CTX_EXECUTION_DATE='2024-05-09T23:37:18.585373+00:00' AIRFLOW_CTX_TRY_NUMBER='1' AIRFLOW_CTX_DAG_RUN_ID='manual__2024-05-09T23:37:18.585373+00:00'
[2024-05-09T23:37:21.170+0000] {docker.py:343} INFO - Starting docker container from image wba-demo/spark:latest
[2024-05-09T23:37:21.175+0000] {docker.py:351} WARNING - Using remote engine or docker-in-docker and mounting temporary volume from host is not supported. Falling back to `mount_tmp_dir=False` mode. You can set `mount_tmp_dir` parameter to False to disable mounting and remove the warning
[2024-05-09T23:37:21.645+0000] {docker.py:413} INFO - [38;5;6mspark [38;5;5m23:37:21.64 [0m[38;5;2mINFO [0m ==>
[2024-05-09T23:37:21.646+0000] {docker.py:413} INFO - [38;5;6mspark [38;5;5m23:37:21.64 [0m[38;5;2mINFO [0m ==> [1mWelcome to the Bitnami spark container[0m
[2024-05-09T23:37:21.648+0000] {docker.py:413} INFO - [38;5;6mspark [38;5;5m23:37:21.64 [0m[38;5;2mINFO [0m ==> Subscribe to project updates by watching [1mhttps://github.com/bitnami/containers[0m
[2024-05-09T23:37:21.649+0000] {docker.py:413} INFO - [38;5;6mspark [38;5;5m23:37:21.64 [0m[38;5;2mINFO [0m ==> Submit issues and feature requests at [1mhttps://github.com/bitnami/containers/issues[0m
[2024-05-09T23:37:21.652+0000] {docker.py:413} INFO - [38;5;6mspark [38;5;5m23:37:21.65 [0m[38;5;2mINFO [0m ==>
[2024-05-09T23:37:21.659+0000] {docker.py:413} INFO - 
[2024-05-09T23:37:24.909+0000] {docker.py:413} INFO - :: loading settings :: url = jar:file:/opt/bitnami/spark/jars/ivy-2.5.1.jar!/org/apache/ivy/core/settings/ivysettings.xml
[2024-05-09T23:37:25.042+0000] {docker.py:413} INFO - Ivy Default Cache set to: /opt/bitnami/spark/.ivy2/cache
The jars for the packages stored in: /opt/bitnami/spark/.ivy2/jars
[2024-05-09T23:37:25.058+0000] {docker.py:413} INFO - io.delta#delta-core_2.12 added as a dependency
org.apache.hadoop#hadoop-aws added as a dependency
[2024-05-09T23:37:25.060+0000] {docker.py:413} INFO - :: resolving dependencies :: org.apache.spark#spark-submit-parent-788b2640-fe18-4cd0-83d2-fadc4fc5c404;1.0
[2024-05-09T23:37:25.060+0000] {docker.py:413} INFO - confs: [default]
[2024-05-09T23:37:27.470+0000] {docker.py:413} INFO - found io.delta#delta-core_2.12;2.4.0 in central
[2024-05-09T23:37:28.047+0000] {docker.py:413} INFO - found io.delta#delta-storage;2.4.0 in central
[2024-05-09T23:37:31.427+0000] {docker.py:413} INFO - found org.antlr#antlr4-runtime;4.9.3 in central
[2024-05-09T23:37:36.192+0000] {docker.py:413} INFO - found org.apache.hadoop#hadoop-aws;3.3.6 in central
[2024-05-09T23:37:38.589+0000] {docker.py:413} INFO - found com.amazonaws#aws-java-sdk-bundle;1.12.367 in central
[2024-05-09T23:37:42.610+0000] {docker.py:413} INFO - found org.wildfly.openssl#wildfly-openssl;1.1.3.Final in central
[2024-05-09T23:37:42.869+0000] {docker.py:413} INFO - downloading https://repo1.maven.org/maven2/io/delta/delta-core_2.12/2.4.0/delta-core_2.12-2.4.0.jar ...
[2024-05-09T23:37:47.057+0000] {docker.py:413} INFO - [SUCCESSFUL ] io.delta#delta-core_2.12;2.4.0!delta-core_2.12.jar (4411ms)
[2024-05-09T23:37:47.281+0000] {docker.py:413} INFO - downloading https://repo1.maven.org/maven2/org/apache/hadoop/hadoop-aws/3.3.6/hadoop-aws-3.3.6.jar ...
[2024-05-09T23:37:47.950+0000] {docker.py:413} INFO - [SUCCESSFUL ] org.apache.hadoop#hadoop-aws;3.3.6!hadoop-aws.jar (891ms)
[2024-05-09T23:37:48.173+0000] {docker.py:413} INFO - downloading https://repo1.maven.org/maven2/io/delta/delta-storage/2.4.0/delta-storage-2.4.0.jar ...
[2024-05-09T23:37:48.406+0000] {docker.py:413} INFO - [SUCCESSFUL ] io.delta#delta-storage;2.4.0!delta-storage.jar (449ms)
[2024-05-09T23:37:48.631+0000] {docker.py:413} INFO - downloading https://repo1.maven.org/maven2/org/antlr/antlr4-runtime/4.9.3/antlr4-runtime-4.9.3.jar ...
[2024-05-09T23:37:49.004+0000] {docker.py:413} INFO - [SUCCESSFUL ] org.antlr#antlr4-runtime;4.9.3!antlr4-runtime.jar (593ms)
[2024-05-09T23:37:49.226+0000] {docker.py:413} INFO - downloading https://repo1.maven.org/maven2/com/amazonaws/aws-java-sdk-bundle/1.12.367/aws-java-sdk-bundle-1.12.367.jar ...
[2024-05-09T23:39:10.593+0000] {docker.py:413} INFO - [SUCCESSFUL ] com.amazonaws#aws-java-sdk-bundle;1.12.367!aws-java-sdk-bundle.jar (81585ms)
[2024-05-09T23:39:10.814+0000] {docker.py:413} INFO - downloading https://repo1.maven.org/maven2/org/wildfly/openssl/wildfly-openssl/1.1.3.Final/wildfly-openssl-1.1.3.Final.jar ...
[2024-05-09T23:39:11.129+0000] {docker.py:413} INFO - [SUCCESSFUL ] org.wildfly.openssl#wildfly-openssl;1.1.3.Final!wildfly-openssl.jar (533ms)
[2024-05-09T23:39:11.130+0000] {docker.py:413} INFO - :: resolution report :: resolve 17588ms :: artifacts dl 88488ms
[2024-05-09T23:39:11.131+0000] {docker.py:413} INFO - :: modules in use:
[2024-05-09T23:39:11.132+0000] {docker.py:413} INFO - com.amazonaws#aws-java-sdk-bundle;1.12.367 from central in [default]
[2024-05-09T23:39:11.132+0000] {docker.py:413} INFO - io.delta#delta-core_2.12;2.4.0 from central in [default]
	io.delta#delta-storage;2.4.0 from central in [default]
[2024-05-09T23:39:11.133+0000] {docker.py:413} INFO - org.antlr#antlr4-runtime;4.9.3 from central in [default]
[2024-05-09T23:39:11.133+0000] {docker.py:413} INFO - org.apache.hadoop#hadoop-aws;3.3.6 from central in [default]
	org.wildfly.openssl#wildfly-openssl;1.1.3.Final from central in [default]
[2024-05-09T23:39:11.134+0000] {docker.py:413} INFO - ---------------------------------------------------------------------
	|                  |            modules            ||   artifacts   |
[2024-05-09T23:39:11.134+0000] {docker.py:413} INFO - |       conf       | number| search|dwnlded|evicted|| number|dwnlded|
	---------------------------------------------------------------------
[2024-05-09T23:39:11.135+0000] {docker.py:413} INFO - |      default     |   6   |   6   |   6   |   0   ||   6   |   6   |
	---------------------------------------------------------------------
[2024-05-09T23:39:11.142+0000] {docker.py:413} INFO - :: retrieving :: org.apache.spark#spark-submit-parent-788b2640-fe18-4cd0-83d2-fadc4fc5c404
	confs: [default]
[2024-05-09T23:39:11.441+0000] {docker.py:413} INFO - 6 artifacts copied, 0 already retrieved (309034kB/300ms)
[2024-05-09T23:39:11.869+0000] {docker.py:413} INFO - 24/05/09 23:39:11 WARN NativeCodeLoader: Unable to load native-hadoop library for your platform... using builtin-java classes where applicable
[2024-05-09T23:39:13.695+0000] {docker.py:413} INFO - 24/05/09 23:39:13 INFO SparkContext: Running Spark version 3.4.1
[2024-05-09T23:39:13.747+0000] {docker.py:413} INFO - 24/05/09 23:39:13 INFO ResourceUtils: ==============================================================
[2024-05-09T23:39:13.748+0000] {docker.py:413} INFO - 24/05/09 23:39:13 INFO ResourceUtils: No custom resources configured for spark.driver.
[2024-05-09T23:39:13.749+0000] {docker.py:413} INFO - 24/05/09 23:39:13 INFO ResourceUtils: ==============================================================
[2024-05-09T23:39:13.750+0000] {docker.py:413} INFO - 24/05/09 23:39:13 INFO SparkContext: Submitted application: CSV File to Delta Lake Table
[2024-05-09T23:39:13.781+0000] {docker.py:413} INFO - 24/05/09 23:39:13 INFO ResourceProfile: Default ResourceProfile created, executor resources: Map(cores -> name: cores, amount: 1, script: , vendor: , memory -> name: memory, amount: 1024, script: , vendor: , offHeap -> name: offHeap, amount: 0, script: , vendor: ), task resources: Map(cpus -> name: cpus, amount: 1.0)
[2024-05-09T23:39:13.803+0000] {docker.py:413} INFO - 24/05/09 23:39:13 INFO ResourceProfile: Limiting resource is cpu
[2024-05-09T23:39:13.805+0000] {docker.py:413} INFO - 24/05/09 23:39:13 INFO ResourceProfileManager: Added ResourceProfile id: 0
[2024-05-09T23:39:13.911+0000] {docker.py:413} INFO - 24/05/09 23:39:13 INFO SecurityManager: Changing view acls to: spark
[2024-05-09T23:39:13.912+0000] {docker.py:413} INFO - 24/05/09 23:39:13 INFO SecurityManager: Changing modify acls to: spark
[2024-05-09T23:39:13.913+0000] {docker.py:413} INFO - 24/05/09 23:39:13 INFO SecurityManager: Changing view acls groups to:
[2024-05-09T23:39:13.914+0000] {docker.py:413} INFO - 24/05/09 23:39:13 INFO SecurityManager: Changing modify acls groups to:
[2024-05-09T23:39:13.915+0000] {docker.py:413} INFO - 24/05/09 23:39:13 INFO SecurityManager: SecurityManager: authentication disabled; ui acls disabled; users with view permissions: spark; groups with view permissions: EMPTY; users with modify permissions: spark; groups with modify permissions: EMPTY
[2024-05-09T23:39:14.458+0000] {docker.py:413} INFO - 24/05/09 23:39:14 INFO Utils: Successfully started service 'sparkDriver' on port 33819.
[2024-05-09T23:39:14.553+0000] {docker.py:413} INFO - 24/05/09 23:39:14 INFO SparkEnv: Registering MapOutputTracker
[2024-05-09T23:39:14.682+0000] {docker.py:413} INFO - 24/05/09 23:39:14 INFO SparkEnv: Registering BlockManagerMaster
[2024-05-09T23:39:14.722+0000] {docker.py:413} INFO - 24/05/09 23:39:14 INFO BlockManagerMasterEndpoint: Using org.apache.spark.storage.DefaultTopologyMapper for getting topology information
[2024-05-09T23:39:14.723+0000] {docker.py:413} INFO - 24/05/09 23:39:14 INFO BlockManagerMasterEndpoint: BlockManagerMasterEndpoint up
[2024-05-09T23:39:14.729+0000] {docker.py:413} INFO - 24/05/09 23:39:14 INFO SparkEnv: Registering BlockManagerMasterHeartbeat
[2024-05-09T23:39:14.769+0000] {docker.py:413} INFO - 24/05/09 23:39:14 INFO DiskBlockManager: Created local directory at /tmp/blockmgr-2d83d534-b601-4d13-bc25-1aff9d07fba7
[2024-05-09T23:39:14.789+0000] {docker.py:413} INFO - 24/05/09 23:39:14 INFO MemoryStore: MemoryStore started with capacity 434.4 MiB
[2024-05-09T23:39:14.807+0000] {docker.py:413} INFO - 24/05/09 23:39:14 INFO SparkEnv: Registering OutputCommitCoordinator
[2024-05-09T23:39:14.998+0000] {docker.py:413} INFO - 24/05/09 23:39:14 INFO JettyUtils: Start Jetty 0.0.0.0:4040 for SparkUI
[2024-05-09T23:39:15.118+0000] {docker.py:413} INFO - 24/05/09 23:39:15 INFO Utils: Successfully started service 'SparkUI' on port 4040.
[2024-05-09T23:39:15.170+0000] {docker.py:413} INFO - 24/05/09 23:39:15 INFO SparkContext: Added JAR file:///opt/bitnami/spark/.ivy2/jars/io.delta_delta-core_2.12-2.4.0.jar at spark://localhost:33819/jars/io.delta_delta-core_2.12-2.4.0.jar with timestamp 1715297953679
[2024-05-09T23:39:15.171+0000] {docker.py:413} INFO - 24/05/09 23:39:15 INFO SparkContext: Added JAR file:///opt/bitnami/spark/.ivy2/jars/org.apache.hadoop_hadoop-aws-3.3.6.jar at spark://localhost:33819/jars/org.apache.hadoop_hadoop-aws-3.3.6.jar with timestamp 1715297953679
[2024-05-09T23:39:15.171+0000] {docker.py:413} INFO - 24/05/09 23:39:15 INFO SparkContext: Added JAR file:///opt/bitnami/spark/.ivy2/jars/io.delta_delta-storage-2.4.0.jar at spark://localhost:33819/jars/io.delta_delta-storage-2.4.0.jar with timestamp 1715297953679
[2024-05-09T23:39:15.172+0000] {docker.py:413} INFO - 24/05/09 23:39:15 INFO SparkContext: Added JAR file:///opt/bitnami/spark/.ivy2/jars/org.antlr_antlr4-runtime-4.9.3.jar at spark://localhost:33819/jars/org.antlr_antlr4-runtime-4.9.3.jar with timestamp 1715297953679
[2024-05-09T23:39:15.172+0000] {docker.py:413} INFO - 24/05/09 23:39:15 INFO SparkContext: Added JAR file:///opt/bitnami/spark/.ivy2/jars/com.amazonaws_aws-java-sdk-bundle-1.12.367.jar at spark://localhost:33819/jars/com.amazonaws_aws-java-sdk-bundle-1.12.367.jar with timestamp 1715297953679
[2024-05-09T23:39:15.173+0000] {docker.py:413} INFO - 24/05/09 23:39:15 INFO SparkContext: Added JAR file:///opt/bitnami/spark/.ivy2/jars/org.wildfly.openssl_wildfly-openssl-1.1.3.Final.jar at spark://localhost:33819/jars/org.wildfly.openssl_wildfly-openssl-1.1.3.Final.jar with timestamp 1715297953679
[2024-05-09T23:39:15.176+0000] {docker.py:413} INFO - 24/05/09 23:39:15 INFO SparkContext: Added file file:///opt/bitnami/spark/.ivy2/jars/io.delta_delta-core_2.12-2.4.0.jar at file:///opt/bitnami/spark/.ivy2/jars/io.delta_delta-core_2.12-2.4.0.jar with timestamp 1715297953679
[2024-05-09T23:39:15.178+0000] {docker.py:413} INFO - 24/05/09 23:39:15 INFO Utils: Copying /opt/bitnami/spark/.ivy2/jars/io.delta_delta-core_2.12-2.4.0.jar to /tmp/spark-dbe55534-1999-41ee-b00c-d31ada312b5e/userFiles-371d63fd-1ce0-453d-98e9-a95eedec404e/io.delta_delta-core_2.12-2.4.0.jar
[2024-05-09T23:39:15.193+0000] {docker.py:413} INFO - 24/05/09 23:39:15 INFO SparkContext: Added file file:///opt/bitnami/spark/.ivy2/jars/org.apache.hadoop_hadoop-aws-3.3.6.jar at file:///opt/bitnami/spark/.ivy2/jars/org.apache.hadoop_hadoop-aws-3.3.6.jar with timestamp 1715297953679
[2024-05-09T23:39:15.193+0000] {docker.py:413} INFO - 24/05/09 23:39:15 INFO Utils: Copying /opt/bitnami/spark/.ivy2/jars/org.apache.hadoop_hadoop-aws-3.3.6.jar to /tmp/spark-dbe55534-1999-41ee-b00c-d31ada312b5e/userFiles-371d63fd-1ce0-453d-98e9-a95eedec404e/org.apache.hadoop_hadoop-aws-3.3.6.jar
[2024-05-09T23:39:15.198+0000] {docker.py:413} INFO - 24/05/09 23:39:15 INFO SparkContext: Added file file:///opt/bitnami/spark/.ivy2/jars/io.delta_delta-storage-2.4.0.jar at file:///opt/bitnami/spark/.ivy2/jars/io.delta_delta-storage-2.4.0.jar with timestamp 1715297953679
[2024-05-09T23:39:15.199+0000] {docker.py:413} INFO - 24/05/09 23:39:15 INFO Utils: Copying /opt/bitnami/spark/.ivy2/jars/io.delta_delta-storage-2.4.0.jar to /tmp/spark-dbe55534-1999-41ee-b00c-d31ada312b5e/userFiles-371d63fd-1ce0-453d-98e9-a95eedec404e/io.delta_delta-storage-2.4.0.jar
[2024-05-09T23:39:15.205+0000] {docker.py:413} INFO - 24/05/09 23:39:15 INFO SparkContext: Added file file:///opt/bitnami/spark/.ivy2/jars/org.antlr_antlr4-runtime-4.9.3.jar at file:///opt/bitnami/spark/.ivy2/jars/org.antlr_antlr4-runtime-4.9.3.jar with timestamp 1715297953679
24/05/09 23:39:15 INFO Utils: Copying /opt/bitnami/spark/.ivy2/jars/org.antlr_antlr4-runtime-4.9.3.jar to /tmp/spark-dbe55534-1999-41ee-b00c-d31ada312b5e/userFiles-371d63fd-1ce0-453d-98e9-a95eedec404e/org.antlr_antlr4-runtime-4.9.3.jar
[2024-05-09T23:39:15.210+0000] {docker.py:413} INFO - 24/05/09 23:39:15 INFO SparkContext: Added file file:///opt/bitnami/spark/.ivy2/jars/com.amazonaws_aws-java-sdk-bundle-1.12.367.jar at file:///opt/bitnami/spark/.ivy2/jars/com.amazonaws_aws-java-sdk-bundle-1.12.367.jar with timestamp 1715297953679
[2024-05-09T23:39:15.211+0000] {docker.py:413} INFO - 24/05/09 23:39:15 INFO Utils: Copying /opt/bitnami/spark/.ivy2/jars/com.amazonaws_aws-java-sdk-bundle-1.12.367.jar to /tmp/spark-dbe55534-1999-41ee-b00c-d31ada312b5e/userFiles-371d63fd-1ce0-453d-98e9-a95eedec404e/com.amazonaws_aws-java-sdk-bundle-1.12.367.jar
[2024-05-09T23:39:15.435+0000] {docker.py:413} INFO - 24/05/09 23:39:15 INFO SparkContext: Added file file:///opt/bitnami/spark/.ivy2/jars/org.wildfly.openssl_wildfly-openssl-1.1.3.Final.jar at file:///opt/bitnami/spark/.ivy2/jars/org.wildfly.openssl_wildfly-openssl-1.1.3.Final.jar with timestamp 1715297953679
[2024-05-09T23:39:15.436+0000] {docker.py:413} INFO - 24/05/09 23:39:15 INFO Utils: Copying /opt/bitnami/spark/.ivy2/jars/org.wildfly.openssl_wildfly-openssl-1.1.3.Final.jar to /tmp/spark-dbe55534-1999-41ee-b00c-d31ada312b5e/userFiles-371d63fd-1ce0-453d-98e9-a95eedec404e/org.wildfly.openssl_wildfly-openssl-1.1.3.Final.jar
[2024-05-09T23:39:15.582+0000] {docker.py:413} INFO - 24/05/09 23:39:15 INFO Executor: Starting executor ID driver on host localhost
[2024-05-09T23:39:15.600+0000] {docker.py:413} INFO - 24/05/09 23:39:15 INFO Executor: Starting executor with user classpath (userClassPathFirst = false): ''
[2024-05-09T23:39:15.618+0000] {docker.py:413} INFO - 24/05/09 23:39:15 INFO Executor: Fetching file:///opt/bitnami/spark/.ivy2/jars/org.apache.hadoop_hadoop-aws-3.3.6.jar with timestamp 1715297953679
[2024-05-09T23:39:15.645+0000] {docker.py:413} INFO - 24/05/09 23:39:15 INFO Utils: /opt/bitnami/spark/.ivy2/jars/org.apache.hadoop_hadoop-aws-3.3.6.jar has been previously copied to /tmp/spark-dbe55534-1999-41ee-b00c-d31ada312b5e/userFiles-371d63fd-1ce0-453d-98e9-a95eedec404e/org.apache.hadoop_hadoop-aws-3.3.6.jar
[2024-05-09T23:39:15.650+0000] {docker.py:413} INFO - 24/05/09 23:39:15 INFO Executor: Fetching file:///opt/bitnami/spark/.ivy2/jars/io.delta_delta-core_2.12-2.4.0.jar with timestamp 1715297953679
[2024-05-09T23:39:15.655+0000] {docker.py:413} INFO - 24/05/09 23:39:15 INFO Utils: /opt/bitnami/spark/.ivy2/jars/io.delta_delta-core_2.12-2.4.0.jar has been previously copied to /tmp/spark-dbe55534-1999-41ee-b00c-d31ada312b5e/userFiles-371d63fd-1ce0-453d-98e9-a95eedec404e/io.delta_delta-core_2.12-2.4.0.jar
[2024-05-09T23:39:15.660+0000] {docker.py:413} INFO - 24/05/09 23:39:15 INFO Executor: Fetching file:///opt/bitnami/spark/.ivy2/jars/io.delta_delta-storage-2.4.0.jar with timestamp 1715297953679
[2024-05-09T23:39:15.661+0000] {docker.py:413} INFO - 24/05/09 23:39:15 INFO Utils: /opt/bitnami/spark/.ivy2/jars/io.delta_delta-storage-2.4.0.jar has been previously copied to /tmp/spark-dbe55534-1999-41ee-b00c-d31ada312b5e/userFiles-371d63fd-1ce0-453d-98e9-a95eedec404e/io.delta_delta-storage-2.4.0.jar
[2024-05-09T23:39:15.666+0000] {docker.py:413} INFO - 24/05/09 23:39:15 INFO Executor: Fetching file:///opt/bitnami/spark/.ivy2/jars/org.antlr_antlr4-runtime-4.9.3.jar with timestamp 1715297953679
[2024-05-09T23:39:15.667+0000] {docker.py:413} INFO - 24/05/09 23:39:15 INFO Utils: /opt/bitnami/spark/.ivy2/jars/org.antlr_antlr4-runtime-4.9.3.jar has been previously copied to /tmp/spark-dbe55534-1999-41ee-b00c-d31ada312b5e/userFiles-371d63fd-1ce0-453d-98e9-a95eedec404e/org.antlr_antlr4-runtime-4.9.3.jar
[2024-05-09T23:39:15.673+0000] {docker.py:413} INFO - 24/05/09 23:39:15 INFO Executor: Fetching file:///opt/bitnami/spark/.ivy2/jars/org.wildfly.openssl_wildfly-openssl-1.1.3.Final.jar with timestamp 1715297953679
[2024-05-09T23:39:15.674+0000] {docker.py:413} INFO - 24/05/09 23:39:15 INFO Utils: /opt/bitnami/spark/.ivy2/jars/org.wildfly.openssl_wildfly-openssl-1.1.3.Final.jar has been previously copied to /tmp/spark-dbe55534-1999-41ee-b00c-d31ada312b5e/userFiles-371d63fd-1ce0-453d-98e9-a95eedec404e/org.wildfly.openssl_wildfly-openssl-1.1.3.Final.jar
[2024-05-09T23:39:15.680+0000] {docker.py:413} INFO - 24/05/09 23:39:15 INFO Executor: Fetching file:///opt/bitnami/spark/.ivy2/jars/com.amazonaws_aws-java-sdk-bundle-1.12.367.jar with timestamp 1715297953679
[2024-05-09T23:39:16.016+0000] {docker.py:413} INFO - 24/05/09 23:39:16 INFO Utils: /opt/bitnami/spark/.ivy2/jars/com.amazonaws_aws-java-sdk-bundle-1.12.367.jar has been previously copied to /tmp/spark-dbe55534-1999-41ee-b00c-d31ada312b5e/userFiles-371d63fd-1ce0-453d-98e9-a95eedec404e/com.amazonaws_aws-java-sdk-bundle-1.12.367.jar
[2024-05-09T23:39:16.032+0000] {docker.py:413} INFO - 24/05/09 23:39:16 INFO Executor: Fetching spark://localhost:33819/jars/org.apache.hadoop_hadoop-aws-3.3.6.jar with timestamp 1715297953679
[2024-05-09T23:39:16.129+0000] {docker.py:413} INFO - 24/05/09 23:39:16 INFO TransportClientFactory: Successfully created connection to localhost/127.0.0.1:33819 after 71 ms (0 ms spent in bootstraps)
[2024-05-09T23:39:16.142+0000] {docker.py:413} INFO - 24/05/09 23:39:16 INFO Utils: Fetching spark://localhost:33819/jars/org.apache.hadoop_hadoop-aws-3.3.6.jar to /tmp/spark-dbe55534-1999-41ee-b00c-d31ada312b5e/userFiles-371d63fd-1ce0-453d-98e9-a95eedec404e/fetchFileTemp4730415932060128760.tmp
[2024-05-09T23:39:16.182+0000] {docker.py:413} INFO - 24/05/09 23:39:16 INFO Utils: /tmp/spark-dbe55534-1999-41ee-b00c-d31ada312b5e/userFiles-371d63fd-1ce0-453d-98e9-a95eedec404e/fetchFileTemp4730415932060128760.tmp has been previously copied to /tmp/spark-dbe55534-1999-41ee-b00c-d31ada312b5e/userFiles-371d63fd-1ce0-453d-98e9-a95eedec404e/org.apache.hadoop_hadoop-aws-3.3.6.jar
[2024-05-09T23:39:16.194+0000] {docker.py:413} INFO - 24/05/09 23:39:16 INFO Executor: Adding file:/tmp/spark-dbe55534-1999-41ee-b00c-d31ada312b5e/userFiles-371d63fd-1ce0-453d-98e9-a95eedec404e/org.apache.hadoop_hadoop-aws-3.3.6.jar to class loader
[2024-05-09T23:39:16.195+0000] {docker.py:413} INFO - 24/05/09 23:39:16 INFO Executor: Fetching spark://localhost:33819/jars/io.delta_delta-storage-2.4.0.jar with timestamp 1715297953679
[2024-05-09T23:39:16.195+0000] {docker.py:413} INFO - 24/05/09 23:39:16 INFO Utils: Fetching spark://localhost:33819/jars/io.delta_delta-storage-2.4.0.jar to /tmp/spark-dbe55534-1999-41ee-b00c-d31ada312b5e/userFiles-371d63fd-1ce0-453d-98e9-a95eedec404e/fetchFileTemp18131035269306764958.tmp
[2024-05-09T23:39:16.218+0000] {docker.py:413} INFO - 24/05/09 23:39:16 INFO Utils: /tmp/spark-dbe55534-1999-41ee-b00c-d31ada312b5e/userFiles-371d63fd-1ce0-453d-98e9-a95eedec404e/fetchFileTemp18131035269306764958.tmp has been previously copied to /tmp/spark-dbe55534-1999-41ee-b00c-d31ada312b5e/userFiles-371d63fd-1ce0-453d-98e9-a95eedec404e/io.delta_delta-storage-2.4.0.jar
[2024-05-09T23:39:16.229+0000] {docker.py:413} INFO - 24/05/09 23:39:16 INFO Executor: Adding file:/tmp/spark-dbe55534-1999-41ee-b00c-d31ada312b5e/userFiles-371d63fd-1ce0-453d-98e9-a95eedec404e/io.delta_delta-storage-2.4.0.jar to class loader
[2024-05-09T23:39:16.229+0000] {docker.py:413} INFO - 24/05/09 23:39:16 INFO Executor: Fetching spark://localhost:33819/jars/com.amazonaws_aws-java-sdk-bundle-1.12.367.jar with timestamp 1715297953679
[2024-05-09T23:39:16.230+0000] {docker.py:413} INFO - 24/05/09 23:39:16 INFO Utils: Fetching spark://localhost:33819/jars/com.amazonaws_aws-java-sdk-bundle-1.12.367.jar to /tmp/spark-dbe55534-1999-41ee-b00c-d31ada312b5e/userFiles-371d63fd-1ce0-453d-98e9-a95eedec404e/fetchFileTemp3521348271139264296.tmp
[2024-05-09T23:39:18.607+0000] {docker.py:413} INFO - 24/05/09 23:39:18 INFO Utils: /tmp/spark-dbe55534-1999-41ee-b00c-d31ada312b5e/userFiles-371d63fd-1ce0-453d-98e9-a95eedec404e/fetchFileTemp3521348271139264296.tmp has been previously copied to /tmp/spark-dbe55534-1999-41ee-b00c-d31ada312b5e/userFiles-371d63fd-1ce0-453d-98e9-a95eedec404e/com.amazonaws_aws-java-sdk-bundle-1.12.367.jar
[2024-05-09T23:39:18.708+0000] {docker.py:413} INFO - 24/05/09 23:39:18 INFO Executor: Adding file:/tmp/spark-dbe55534-1999-41ee-b00c-d31ada312b5e/userFiles-371d63fd-1ce0-453d-98e9-a95eedec404e/com.amazonaws_aws-java-sdk-bundle-1.12.367.jar to class loader
[2024-05-09T23:39:18.708+0000] {docker.py:413} INFO - 24/05/09 23:39:18 INFO Executor: Fetching spark://localhost:33819/jars/org.wildfly.openssl_wildfly-openssl-1.1.3.Final.jar with timestamp 1715297953679
[2024-05-09T23:39:18.710+0000] {docker.py:413} INFO - 24/05/09 23:39:18 INFO Utils: Fetching spark://localhost:33819/jars/org.wildfly.openssl_wildfly-openssl-1.1.3.Final.jar to /tmp/spark-dbe55534-1999-41ee-b00c-d31ada312b5e/userFiles-371d63fd-1ce0-453d-98e9-a95eedec404e/fetchFileTemp14311419285047145203.tmp
[2024-05-09T23:39:18.716+0000] {docker.py:413} INFO - 24/05/09 23:39:18 INFO Utils: /tmp/spark-dbe55534-1999-41ee-b00c-d31ada312b5e/userFiles-371d63fd-1ce0-453d-98e9-a95eedec404e/fetchFileTemp14311419285047145203.tmp has been previously copied to /tmp/spark-dbe55534-1999-41ee-b00c-d31ada312b5e/userFiles-371d63fd-1ce0-453d-98e9-a95eedec404e/org.wildfly.openssl_wildfly-openssl-1.1.3.Final.jar
[2024-05-09T23:39:18.721+0000] {docker.py:413} INFO - 24/05/09 23:39:18 INFO Executor: Adding file:/tmp/spark-dbe55534-1999-41ee-b00c-d31ada312b5e/userFiles-371d63fd-1ce0-453d-98e9-a95eedec404e/org.wildfly.openssl_wildfly-openssl-1.1.3.Final.jar to class loader
[2024-05-09T23:39:18.722+0000] {docker.py:413} INFO - 24/05/09 23:39:18 INFO Executor: Fetching spark://localhost:33819/jars/io.delta_delta-core_2.12-2.4.0.jar with timestamp 1715297953679
[2024-05-09T23:39:18.724+0000] {docker.py:413} INFO - 24/05/09 23:39:18 INFO Utils: Fetching spark://localhost:33819/jars/io.delta_delta-core_2.12-2.4.0.jar to /tmp/spark-dbe55534-1999-41ee-b00c-d31ada312b5e/userFiles-371d63fd-1ce0-453d-98e9-a95eedec404e/fetchFileTemp10244756502829522856.tmp
[2024-05-09T23:39:18.764+0000] {docker.py:413} INFO - 24/05/09 23:39:18 INFO Utils: /tmp/spark-dbe55534-1999-41ee-b00c-d31ada312b5e/userFiles-371d63fd-1ce0-453d-98e9-a95eedec404e/fetchFileTemp10244756502829522856.tmp has been previously copied to /tmp/spark-dbe55534-1999-41ee-b00c-d31ada312b5e/userFiles-371d63fd-1ce0-453d-98e9-a95eedec404e/io.delta_delta-core_2.12-2.4.0.jar
[2024-05-09T23:39:18.772+0000] {docker.py:413} INFO - 24/05/09 23:39:18 INFO Executor: Adding file:/tmp/spark-dbe55534-1999-41ee-b00c-d31ada312b5e/userFiles-371d63fd-1ce0-453d-98e9-a95eedec404e/io.delta_delta-core_2.12-2.4.0.jar to class loader
[2024-05-09T23:39:18.772+0000] {docker.py:413} INFO - 24/05/09 23:39:18 INFO Executor: Fetching spark://localhost:33819/jars/org.antlr_antlr4-runtime-4.9.3.jar with timestamp 1715297953679
[2024-05-09T23:39:18.773+0000] {docker.py:413} INFO - 24/05/09 23:39:18 INFO Utils: Fetching spark://localhost:33819/jars/org.antlr_antlr4-runtime-4.9.3.jar to /tmp/spark-dbe55534-1999-41ee-b00c-d31ada312b5e/userFiles-371d63fd-1ce0-453d-98e9-a95eedec404e/fetchFileTemp386217643308797181.tmp
[2024-05-09T23:39:18.780+0000] {docker.py:413} INFO - 24/05/09 23:39:18 INFO Utils: /tmp/spark-dbe55534-1999-41ee-b00c-d31ada312b5e/userFiles-371d63fd-1ce0-453d-98e9-a95eedec404e/fetchFileTemp386217643308797181.tmp has been previously copied to /tmp/spark-dbe55534-1999-41ee-b00c-d31ada312b5e/userFiles-371d63fd-1ce0-453d-98e9-a95eedec404e/org.antlr_antlr4-runtime-4.9.3.jar
[2024-05-09T23:39:18.787+0000] {docker.py:413} INFO - 24/05/09 23:39:18 INFO Executor: Adding file:/tmp/spark-dbe55534-1999-41ee-b00c-d31ada312b5e/userFiles-371d63fd-1ce0-453d-98e9-a95eedec404e/org.antlr_antlr4-runtime-4.9.3.jar to class loader
[2024-05-09T23:39:18.792+0000] {docker.py:413} INFO - 24/05/09 23:39:18 INFO Utils: Successfully started service 'org.apache.spark.network.netty.NettyBlockTransferService' on port 41485.
[2024-05-09T23:39:18.792+0000] {docker.py:413} INFO - 24/05/09 23:39:18 INFO NettyBlockTransferService: Server created on localhost:41485
[2024-05-09T23:39:18.797+0000] {docker.py:413} INFO - 24/05/09 23:39:18 INFO BlockManager: Using org.apache.spark.storage.RandomBlockReplicationPolicy for block replication policy
[2024-05-09T23:39:18.812+0000] {docker.py:413} INFO - 24/05/09 23:39:18 INFO BlockManagerMaster: Registering BlockManager BlockManagerId(driver, localhost, 41485, None)
[2024-05-09T23:39:18.824+0000] {docker.py:413} INFO - 24/05/09 23:39:18 INFO BlockManagerMasterEndpoint: Registering block manager localhost:41485 with 434.4 MiB RAM, BlockManagerId(driver, localhost, 41485, None)
[2024-05-09T23:39:18.829+0000] {docker.py:413} INFO - 24/05/09 23:39:18 INFO BlockManagerMaster: Registered BlockManager BlockManagerId(driver, localhost, 41485, None)
[2024-05-09T23:39:18.836+0000] {docker.py:413} INFO - 24/05/09 23:39:18 INFO BlockManager: Initialized BlockManager: BlockManagerId(driver, localhost, 41485, None)
[2024-05-09T23:39:24.391+0000] {docker.py:413} INFO - root
 |-- firstname: string (nullable = true)
 |-- middlename: string (nullable = true)
 |-- lastname: string (nullable = true)
 |-- id: string (nullable = true)
 |-- gender: string (nullable = true)
 |-- salary: integer (nullable = true)
[2024-05-09T23:39:27.967+0000] {docker.py:413} INFO - +---------+----------+--------+-----+------+------+
|firstname|middlename|lastname|id   |gender|salary|
+---------+----------+--------+-----+------+------+
|James    |          |Smith   |36636|M     |3000  |
|Michael  |Rose      |        |40288|M     |4000  |
|Robert   |          |Williams|42114|M     |4000  |
|Maria    |Anne      |Jones   |39192|F     |4000  |
|Jen      |Mary      |Brown   |     |F     |-1    |
+---------+----------+--------+-----+------+------+
[2024-05-09T23:39:31.035+0000] {docker.py:413} INFO - +-----+---------------+----------+---------+------+--------------------+--------------------+-------------+--------------------+
|Index|        User Id|First Name|Last Name|   Sex|               Email|               Phone|Date of birth|           Job Title|
+-----+---------------+----------+---------+------+--------------------+--------------------+-------------+--------------------+
|    1|88F7B33d2bcf9f5|    Shelby|  Terrell|  Male|elijah57@example.net|001-084-906-7849x...|   1945-10-26|     Games developer|
|    2|f90cD3E76f1A9b9|   Phillip|  Summers|Female|bethany14@example...|   214.112.6044x4913|   1910-03-24|      Phytotherapist|
|    3|DbeAb8CcdfeFC2c|  Kristine|   Travis|  Male|bthompson@example...|        277.609.7938|   1992-07-02|           Homeopath|
|    4|A31Bee3c201ef58|   Yesenia| Martinez|  Male|kaitlinkaiser@exa...|        584.094.6111|   2017-08-03|   Market researcher|
|    5|1bA7A3dc874da3c|      Lori|     Todd|  Male|buchananmanuel@ex...|   689-207-3558x7233|   1938-12-01|  Veterinary surgeon|
|    6|bfDD7CDEF5D865B|      Erin|      Day|  Male| tconner@example.org|001-171-649-9856x...|   2015-10-28|Waste management ...|
|    7|bE9EEf34cB72AF7| Katherine|     Buck|Female|conniecowan@examp...|+1-773-151-6685x4...|   1989-01-22|Intelligence analyst|
|    8|2EFC6A4e77FaEaC|   Ricardo|   Hinton|  Male|wyattbishop@examp...|001-447-699-7998x...|   1924-03-26|      Hydrogeologist|
|    9|baDcC4DeefD8dEB|      Dave|  Farrell|  Male| nmccann@example.net|  603-428-2429x27392|   2018-10-06|              Lawyer|
|   10|8e4FB470FE19bF0|    Isaiah|    Downs|  Male|virginiaterrell@e...|+1-511-372-1544x8206|   1964-09-20|      Engineer, site|
|   11|BF0BbA03C29Bb3b|    Sheila|     Ross|Female|huangcathy@exampl...|        895.881.4746|   2008-03-20|Advertising accou...|
|   12|F738c69fB34E62E|     Stacy|   Newton|  Male|rayleroy@example.org|  710.673.3213x80335|   1980-10-20|       Warden/ranger|
|   13|C03fDADdAadAdCe|     Mandy|    Blake|  Male|jefferynoble@exam...|  (992)466-1305x4947|   2007-12-08|Scientist, clinic...|
|   14|b759b74BD1dE80d|   Bridget|     Nash|Female|mercedes44@exampl...|       (216)627-8359|   2004-06-28|       Social worker|
|   15|1F0B7D65A00DAF9|   Crystal|   Farmer|  Male|pmiranda@example.org|     +1-024-377-5391|   1992-03-09|Agricultural cons...|
|   16|50Bb061cB30B461|    Thomas|   Knight|Female|braunpriscilla@ex...|     +1-360-880-0766|   2006-02-18|Sport and exercis...|
|   17|D6dbA5308fEC4BC|   Maurice|   Rangel|  Male|sheenabanks@examp...|       (246)187-4969|   2004-08-20|Secretary/adminis...|
|   18|311D775990f066d|     Frank|  Meadows|  Male| gbrewer@example.org|   429.965.3902x4447|   2008-09-16|Audiological scie...|
|   19|7F7E1BAcb0C9AFf|     Alvin|     Paul|  Male|gilbertdonaldson@...|  219.436.0887x07551|   1949-05-12|Teacher, adult ed...|
|   20|88473e15D5c3cD0|     Jared| Mitchell|Female| jcortez@example.com|     +1-958-849-6781|   1921-01-18|    Paediatric nurse|
+-----+---------------+----------+---------+------+--------------------+--------------------+-------------+--------------------+
only showing top 20 rows
[2024-05-09T23:39:51.436+0000] {taskinstance.py:1400} INFO - Marking task as SUCCESS. dag_id=pyspark_dag, task_id=pyspark_minio, execution_date=20240509T233718, start_date=20240509T233720, end_date=20240509T233951
[2024-05-09T23:39:51.490+0000] {local_task_job_runner.py:228} INFO - Task exited with return code 0
[2024-05-09T23:39:51.509+0000] {taskinstance.py:2778} INFO - 0 downstream tasks scheduled from follow-on schedule check
