[2024-05-10T20:16:07.989+0000] {taskinstance.py:1171} INFO - Dependencies all met for <TaskInstance: pyspark_airflow_demo_dag.fin manual__2024-05-10T20:13:38.860170+00:00 [queued]>
[2024-05-10T20:16:08.006+0000] {taskinstance.py:1171} INFO - Dependencies all met for <TaskInstance: pyspark_airflow_demo_dag.fin manual__2024-05-10T20:13:38.860170+00:00 [queued]>
[2024-05-10T20:16:08.006+0000] {taskinstance.py:1368} INFO - 
--------------------------------------------------------------------------------
[2024-05-10T20:16:08.007+0000] {taskinstance.py:1369} INFO - Starting attempt 1 of 1
[2024-05-10T20:16:08.007+0000] {taskinstance.py:1370} INFO - 
--------------------------------------------------------------------------------
[2024-05-10T20:16:08.025+0000] {taskinstance.py:1389} INFO - Executing <Task(BashOperator): fin> on 2024-05-10 20:13:38.860170+00:00
[2024-05-10T20:16:08.029+0000] {standard_task_runner.py:52} INFO - Started process 370 to run task
[2024-05-10T20:16:08.034+0000] {standard_task_runner.py:79} INFO - Running: ['***', 'tasks', 'run', 'pyspark_***_demo_dag', 'fin', 'manual__2024-05-10T20:13:38.860170+00:00', '--job-id', '19', '--raw', '--subdir', 'DAGS_FOLDER/insert_data.py', '--cfg-path', '/tmp/tmpltgmnzve', '--error-file', '/tmp/tmp27rw53bu']
[2024-05-10T20:16:08.036+0000] {standard_task_runner.py:80} INFO - Job 19: Subtask fin
[2024-05-10T20:16:08.124+0000] {task_command.py:371} INFO - Running <TaskInstance: pyspark_airflow_demo_dag.fin manual__2024-05-10T20:13:38.860170+00:00 [running]> on host 7d056acab3c4
[2024-05-10T20:16:08.220+0000] {taskinstance.py:1583} INFO - Exporting the following env vars:
AIRFLOW_CTX_DAG_OWNER=***
AIRFLOW_CTX_DAG_ID=pyspark_***_demo_dag
AIRFLOW_CTX_TASK_ID=fin
AIRFLOW_CTX_EXECUTION_DATE=2024-05-10T20:13:38.860170+00:00
AIRFLOW_CTX_TRY_NUMBER=1
AIRFLOW_CTX_DAG_RUN_ID=manual__2024-05-10T20:13:38.860170+00:00
[2024-05-10T20:16:08.222+0000] {subprocess.py:62} INFO - Tmp dir root location: 
 /tmp
[2024-05-10T20:16:08.224+0000] {subprocess.py:74} INFO - Running command: ['/bin/bash', '-c', 'echo completed']
[2024-05-10T20:16:08.236+0000] {subprocess.py:85} INFO - Output:
[2024-05-10T20:16:08.240+0000] {subprocess.py:92} INFO - completed
[2024-05-10T20:16:08.242+0000] {subprocess.py:96} INFO - Command exited with return code 0
[2024-05-10T20:16:08.501+0000] {taskinstance.py:1412} INFO - Marking task as SUCCESS. dag_id=pyspark_***_demo_dag, task_id=fin, execution_date=20240510T201338, start_date=20240510T201607, end_date=20240510T201608
[2024-05-10T20:16:08.540+0000] {local_task_job.py:156} INFO - Task exited with return code 0
[2024-05-10T20:16:08.581+0000] {local_task_job.py:279} INFO - 0 downstream tasks scheduled from follow-on schedule check
