[2024-05-10T19:48:11.905+0000] {taskinstance.py:1171} INFO - Dependencies all met for <TaskInstance: pyspark_airflow_demo_dag.greeting manual__2024-05-10T19:47:51.583396+00:00 [queued]>
[2024-05-10T19:48:11.917+0000] {taskinstance.py:1171} INFO - Dependencies all met for <TaskInstance: pyspark_airflow_demo_dag.greeting manual__2024-05-10T19:47:51.583396+00:00 [queued]>
[2024-05-10T19:48:11.918+0000] {taskinstance.py:1368} INFO - 
--------------------------------------------------------------------------------
[2024-05-10T19:48:11.918+0000] {taskinstance.py:1369} INFO - Starting attempt 1 of 1
[2024-05-10T19:48:11.918+0000] {taskinstance.py:1370} INFO - 
--------------------------------------------------------------------------------
[2024-05-10T19:48:11.934+0000] {taskinstance.py:1389} INFO - Executing <Task(BashOperator): greeting> on 2024-05-10 19:47:51.583396+00:00
[2024-05-10T19:48:11.938+0000] {standard_task_runner.py:52} INFO - Started process 332 to run task
[2024-05-10T19:48:11.942+0000] {standard_task_runner.py:79} INFO - Running: ['***', 'tasks', 'run', 'pyspark_***_demo_dag', 'greeting', 'manual__2024-05-10T19:47:51.583396+00:00', '--job-id', '8', '--raw', '--subdir', 'DAGS_FOLDER/insert_data.py', '--cfg-path', '/tmp/tmpnasxvlia', '--error-file', '/tmp/tmprla10zka']
[2024-05-10T19:48:11.943+0000] {standard_task_runner.py:80} INFO - Job 8: Subtask greeting
[2024-05-10T19:48:12.017+0000] {task_command.py:371} INFO - Running <TaskInstance: pyspark_airflow_demo_dag.greeting manual__2024-05-10T19:47:51.583396+00:00 [running]> on host b5bbd48d15dd
[2024-05-10T19:48:12.244+0000] {taskinstance.py:1583} INFO - Exporting the following env vars:
AIRFLOW_CTX_DAG_OWNER=***
AIRFLOW_CTX_DAG_ID=pyspark_***_demo_dag
AIRFLOW_CTX_TASK_ID=greeting
AIRFLOW_CTX_EXECUTION_DATE=2024-05-10T19:47:51.583396+00:00
AIRFLOW_CTX_TRY_NUMBER=1
AIRFLOW_CTX_DAG_RUN_ID=manual__2024-05-10T19:47:51.583396+00:00
[2024-05-10T19:48:12.245+0000] {subprocess.py:62} INFO - Tmp dir root location: 
 /tmp
[2024-05-10T19:48:12.246+0000] {subprocess.py:74} INFO - Running command: ['/bin/bash', '-c', 'whoami']
[2024-05-10T19:48:12.256+0000] {subprocess.py:85} INFO - Output:
[2024-05-10T19:48:12.259+0000] {subprocess.py:92} INFO - ***
[2024-05-10T19:48:12.260+0000] {subprocess.py:96} INFO - Command exited with return code 0
[2024-05-10T19:48:12.298+0000] {taskinstance.py:1412} INFO - Marking task as SUCCESS. dag_id=pyspark_***_demo_dag, task_id=greeting, execution_date=20240510T194751, start_date=20240510T194811, end_date=20240510T194812
[2024-05-10T19:48:12.325+0000] {local_task_job.py:156} INFO - Task exited with return code 0
[2024-05-10T19:48:12.370+0000] {local_task_job.py:279} INFO - 1 downstream tasks scheduled from follow-on schedule check
