[2024-05-12T09:00:30.150+0000] {processor.py:153} INFO - Started process (PID=167) to work on /opt/airflow/dags/insert_data.py
[2024-05-12T09:00:30.151+0000] {processor.py:640} INFO - Processing file /opt/airflow/dags/insert_data.py for tasks to queue
[2024-05-12T09:00:30.152+0000] {logging_mixin.py:115} INFO - [2024-05-12T09:00:30.152+0000] {dagbag.py:508} INFO - Filling up the DagBag from /opt/airflow/dags/insert_data.py
[2024-05-12T09:00:30.167+0000] {processor.py:650} INFO - DAG(s) dict_keys(['pyspark_airflow_demo_dag']) retrieved from /opt/airflow/dags/insert_data.py
[2024-05-12T09:00:30.204+0000] {logging_mixin.py:115} INFO - [2024-05-12T09:00:30.204+0000] {dag.py:2429} INFO - Sync 1 DAGs
[2024-05-12T09:00:30.239+0000] {logging_mixin.py:115} INFO - [2024-05-12T09:00:30.239+0000] {dag.py:2981} INFO - Setting next_dagrun for pyspark_airflow_demo_dag to 2024-05-12T08:00:30.238970+00:00, run_after=2024-05-12T09:00:30.238970+00:00
[2024-05-12T09:00:30.252+0000] {processor.py:161} INFO - Processing /opt/airflow/dags/insert_data.py took 0.107 seconds
[2024-05-12T09:01:00.332+0000] {processor.py:153} INFO - Started process (PID=200) to work on /opt/airflow/dags/insert_data.py
[2024-05-12T09:01:00.333+0000] {processor.py:640} INFO - Processing file /opt/airflow/dags/insert_data.py for tasks to queue
[2024-05-12T09:01:00.334+0000] {logging_mixin.py:115} INFO - [2024-05-12T09:01:00.334+0000] {dagbag.py:508} INFO - Filling up the DagBag from /opt/airflow/dags/insert_data.py
[2024-05-12T09:01:00.343+0000] {processor.py:650} INFO - DAG(s) dict_keys(['pyspark_airflow_demo_dag']) retrieved from /opt/airflow/dags/insert_data.py
[2024-05-12T09:01:00.373+0000] {logging_mixin.py:115} INFO - [2024-05-12T09:01:00.373+0000] {dag.py:2429} INFO - Sync 1 DAGs
[2024-05-12T09:01:00.397+0000] {logging_mixin.py:115} INFO - [2024-05-12T09:01:00.396+0000] {dag.py:2981} INFO - Setting next_dagrun for pyspark_airflow_demo_dag to 2024-05-12T08:01:00.396627+00:00, run_after=2024-05-12T09:01:00.396627+00:00
[2024-05-12T09:01:00.408+0000] {processor.py:161} INFO - Processing /opt/airflow/dags/insert_data.py took 0.079 seconds
[2024-05-12T09:01:30.478+0000] {processor.py:153} INFO - Started process (PID=232) to work on /opt/airflow/dags/insert_data.py
[2024-05-12T09:01:30.479+0000] {processor.py:640} INFO - Processing file /opt/airflow/dags/insert_data.py for tasks to queue
[2024-05-12T09:01:30.480+0000] {logging_mixin.py:115} INFO - [2024-05-12T09:01:30.480+0000] {dagbag.py:508} INFO - Filling up the DagBag from /opt/airflow/dags/insert_data.py
[2024-05-12T09:01:30.489+0000] {processor.py:650} INFO - DAG(s) dict_keys(['pyspark_airflow_demo_dag']) retrieved from /opt/airflow/dags/insert_data.py
[2024-05-12T09:01:30.521+0000] {logging_mixin.py:115} INFO - [2024-05-12T09:01:30.521+0000] {dag.py:2429} INFO - Sync 1 DAGs
[2024-05-12T09:01:30.547+0000] {logging_mixin.py:115} INFO - [2024-05-12T09:01:30.547+0000] {dag.py:2981} INFO - Setting next_dagrun for pyspark_airflow_demo_dag to 2024-05-12T08:01:30.546745+00:00, run_after=2024-05-12T09:01:30.546745+00:00
[2024-05-12T09:01:30.562+0000] {processor.py:161} INFO - Processing /opt/airflow/dags/insert_data.py took 0.087 seconds
[2024-05-12T09:02:00.628+0000] {processor.py:153} INFO - Started process (PID=255) to work on /opt/airflow/dags/insert_data.py
[2024-05-12T09:02:00.629+0000] {processor.py:640} INFO - Processing file /opt/airflow/dags/insert_data.py for tasks to queue
[2024-05-12T09:02:00.630+0000] {logging_mixin.py:115} INFO - [2024-05-12T09:02:00.630+0000] {dagbag.py:508} INFO - Filling up the DagBag from /opt/airflow/dags/insert_data.py
[2024-05-12T09:02:00.639+0000] {processor.py:650} INFO - DAG(s) dict_keys(['pyspark_airflow_demo_dag']) retrieved from /opt/airflow/dags/insert_data.py
[2024-05-12T09:02:00.668+0000] {logging_mixin.py:115} INFO - [2024-05-12T09:02:00.668+0000] {dag.py:2429} INFO - Sync 1 DAGs
[2024-05-12T09:02:00.692+0000] {logging_mixin.py:115} INFO - [2024-05-12T09:02:00.691+0000] {dag.py:2981} INFO - Setting next_dagrun for pyspark_airflow_demo_dag to 2024-05-12T08:02:00.691718+00:00, run_after=2024-05-12T09:02:00.691718+00:00
[2024-05-12T09:02:00.704+0000] {processor.py:161} INFO - Processing /opt/airflow/dags/insert_data.py took 0.080 seconds
[2024-05-12T09:02:30.773+0000] {processor.py:153} INFO - Started process (PID=287) to work on /opt/airflow/dags/insert_data.py
[2024-05-12T09:02:30.773+0000] {processor.py:640} INFO - Processing file /opt/airflow/dags/insert_data.py for tasks to queue
[2024-05-12T09:02:30.774+0000] {logging_mixin.py:115} INFO - [2024-05-12T09:02:30.774+0000] {dagbag.py:508} INFO - Filling up the DagBag from /opt/airflow/dags/insert_data.py
[2024-05-12T09:02:30.784+0000] {processor.py:650} INFO - DAG(s) dict_keys(['pyspark_airflow_demo_dag']) retrieved from /opt/airflow/dags/insert_data.py
[2024-05-12T09:02:30.818+0000] {logging_mixin.py:115} INFO - [2024-05-12T09:02:30.818+0000] {dag.py:2429} INFO - Sync 1 DAGs
[2024-05-12T09:02:30.844+0000] {logging_mixin.py:115} INFO - [2024-05-12T09:02:30.844+0000] {dag.py:2981} INFO - Setting next_dagrun for pyspark_airflow_demo_dag to 2024-05-12T08:02:30.844508+00:00, run_after=2024-05-12T09:02:30.844508+00:00
[2024-05-12T09:02:30.858+0000] {processor.py:161} INFO - Processing /opt/airflow/dags/insert_data.py took 0.088 seconds
[2024-05-12T09:03:00.928+0000] {processor.py:153} INFO - Started process (PID=310) to work on /opt/airflow/dags/insert_data.py
[2024-05-12T09:03:00.929+0000] {processor.py:640} INFO - Processing file /opt/airflow/dags/insert_data.py for tasks to queue
[2024-05-12T09:03:00.930+0000] {logging_mixin.py:115} INFO - [2024-05-12T09:03:00.930+0000] {dagbag.py:508} INFO - Filling up the DagBag from /opt/airflow/dags/insert_data.py
[2024-05-12T09:03:00.939+0000] {processor.py:650} INFO - DAG(s) dict_keys(['pyspark_airflow_demo_dag']) retrieved from /opt/airflow/dags/insert_data.py
[2024-05-12T09:03:00.969+0000] {logging_mixin.py:115} INFO - [2024-05-12T09:03:00.969+0000] {dag.py:2429} INFO - Sync 1 DAGs
[2024-05-12T09:03:00.992+0000] {logging_mixin.py:115} INFO - [2024-05-12T09:03:00.992+0000] {dag.py:2981} INFO - Setting next_dagrun for pyspark_airflow_demo_dag to 2024-05-12T08:03:00.991939+00:00, run_after=2024-05-12T09:03:00.991939+00:00
[2024-05-12T09:03:01.003+0000] {processor.py:161} INFO - Processing /opt/airflow/dags/insert_data.py took 0.079 seconds
[2024-05-12T09:03:31.066+0000] {processor.py:153} INFO - Started process (PID=341) to work on /opt/airflow/dags/insert_data.py
[2024-05-12T09:03:31.067+0000] {processor.py:640} INFO - Processing file /opt/airflow/dags/insert_data.py for tasks to queue
[2024-05-12T09:03:31.068+0000] {logging_mixin.py:115} INFO - [2024-05-12T09:03:31.067+0000] {dagbag.py:508} INFO - Filling up the DagBag from /opt/airflow/dags/insert_data.py
[2024-05-12T09:03:31.076+0000] {processor.py:650} INFO - DAG(s) dict_keys(['pyspark_airflow_demo_dag']) retrieved from /opt/airflow/dags/insert_data.py
[2024-05-12T09:03:31.105+0000] {logging_mixin.py:115} INFO - [2024-05-12T09:03:31.105+0000] {dag.py:2429} INFO - Sync 1 DAGs
[2024-05-12T09:03:31.128+0000] {logging_mixin.py:115} INFO - [2024-05-12T09:03:31.128+0000] {dag.py:2981} INFO - Setting next_dagrun for pyspark_airflow_demo_dag to 2024-05-12T08:03:31.128504+00:00, run_after=2024-05-12T09:03:31.128504+00:00
[2024-05-12T09:03:31.143+0000] {processor.py:161} INFO - Processing /opt/airflow/dags/insert_data.py took 0.081 seconds
[2024-05-12T09:04:01.218+0000] {processor.py:153} INFO - Started process (PID=372) to work on /opt/airflow/dags/insert_data.py
[2024-05-12T09:04:01.219+0000] {processor.py:640} INFO - Processing file /opt/airflow/dags/insert_data.py for tasks to queue
[2024-05-12T09:04:01.221+0000] {logging_mixin.py:115} INFO - [2024-05-12T09:04:01.220+0000] {dagbag.py:508} INFO - Filling up the DagBag from /opt/airflow/dags/insert_data.py
[2024-05-12T09:04:01.231+0000] {processor.py:650} INFO - DAG(s) dict_keys(['pyspark_airflow_demo_dag']) retrieved from /opt/airflow/dags/insert_data.py
[2024-05-12T09:04:01.264+0000] {logging_mixin.py:115} INFO - [2024-05-12T09:04:01.264+0000] {dag.py:2429} INFO - Sync 1 DAGs
[2024-05-12T09:04:01.290+0000] {logging_mixin.py:115} INFO - [2024-05-12T09:04:01.289+0000] {dag.py:2981} INFO - Setting next_dagrun for pyspark_airflow_demo_dag to 2024-05-12T08:04:01.289583+00:00, run_after=2024-05-12T09:04:01.289583+00:00
[2024-05-12T09:04:01.308+0000] {processor.py:161} INFO - Processing /opt/airflow/dags/insert_data.py took 0.093 seconds
[2024-05-12T09:04:31.378+0000] {processor.py:153} INFO - Started process (PID=394) to work on /opt/airflow/dags/insert_data.py
[2024-05-12T09:04:31.379+0000] {processor.py:640} INFO - Processing file /opt/airflow/dags/insert_data.py for tasks to queue
[2024-05-12T09:04:31.380+0000] {logging_mixin.py:115} INFO - [2024-05-12T09:04:31.380+0000] {dagbag.py:508} INFO - Filling up the DagBag from /opt/airflow/dags/insert_data.py
[2024-05-12T09:04:31.389+0000] {processor.py:650} INFO - DAG(s) dict_keys(['pyspark_airflow_demo_dag']) retrieved from /opt/airflow/dags/insert_data.py
[2024-05-12T09:04:31.418+0000] {logging_mixin.py:115} INFO - [2024-05-12T09:04:31.418+0000] {dag.py:2429} INFO - Sync 1 DAGs
[2024-05-12T09:04:31.441+0000] {logging_mixin.py:115} INFO - [2024-05-12T09:04:31.441+0000] {dag.py:2981} INFO - Setting next_dagrun for pyspark_airflow_demo_dag to 2024-05-12T08:04:31.440981+00:00, run_after=2024-05-12T09:04:31.440981+00:00
[2024-05-12T09:04:31.452+0000] {processor.py:161} INFO - Processing /opt/airflow/dags/insert_data.py took 0.078 seconds
[2024-05-12T09:05:01.518+0000] {processor.py:153} INFO - Started process (PID=426) to work on /opt/airflow/dags/insert_data.py
[2024-05-12T09:05:01.519+0000] {processor.py:640} INFO - Processing file /opt/airflow/dags/insert_data.py for tasks to queue
[2024-05-12T09:05:01.520+0000] {logging_mixin.py:115} INFO - [2024-05-12T09:05:01.520+0000] {dagbag.py:508} INFO - Filling up the DagBag from /opt/airflow/dags/insert_data.py
[2024-05-12T09:05:01.530+0000] {processor.py:650} INFO - DAG(s) dict_keys(['pyspark_airflow_demo_dag']) retrieved from /opt/airflow/dags/insert_data.py
[2024-05-12T09:05:01.561+0000] {logging_mixin.py:115} INFO - [2024-05-12T09:05:01.561+0000] {dag.py:2429} INFO - Sync 1 DAGs
[2024-05-12T09:05:01.585+0000] {logging_mixin.py:115} INFO - [2024-05-12T09:05:01.585+0000] {dag.py:2981} INFO - Setting next_dagrun for pyspark_airflow_demo_dag to 2024-05-12T08:05:01.585118+00:00, run_after=2024-05-12T09:05:01.585118+00:00
[2024-05-12T09:05:01.598+0000] {processor.py:161} INFO - Processing /opt/airflow/dags/insert_data.py took 0.084 seconds
[2024-05-12T09:05:31.671+0000] {processor.py:153} INFO - Started process (PID=449) to work on /opt/airflow/dags/insert_data.py
[2024-05-12T09:05:31.672+0000] {processor.py:640} INFO - Processing file /opt/airflow/dags/insert_data.py for tasks to queue
[2024-05-12T09:05:31.673+0000] {logging_mixin.py:115} INFO - [2024-05-12T09:05:31.673+0000] {dagbag.py:508} INFO - Filling up the DagBag from /opt/airflow/dags/insert_data.py
[2024-05-12T09:05:31.683+0000] {processor.py:650} INFO - DAG(s) dict_keys(['pyspark_airflow_demo_dag']) retrieved from /opt/airflow/dags/insert_data.py
[2024-05-12T09:05:31.716+0000] {logging_mixin.py:115} INFO - [2024-05-12T09:05:31.716+0000] {dag.py:2429} INFO - Sync 1 DAGs
[2024-05-12T09:05:31.742+0000] {logging_mixin.py:115} INFO - [2024-05-12T09:05:31.742+0000] {dag.py:2981} INFO - Setting next_dagrun for pyspark_airflow_demo_dag to 2024-05-12T08:05:31.742020+00:00, run_after=2024-05-12T09:05:31.742020+00:00
[2024-05-12T09:05:31.758+0000] {processor.py:161} INFO - Processing /opt/airflow/dags/insert_data.py took 0.091 seconds
[2024-05-12T09:06:01.826+0000] {processor.py:153} INFO - Started process (PID=481) to work on /opt/airflow/dags/insert_data.py
[2024-05-12T09:06:01.827+0000] {processor.py:640} INFO - Processing file /opt/airflow/dags/insert_data.py for tasks to queue
[2024-05-12T09:06:01.827+0000] {logging_mixin.py:115} INFO - [2024-05-12T09:06:01.827+0000] {dagbag.py:508} INFO - Filling up the DagBag from /opt/airflow/dags/insert_data.py
[2024-05-12T09:06:01.836+0000] {processor.py:650} INFO - DAG(s) dict_keys(['pyspark_airflow_demo_dag']) retrieved from /opt/airflow/dags/insert_data.py
[2024-05-12T09:06:01.866+0000] {logging_mixin.py:115} INFO - [2024-05-12T09:06:01.866+0000] {dag.py:2429} INFO - Sync 1 DAGs
[2024-05-12T09:06:01.892+0000] {logging_mixin.py:115} INFO - [2024-05-12T09:06:01.891+0000] {dag.py:2981} INFO - Setting next_dagrun for pyspark_airflow_demo_dag to 2024-05-12T08:06:01.891567+00:00, run_after=2024-05-12T09:06:01.891567+00:00
[2024-05-12T09:06:01.905+0000] {processor.py:161} INFO - Processing /opt/airflow/dags/insert_data.py took 0.082 seconds
[2024-05-12T09:06:31.975+0000] {processor.py:153} INFO - Started process (PID=513) to work on /opt/airflow/dags/insert_data.py
[2024-05-12T09:06:31.977+0000] {processor.py:640} INFO - Processing file /opt/airflow/dags/insert_data.py for tasks to queue
[2024-05-12T09:06:31.978+0000] {logging_mixin.py:115} INFO - [2024-05-12T09:06:31.978+0000] {dagbag.py:508} INFO - Filling up the DagBag from /opt/airflow/dags/insert_data.py
[2024-05-12T09:06:31.989+0000] {processor.py:650} INFO - DAG(s) dict_keys(['pyspark_airflow_demo_dag']) retrieved from /opt/airflow/dags/insert_data.py
[2024-05-12T09:06:32.022+0000] {logging_mixin.py:115} INFO - [2024-05-12T09:06:32.022+0000] {dag.py:2429} INFO - Sync 1 DAGs
[2024-05-12T09:06:32.049+0000] {logging_mixin.py:115} INFO - [2024-05-12T09:06:32.049+0000] {dag.py:2981} INFO - Setting next_dagrun for pyspark_airflow_demo_dag to 2024-05-12T08:06:32.048959+00:00, run_after=2024-05-12T09:06:32.048959+00:00
[2024-05-12T09:06:32.061+0000] {processor.py:161} INFO - Processing /opt/airflow/dags/insert_data.py took 0.089 seconds
[2024-05-12T09:07:02.133+0000] {processor.py:153} INFO - Started process (PID=536) to work on /opt/airflow/dags/insert_data.py
[2024-05-12T09:07:02.134+0000] {processor.py:640} INFO - Processing file /opt/airflow/dags/insert_data.py for tasks to queue
[2024-05-12T09:07:02.135+0000] {logging_mixin.py:115} INFO - [2024-05-12T09:07:02.135+0000] {dagbag.py:508} INFO - Filling up the DagBag from /opt/airflow/dags/insert_data.py
[2024-05-12T09:07:02.145+0000] {processor.py:650} INFO - DAG(s) dict_keys(['pyspark_airflow_demo_dag']) retrieved from /opt/airflow/dags/insert_data.py
[2024-05-12T09:07:02.174+0000] {logging_mixin.py:115} INFO - [2024-05-12T09:07:02.174+0000] {dag.py:2429} INFO - Sync 1 DAGs
[2024-05-12T09:07:02.197+0000] {logging_mixin.py:115} INFO - [2024-05-12T09:07:02.197+0000] {dag.py:2981} INFO - Setting next_dagrun for pyspark_airflow_demo_dag to 2024-05-12T08:07:02.196978+00:00, run_after=2024-05-12T09:07:02.196978+00:00
[2024-05-12T09:07:02.209+0000] {processor.py:161} INFO - Processing /opt/airflow/dags/insert_data.py took 0.080 seconds
[2024-05-12T09:07:32.276+0000] {processor.py:153} INFO - Started process (PID=567) to work on /opt/airflow/dags/insert_data.py
[2024-05-12T09:07:32.277+0000] {processor.py:640} INFO - Processing file /opt/airflow/dags/insert_data.py for tasks to queue
[2024-05-12T09:07:32.278+0000] {logging_mixin.py:115} INFO - [2024-05-12T09:07:32.277+0000] {dagbag.py:508} INFO - Filling up the DagBag from /opt/airflow/dags/insert_data.py
[2024-05-12T09:07:32.287+0000] {processor.py:650} INFO - DAG(s) dict_keys(['pyspark_airflow_demo_dag']) retrieved from /opt/airflow/dags/insert_data.py
[2024-05-12T09:07:32.317+0000] {logging_mixin.py:115} INFO - [2024-05-12T09:07:32.317+0000] {dag.py:2429} INFO - Sync 1 DAGs
[2024-05-12T09:07:32.340+0000] {logging_mixin.py:115} INFO - [2024-05-12T09:07:32.340+0000] {dag.py:2981} INFO - Setting next_dagrun for pyspark_airflow_demo_dag to 2024-05-12T08:07:32.340498+00:00, run_after=2024-05-12T09:07:32.340498+00:00
[2024-05-12T09:07:32.356+0000] {processor.py:161} INFO - Processing /opt/airflow/dags/insert_data.py took 0.084 seconds
[2024-05-12T09:08:02.425+0000] {processor.py:153} INFO - Started process (PID=599) to work on /opt/airflow/dags/insert_data.py
[2024-05-12T09:08:02.426+0000] {processor.py:640} INFO - Processing file /opt/airflow/dags/insert_data.py for tasks to queue
[2024-05-12T09:08:02.427+0000] {logging_mixin.py:115} INFO - [2024-05-12T09:08:02.427+0000] {dagbag.py:508} INFO - Filling up the DagBag from /opt/airflow/dags/insert_data.py
[2024-05-12T09:08:02.437+0000] {processor.py:650} INFO - DAG(s) dict_keys(['pyspark_airflow_demo_dag']) retrieved from /opt/airflow/dags/insert_data.py
[2024-05-12T09:08:02.472+0000] {logging_mixin.py:115} INFO - [2024-05-12T09:08:02.472+0000] {dag.py:2429} INFO - Sync 1 DAGs
[2024-05-12T09:08:02.496+0000] {logging_mixin.py:115} INFO - [2024-05-12T09:08:02.496+0000] {dag.py:2981} INFO - Setting next_dagrun for pyspark_airflow_demo_dag to 2024-05-12T08:08:02.496558+00:00, run_after=2024-05-12T09:08:02.496558+00:00
[2024-05-12T09:08:02.509+0000] {processor.py:161} INFO - Processing /opt/airflow/dags/insert_data.py took 0.087 seconds
[2024-05-12T09:08:32.575+0000] {processor.py:153} INFO - Started process (PID=622) to work on /opt/airflow/dags/insert_data.py
[2024-05-12T09:08:32.576+0000] {processor.py:640} INFO - Processing file /opt/airflow/dags/insert_data.py for tasks to queue
[2024-05-12T09:08:32.577+0000] {logging_mixin.py:115} INFO - [2024-05-12T09:08:32.577+0000] {dagbag.py:508} INFO - Filling up the DagBag from /opt/airflow/dags/insert_data.py
[2024-05-12T09:08:32.586+0000] {processor.py:650} INFO - DAG(s) dict_keys(['pyspark_airflow_demo_dag']) retrieved from /opt/airflow/dags/insert_data.py
[2024-05-12T09:08:32.616+0000] {logging_mixin.py:115} INFO - [2024-05-12T09:08:32.616+0000] {dag.py:2429} INFO - Sync 1 DAGs
[2024-05-12T09:08:32.639+0000] {logging_mixin.py:115} INFO - [2024-05-12T09:08:32.639+0000] {dag.py:2981} INFO - Setting next_dagrun for pyspark_airflow_demo_dag to 2024-05-12T08:08:32.639013+00:00, run_after=2024-05-12T09:08:32.639013+00:00
[2024-05-12T09:08:32.654+0000] {processor.py:161} INFO - Processing /opt/airflow/dags/insert_data.py took 0.082 seconds
[2024-05-12T09:09:02.727+0000] {processor.py:153} INFO - Started process (PID=654) to work on /opt/airflow/dags/insert_data.py
[2024-05-12T09:09:02.728+0000] {processor.py:640} INFO - Processing file /opt/airflow/dags/insert_data.py for tasks to queue
[2024-05-12T09:09:02.729+0000] {logging_mixin.py:115} INFO - [2024-05-12T09:09:02.729+0000] {dagbag.py:508} INFO - Filling up the DagBag from /opt/airflow/dags/insert_data.py
[2024-05-12T09:09:02.738+0000] {processor.py:650} INFO - DAG(s) dict_keys(['pyspark_airflow_demo_dag']) retrieved from /opt/airflow/dags/insert_data.py
[2024-05-12T09:09:02.768+0000] {logging_mixin.py:115} INFO - [2024-05-12T09:09:02.767+0000] {dag.py:2429} INFO - Sync 1 DAGs
[2024-05-12T09:09:02.792+0000] {logging_mixin.py:115} INFO - [2024-05-12T09:09:02.792+0000] {dag.py:2981} INFO - Setting next_dagrun for pyspark_airflow_demo_dag to 2024-05-12T08:09:02.791777+00:00, run_after=2024-05-12T09:09:02.791777+00:00
[2024-05-12T09:09:02.806+0000] {processor.py:161} INFO - Processing /opt/airflow/dags/insert_data.py took 0.083 seconds
[2024-05-12T09:09:32.875+0000] {processor.py:153} INFO - Started process (PID=677) to work on /opt/airflow/dags/insert_data.py
[2024-05-12T09:09:32.876+0000] {processor.py:640} INFO - Processing file /opt/airflow/dags/insert_data.py for tasks to queue
[2024-05-12T09:09:32.877+0000] {logging_mixin.py:115} INFO - [2024-05-12T09:09:32.877+0000] {dagbag.py:508} INFO - Filling up the DagBag from /opt/airflow/dags/insert_data.py
[2024-05-12T09:09:32.885+0000] {processor.py:650} INFO - DAG(s) dict_keys(['pyspark_airflow_demo_dag']) retrieved from /opt/airflow/dags/insert_data.py
[2024-05-12T09:09:32.916+0000] {logging_mixin.py:115} INFO - [2024-05-12T09:09:32.916+0000] {dag.py:2429} INFO - Sync 1 DAGs
[2024-05-12T09:09:32.941+0000] {logging_mixin.py:115} INFO - [2024-05-12T09:09:32.941+0000] {dag.py:2981} INFO - Setting next_dagrun for pyspark_airflow_demo_dag to 2024-05-12T08:09:32.941461+00:00, run_after=2024-05-12T09:09:32.941461+00:00
[2024-05-12T09:09:32.957+0000] {processor.py:161} INFO - Processing /opt/airflow/dags/insert_data.py took 0.085 seconds
[2024-05-12T09:10:03.025+0000] {processor.py:153} INFO - Started process (PID=708) to work on /opt/airflow/dags/insert_data.py
[2024-05-12T09:10:03.026+0000] {processor.py:640} INFO - Processing file /opt/airflow/dags/insert_data.py for tasks to queue
[2024-05-12T09:10:03.027+0000] {logging_mixin.py:115} INFO - [2024-05-12T09:10:03.027+0000] {dagbag.py:508} INFO - Filling up the DagBag from /opt/airflow/dags/insert_data.py
[2024-05-12T09:10:03.036+0000] {processor.py:650} INFO - DAG(s) dict_keys(['pyspark_airflow_demo_dag']) retrieved from /opt/airflow/dags/insert_data.py
[2024-05-12T09:10:03.066+0000] {logging_mixin.py:115} INFO - [2024-05-12T09:10:03.066+0000] {dag.py:2429} INFO - Sync 1 DAGs
[2024-05-12T09:10:03.089+0000] {logging_mixin.py:115} INFO - [2024-05-12T09:10:03.089+0000] {dag.py:2981} INFO - Setting next_dagrun for pyspark_airflow_demo_dag to 2024-05-12T08:10:03.089038+00:00, run_after=2024-05-12T09:10:03.089038+00:00
[2024-05-12T09:10:03.104+0000] {processor.py:161} INFO - Processing /opt/airflow/dags/insert_data.py took 0.082 seconds
[2024-05-12T09:10:33.173+0000] {processor.py:153} INFO - Started process (PID=740) to work on /opt/airflow/dags/insert_data.py
[2024-05-12T09:10:33.174+0000] {processor.py:640} INFO - Processing file /opt/airflow/dags/insert_data.py for tasks to queue
[2024-05-12T09:10:33.175+0000] {logging_mixin.py:115} INFO - [2024-05-12T09:10:33.175+0000] {dagbag.py:508} INFO - Filling up the DagBag from /opt/airflow/dags/insert_data.py
[2024-05-12T09:10:33.184+0000] {processor.py:650} INFO - DAG(s) dict_keys(['pyspark_airflow_demo_dag']) retrieved from /opt/airflow/dags/insert_data.py
[2024-05-12T09:10:33.214+0000] {logging_mixin.py:115} INFO - [2024-05-12T09:10:33.214+0000] {dag.py:2429} INFO - Sync 1 DAGs
[2024-05-12T09:10:33.238+0000] {logging_mixin.py:115} INFO - [2024-05-12T09:10:33.238+0000] {dag.py:2981} INFO - Setting next_dagrun for pyspark_airflow_demo_dag to 2024-05-12T08:10:33.237973+00:00, run_after=2024-05-12T09:10:33.237973+00:00
[2024-05-12T09:10:33.250+0000] {processor.py:161} INFO - Processing /opt/airflow/dags/insert_data.py took 0.081 seconds
[2024-05-12T09:11:03.317+0000] {processor.py:153} INFO - Started process (PID=762) to work on /opt/airflow/dags/insert_data.py
[2024-05-12T09:11:03.318+0000] {processor.py:640} INFO - Processing file /opt/airflow/dags/insert_data.py for tasks to queue
[2024-05-12T09:11:03.318+0000] {logging_mixin.py:115} INFO - [2024-05-12T09:11:03.318+0000] {dagbag.py:508} INFO - Filling up the DagBag from /opt/airflow/dags/insert_data.py
[2024-05-12T09:11:03.327+0000] {processor.py:650} INFO - DAG(s) dict_keys(['pyspark_airflow_demo_dag']) retrieved from /opt/airflow/dags/insert_data.py
[2024-05-12T09:11:03.357+0000] {logging_mixin.py:115} INFO - [2024-05-12T09:11:03.357+0000] {dag.py:2429} INFO - Sync 1 DAGs
[2024-05-12T09:11:03.380+0000] {logging_mixin.py:115} INFO - [2024-05-12T09:11:03.380+0000] {dag.py:2981} INFO - Setting next_dagrun for pyspark_airflow_demo_dag to 2024-05-12T08:11:03.379889+00:00, run_after=2024-05-12T09:11:03.379889+00:00
[2024-05-12T09:11:03.391+0000] {processor.py:161} INFO - Processing /opt/airflow/dags/insert_data.py took 0.079 seconds
[2024-05-12T09:11:33.459+0000] {processor.py:153} INFO - Started process (PID=794) to work on /opt/airflow/dags/insert_data.py
[2024-05-12T09:11:33.460+0000] {processor.py:640} INFO - Processing file /opt/airflow/dags/insert_data.py for tasks to queue
[2024-05-12T09:11:33.461+0000] {logging_mixin.py:115} INFO - [2024-05-12T09:11:33.461+0000] {dagbag.py:508} INFO - Filling up the DagBag from /opt/airflow/dags/insert_data.py
[2024-05-12T09:11:33.470+0000] {processor.py:650} INFO - DAG(s) dict_keys(['pyspark_airflow_demo_dag']) retrieved from /opt/airflow/dags/insert_data.py
[2024-05-12T09:11:33.499+0000] {logging_mixin.py:115} INFO - [2024-05-12T09:11:33.499+0000] {dag.py:2429} INFO - Sync 1 DAGs
[2024-05-12T09:11:33.524+0000] {logging_mixin.py:115} INFO - [2024-05-12T09:11:33.524+0000] {dag.py:2981} INFO - Setting next_dagrun for pyspark_airflow_demo_dag to 2024-05-12T08:11:33.524282+00:00, run_after=2024-05-12T09:11:33.524282+00:00
[2024-05-12T09:11:33.548+0000] {processor.py:161} INFO - Processing /opt/airflow/dags/insert_data.py took 0.093 seconds
[2024-05-12T09:12:03.621+0000] {processor.py:153} INFO - Started process (PID=826) to work on /opt/airflow/dags/insert_data.py
[2024-05-12T09:12:03.622+0000] {processor.py:640} INFO - Processing file /opt/airflow/dags/insert_data.py for tasks to queue
[2024-05-12T09:12:03.623+0000] {logging_mixin.py:115} INFO - [2024-05-12T09:12:03.623+0000] {dagbag.py:508} INFO - Filling up the DagBag from /opt/airflow/dags/insert_data.py
[2024-05-12T09:12:03.633+0000] {processor.py:650} INFO - DAG(s) dict_keys(['pyspark_airflow_demo_dag']) retrieved from /opt/airflow/dags/insert_data.py
[2024-05-12T09:12:03.664+0000] {logging_mixin.py:115} INFO - [2024-05-12T09:12:03.663+0000] {dag.py:2429} INFO - Sync 1 DAGs
[2024-05-12T09:12:03.688+0000] {logging_mixin.py:115} INFO - [2024-05-12T09:12:03.688+0000] {dag.py:2981} INFO - Setting next_dagrun for pyspark_airflow_demo_dag to 2024-05-12T08:12:03.688458+00:00, run_after=2024-05-12T09:12:03.688458+00:00
[2024-05-12T09:12:03.702+0000] {processor.py:161} INFO - Processing /opt/airflow/dags/insert_data.py took 0.086 seconds
[2024-05-12T09:12:33.762+0000] {processor.py:153} INFO - Started process (PID=849) to work on /opt/airflow/dags/insert_data.py
[2024-05-12T09:12:33.762+0000] {processor.py:640} INFO - Processing file /opt/airflow/dags/insert_data.py for tasks to queue
[2024-05-12T09:12:33.764+0000] {logging_mixin.py:115} INFO - [2024-05-12T09:12:33.763+0000] {dagbag.py:508} INFO - Filling up the DagBag from /opt/airflow/dags/insert_data.py
[2024-05-12T09:12:33.772+0000] {processor.py:650} INFO - DAG(s) dict_keys(['pyspark_airflow_demo_dag']) retrieved from /opt/airflow/dags/insert_data.py
[2024-05-12T09:12:33.803+0000] {logging_mixin.py:115} INFO - [2024-05-12T09:12:33.803+0000] {dag.py:2429} INFO - Sync 1 DAGs
[2024-05-12T09:12:33.827+0000] {logging_mixin.py:115} INFO - [2024-05-12T09:12:33.826+0000] {dag.py:2981} INFO - Setting next_dagrun for pyspark_airflow_demo_dag to 2024-05-12T08:12:33.826547+00:00, run_after=2024-05-12T09:12:33.826547+00:00
[2024-05-12T09:12:33.841+0000] {processor.py:161} INFO - Processing /opt/airflow/dags/insert_data.py took 0.084 seconds
[2024-05-12T09:13:03.903+0000] {processor.py:153} INFO - Started process (PID=881) to work on /opt/airflow/dags/insert_data.py
[2024-05-12T09:13:03.904+0000] {processor.py:640} INFO - Processing file /opt/airflow/dags/insert_data.py for tasks to queue
[2024-05-12T09:13:03.905+0000] {logging_mixin.py:115} INFO - [2024-05-12T09:13:03.905+0000] {dagbag.py:508} INFO - Filling up the DagBag from /opt/airflow/dags/insert_data.py
[2024-05-12T09:13:03.914+0000] {processor.py:650} INFO - DAG(s) dict_keys(['pyspark_airflow_demo_dag']) retrieved from /opt/airflow/dags/insert_data.py
[2024-05-12T09:13:03.947+0000] {logging_mixin.py:115} INFO - [2024-05-12T09:13:03.947+0000] {dag.py:2429} INFO - Sync 1 DAGs
[2024-05-12T09:13:03.970+0000] {logging_mixin.py:115} INFO - [2024-05-12T09:13:03.970+0000] {dag.py:2981} INFO - Setting next_dagrun for pyspark_airflow_demo_dag to 2024-05-12T08:13:03.969838+00:00, run_after=2024-05-12T09:13:03.969838+00:00
[2024-05-12T09:13:03.984+0000] {processor.py:161} INFO - Processing /opt/airflow/dags/insert_data.py took 0.086 seconds
[2024-05-12T09:13:34.055+0000] {processor.py:153} INFO - Started process (PID=904) to work on /opt/airflow/dags/insert_data.py
[2024-05-12T09:13:34.056+0000] {processor.py:640} INFO - Processing file /opt/airflow/dags/insert_data.py for tasks to queue
[2024-05-12T09:13:34.057+0000] {logging_mixin.py:115} INFO - [2024-05-12T09:13:34.057+0000] {dagbag.py:508} INFO - Filling up the DagBag from /opt/airflow/dags/insert_data.py
[2024-05-12T09:13:34.066+0000] {processor.py:650} INFO - DAG(s) dict_keys(['pyspark_airflow_demo_dag']) retrieved from /opt/airflow/dags/insert_data.py
[2024-05-12T09:13:34.095+0000] {logging_mixin.py:115} INFO - [2024-05-12T09:13:34.095+0000] {dag.py:2429} INFO - Sync 1 DAGs
[2024-05-12T09:13:34.119+0000] {logging_mixin.py:115} INFO - [2024-05-12T09:13:34.119+0000] {dag.py:2981} INFO - Setting next_dagrun for pyspark_airflow_demo_dag to 2024-05-12T08:13:34.119268+00:00, run_after=2024-05-12T09:13:34.119268+00:00
[2024-05-12T09:13:34.135+0000] {processor.py:161} INFO - Processing /opt/airflow/dags/insert_data.py took 0.084 seconds
[2024-05-12T09:14:04.195+0000] {processor.py:153} INFO - Started process (PID=936) to work on /opt/airflow/dags/insert_data.py
[2024-05-12T09:14:04.196+0000] {processor.py:640} INFO - Processing file /opt/airflow/dags/insert_data.py for tasks to queue
[2024-05-12T09:14:04.197+0000] {logging_mixin.py:115} INFO - [2024-05-12T09:14:04.197+0000] {dagbag.py:508} INFO - Filling up the DagBag from /opt/airflow/dags/insert_data.py
[2024-05-12T09:14:04.206+0000] {processor.py:650} INFO - DAG(s) dict_keys(['pyspark_airflow_demo_dag']) retrieved from /opt/airflow/dags/insert_data.py
[2024-05-12T09:14:04.238+0000] {logging_mixin.py:115} INFO - [2024-05-12T09:14:04.238+0000] {dag.py:2429} INFO - Sync 1 DAGs
[2024-05-12T09:14:04.262+0000] {logging_mixin.py:115} INFO - [2024-05-12T09:14:04.262+0000] {dag.py:2981} INFO - Setting next_dagrun for pyspark_airflow_demo_dag to 2024-05-12T08:14:04.262149+00:00, run_after=2024-05-12T09:14:04.262149+00:00
[2024-05-12T09:14:04.277+0000] {processor.py:161} INFO - Processing /opt/airflow/dags/insert_data.py took 0.087 seconds
[2024-05-12T09:14:34.340+0000] {processor.py:153} INFO - Started process (PID=966) to work on /opt/airflow/dags/insert_data.py
[2024-05-12T09:14:34.341+0000] {processor.py:640} INFO - Processing file /opt/airflow/dags/insert_data.py for tasks to queue
[2024-05-12T09:14:34.341+0000] {logging_mixin.py:115} INFO - [2024-05-12T09:14:34.341+0000] {dagbag.py:508} INFO - Filling up the DagBag from /opt/airflow/dags/insert_data.py
[2024-05-12T09:14:34.350+0000] {processor.py:650} INFO - DAG(s) dict_keys(['pyspark_airflow_demo_dag']) retrieved from /opt/airflow/dags/insert_data.py
[2024-05-12T09:14:34.379+0000] {logging_mixin.py:115} INFO - [2024-05-12T09:14:34.379+0000] {dag.py:2429} INFO - Sync 1 DAGs
[2024-05-12T09:14:34.403+0000] {logging_mixin.py:115} INFO - [2024-05-12T09:14:34.403+0000] {dag.py:2981} INFO - Setting next_dagrun for pyspark_airflow_demo_dag to 2024-05-12T08:14:34.403494+00:00, run_after=2024-05-12T09:14:34.403494+00:00
[2024-05-12T09:14:34.419+0000] {processor.py:161} INFO - Processing /opt/airflow/dags/insert_data.py took 0.083 seconds
[2024-05-12T09:15:04.484+0000] {processor.py:153} INFO - Started process (PID=989) to work on /opt/airflow/dags/insert_data.py
[2024-05-12T09:15:04.485+0000] {processor.py:640} INFO - Processing file /opt/airflow/dags/insert_data.py for tasks to queue
[2024-05-12T09:15:04.486+0000] {logging_mixin.py:115} INFO - [2024-05-12T09:15:04.485+0000] {dagbag.py:508} INFO - Filling up the DagBag from /opt/airflow/dags/insert_data.py
[2024-05-12T09:15:04.494+0000] {processor.py:650} INFO - DAG(s) dict_keys(['pyspark_airflow_demo_dag']) retrieved from /opt/airflow/dags/insert_data.py
[2024-05-12T09:15:04.523+0000] {logging_mixin.py:115} INFO - [2024-05-12T09:15:04.523+0000] {dag.py:2429} INFO - Sync 1 DAGs
[2024-05-12T09:15:04.546+0000] {logging_mixin.py:115} INFO - [2024-05-12T09:15:04.546+0000] {dag.py:2981} INFO - Setting next_dagrun for pyspark_airflow_demo_dag to 2024-05-12T08:15:04.546160+00:00, run_after=2024-05-12T09:15:04.546160+00:00
[2024-05-12T09:15:04.558+0000] {processor.py:161} INFO - Processing /opt/airflow/dags/insert_data.py took 0.078 seconds
[2024-05-12T09:15:34.627+0000] {processor.py:153} INFO - Started process (PID=1021) to work on /opt/airflow/dags/insert_data.py
[2024-05-12T09:15:34.628+0000] {processor.py:640} INFO - Processing file /opt/airflow/dags/insert_data.py for tasks to queue
[2024-05-12T09:15:34.629+0000] {logging_mixin.py:115} INFO - [2024-05-12T09:15:34.629+0000] {dagbag.py:508} INFO - Filling up the DagBag from /opt/airflow/dags/insert_data.py
[2024-05-12T09:15:34.638+0000] {processor.py:650} INFO - DAG(s) dict_keys(['pyspark_airflow_demo_dag']) retrieved from /opt/airflow/dags/insert_data.py
[2024-05-12T09:15:34.668+0000] {logging_mixin.py:115} INFO - [2024-05-12T09:15:34.668+0000] {dag.py:2429} INFO - Sync 1 DAGs
[2024-05-12T09:15:34.691+0000] {logging_mixin.py:115} INFO - [2024-05-12T09:15:34.691+0000] {dag.py:2981} INFO - Setting next_dagrun for pyspark_airflow_demo_dag to 2024-05-12T08:15:34.691563+00:00, run_after=2024-05-12T09:15:34.691563+00:00
[2024-05-12T09:15:34.707+0000] {processor.py:161} INFO - Processing /opt/airflow/dags/insert_data.py took 0.084 seconds
