[2024-05-10T21:17:57.078+0000] {processor.py:153} INFO - Started process (PID=3899) to work on /opt/airflow/dags/dag_spark_python.py
[2024-05-10T21:17:57.080+0000] {processor.py:640} INFO - Processing file /opt/airflow/dags/dag_spark_python.py for tasks to queue
[2024-05-10T21:17:57.081+0000] {logging_mixin.py:115} INFO - [2024-05-10T21:17:57.081+0000] {dagbag.py:508} INFO - Filling up the DagBag from /opt/airflow/dags/dag_spark_python.py
[2024-05-10T21:17:57.163+0000] {processor.py:650} INFO - DAG(s) dict_keys(['pyspark_dag']) retrieved from /opt/airflow/dags/dag_spark_python.py
[2024-05-10T21:17:57.319+0000] {logging_mixin.py:115} INFO - [2024-05-10T21:17:57.319+0000] {dag.py:2429} INFO - Sync 1 DAGs
[2024-05-10T21:17:57.343+0000] {logging_mixin.py:115} INFO - [2024-05-10T21:17:57.342+0000] {dag.py:2981} INFO - Setting next_dagrun for pyspark_dag to 2024-05-09T21:17:57.342707+00:00, run_after=2024-05-10T21:17:57.342707+00:00
[2024-05-10T21:17:57.363+0000] {processor.py:161} INFO - Processing /opt/airflow/dags/dag_spark_python.py took 0.289 seconds
[2024-05-10T21:18:27.469+0000] {processor.py:153} INFO - Started process (PID=3932) to work on /opt/airflow/dags/dag_spark_python.py
[2024-05-10T21:18:27.471+0000] {processor.py:640} INFO - Processing file /opt/airflow/dags/dag_spark_python.py for tasks to queue
[2024-05-10T21:18:27.472+0000] {logging_mixin.py:115} INFO - [2024-05-10T21:18:27.472+0000] {dagbag.py:508} INFO - Filling up the DagBag from /opt/airflow/dags/dag_spark_python.py
[2024-05-10T21:18:27.549+0000] {processor.py:650} INFO - DAG(s) dict_keys(['pyspark_dag']) retrieved from /opt/airflow/dags/dag_spark_python.py
[2024-05-10T21:18:27.699+0000] {logging_mixin.py:115} INFO - [2024-05-10T21:18:27.699+0000] {dag.py:2429} INFO - Sync 1 DAGs
[2024-05-10T21:18:27.721+0000] {logging_mixin.py:115} INFO - [2024-05-10T21:18:27.721+0000] {dag.py:2981} INFO - Setting next_dagrun for pyspark_dag to 2024-05-09T21:18:27.720923+00:00, run_after=2024-05-10T21:18:27.720923+00:00
[2024-05-10T21:18:27.733+0000] {processor.py:161} INFO - Processing /opt/airflow/dags/dag_spark_python.py took 0.267 seconds
[2024-05-10T21:18:57.835+0000] {processor.py:153} INFO - Started process (PID=3974) to work on /opt/airflow/dags/dag_spark_python.py
[2024-05-10T21:18:57.836+0000] {processor.py:640} INFO - Processing file /opt/airflow/dags/dag_spark_python.py for tasks to queue
[2024-05-10T21:18:57.837+0000] {logging_mixin.py:115} INFO - [2024-05-10T21:18:57.837+0000] {dagbag.py:508} INFO - Filling up the DagBag from /opt/airflow/dags/dag_spark_python.py
[2024-05-10T21:18:57.917+0000] {processor.py:650} INFO - DAG(s) dict_keys(['pyspark_dag']) retrieved from /opt/airflow/dags/dag_spark_python.py
[2024-05-10T21:18:58.068+0000] {logging_mixin.py:115} INFO - [2024-05-10T21:18:58.068+0000] {dag.py:2429} INFO - Sync 1 DAGs
[2024-05-10T21:18:58.090+0000] {logging_mixin.py:115} INFO - [2024-05-10T21:18:58.089+0000] {dag.py:2981} INFO - Setting next_dagrun for pyspark_dag to 2024-05-09T21:18:58.089649+00:00, run_after=2024-05-10T21:18:58.089649+00:00
[2024-05-10T21:18:58.105+0000] {processor.py:161} INFO - Processing /opt/airflow/dags/dag_spark_python.py took 0.274 seconds
[2024-05-10T21:19:28.209+0000] {processor.py:153} INFO - Started process (PID=4007) to work on /opt/airflow/dags/dag_spark_python.py
[2024-05-10T21:19:28.211+0000] {processor.py:640} INFO - Processing file /opt/airflow/dags/dag_spark_python.py for tasks to queue
[2024-05-10T21:19:28.212+0000] {logging_mixin.py:115} INFO - [2024-05-10T21:19:28.212+0000] {dagbag.py:508} INFO - Filling up the DagBag from /opt/airflow/dags/dag_spark_python.py
[2024-05-10T21:19:28.291+0000] {processor.py:650} INFO - DAG(s) dict_keys(['pyspark_dag']) retrieved from /opt/airflow/dags/dag_spark_python.py
[2024-05-10T21:19:28.444+0000] {logging_mixin.py:115} INFO - [2024-05-10T21:19:28.444+0000] {dag.py:2429} INFO - Sync 1 DAGs
[2024-05-10T21:19:28.466+0000] {logging_mixin.py:115} INFO - [2024-05-10T21:19:28.465+0000] {dag.py:2981} INFO - Setting next_dagrun for pyspark_dag to 2024-05-09T21:19:28.465694+00:00, run_after=2024-05-10T21:19:28.465694+00:00
[2024-05-10T21:19:28.482+0000] {processor.py:161} INFO - Processing /opt/airflow/dags/dag_spark_python.py took 0.276 seconds
[2024-05-10T21:19:58.582+0000] {processor.py:153} INFO - Started process (PID=4049) to work on /opt/airflow/dags/dag_spark_python.py
[2024-05-10T21:19:58.583+0000] {processor.py:640} INFO - Processing file /opt/airflow/dags/dag_spark_python.py for tasks to queue
[2024-05-10T21:19:58.584+0000] {logging_mixin.py:115} INFO - [2024-05-10T21:19:58.584+0000] {dagbag.py:508} INFO - Filling up the DagBag from /opt/airflow/dags/dag_spark_python.py
[2024-05-10T21:19:58.664+0000] {processor.py:650} INFO - DAG(s) dict_keys(['pyspark_dag']) retrieved from /opt/airflow/dags/dag_spark_python.py
[2024-05-10T21:19:58.815+0000] {logging_mixin.py:115} INFO - [2024-05-10T21:19:58.815+0000] {dag.py:2429} INFO - Sync 1 DAGs
[2024-05-10T21:19:58.837+0000] {logging_mixin.py:115} INFO - [2024-05-10T21:19:58.836+0000] {dag.py:2981} INFO - Setting next_dagrun for pyspark_dag to 2024-05-09T21:19:58.836689+00:00, run_after=2024-05-10T21:19:58.836689+00:00
[2024-05-10T21:19:58.849+0000] {processor.py:161} INFO - Processing /opt/airflow/dags/dag_spark_python.py took 0.270 seconds
[2024-05-10T21:20:28.956+0000] {processor.py:153} INFO - Started process (PID=4091) to work on /opt/airflow/dags/dag_spark_python.py
[2024-05-10T21:20:28.957+0000] {processor.py:640} INFO - Processing file /opt/airflow/dags/dag_spark_python.py for tasks to queue
[2024-05-10T21:20:28.958+0000] {logging_mixin.py:115} INFO - [2024-05-10T21:20:28.958+0000] {dagbag.py:508} INFO - Filling up the DagBag from /opt/airflow/dags/dag_spark_python.py
[2024-05-10T21:20:29.042+0000] {processor.py:650} INFO - DAG(s) dict_keys(['pyspark_dag']) retrieved from /opt/airflow/dags/dag_spark_python.py
[2024-05-10T21:20:29.202+0000] {logging_mixin.py:115} INFO - [2024-05-10T21:20:29.202+0000] {dag.py:2429} INFO - Sync 1 DAGs
[2024-05-10T21:20:29.224+0000] {logging_mixin.py:115} INFO - [2024-05-10T21:20:29.223+0000] {dag.py:2981} INFO - Setting next_dagrun for pyspark_dag to 2024-05-09T21:20:29.223678+00:00, run_after=2024-05-10T21:20:29.223678+00:00
[2024-05-10T21:20:29.236+0000] {processor.py:161} INFO - Processing /opt/airflow/dags/dag_spark_python.py took 0.283 seconds
[2024-05-10T21:20:59.339+0000] {processor.py:153} INFO - Started process (PID=4124) to work on /opt/airflow/dags/dag_spark_python.py
[2024-05-10T21:20:59.340+0000] {processor.py:640} INFO - Processing file /opt/airflow/dags/dag_spark_python.py for tasks to queue
[2024-05-10T21:20:59.341+0000] {logging_mixin.py:115} INFO - [2024-05-10T21:20:59.341+0000] {dagbag.py:508} INFO - Filling up the DagBag from /opt/airflow/dags/dag_spark_python.py
[2024-05-10T21:20:59.421+0000] {processor.py:650} INFO - DAG(s) dict_keys(['pyspark_dag']) retrieved from /opt/airflow/dags/dag_spark_python.py
[2024-05-10T21:20:59.573+0000] {logging_mixin.py:115} INFO - [2024-05-10T21:20:59.573+0000] {dag.py:2429} INFO - Sync 1 DAGs
[2024-05-10T21:20:59.595+0000] {logging_mixin.py:115} INFO - [2024-05-10T21:20:59.595+0000] {dag.py:2981} INFO - Setting next_dagrun for pyspark_dag to 2024-05-09T21:20:59.595043+00:00, run_after=2024-05-10T21:20:59.595043+00:00
[2024-05-10T21:20:59.607+0000] {processor.py:161} INFO - Processing /opt/airflow/dags/dag_spark_python.py took 0.272 seconds
[2024-05-10T21:21:29.709+0000] {processor.py:153} INFO - Started process (PID=4166) to work on /opt/airflow/dags/dag_spark_python.py
[2024-05-10T21:21:29.710+0000] {processor.py:640} INFO - Processing file /opt/airflow/dags/dag_spark_python.py for tasks to queue
[2024-05-10T21:21:29.711+0000] {logging_mixin.py:115} INFO - [2024-05-10T21:21:29.711+0000] {dagbag.py:508} INFO - Filling up the DagBag from /opt/airflow/dags/dag_spark_python.py
[2024-05-10T21:21:29.792+0000] {processor.py:650} INFO - DAG(s) dict_keys(['pyspark_dag']) retrieved from /opt/airflow/dags/dag_spark_python.py
[2024-05-10T21:21:29.943+0000] {logging_mixin.py:115} INFO - [2024-05-10T21:21:29.943+0000] {dag.py:2429} INFO - Sync 1 DAGs
[2024-05-10T21:21:29.965+0000] {logging_mixin.py:115} INFO - [2024-05-10T21:21:29.965+0000] {dag.py:2981} INFO - Setting next_dagrun for pyspark_dag to 2024-05-09T21:21:29.965068+00:00, run_after=2024-05-10T21:21:29.965068+00:00
[2024-05-10T21:21:29.978+0000] {processor.py:161} INFO - Processing /opt/airflow/dags/dag_spark_python.py took 0.272 seconds
[2024-05-10T21:22:00.080+0000] {processor.py:153} INFO - Started process (PID=4208) to work on /opt/airflow/dags/dag_spark_python.py
[2024-05-10T21:22:00.081+0000] {processor.py:640} INFO - Processing file /opt/airflow/dags/dag_spark_python.py for tasks to queue
[2024-05-10T21:22:00.082+0000] {logging_mixin.py:115} INFO - [2024-05-10T21:22:00.082+0000] {dagbag.py:508} INFO - Filling up the DagBag from /opt/airflow/dags/dag_spark_python.py
[2024-05-10T21:22:00.155+0000] {processor.py:650} INFO - DAG(s) dict_keys(['pyspark_dag']) retrieved from /opt/airflow/dags/dag_spark_python.py
[2024-05-10T21:22:00.300+0000] {logging_mixin.py:115} INFO - [2024-05-10T21:22:00.300+0000] {dag.py:2429} INFO - Sync 1 DAGs
[2024-05-10T21:22:00.320+0000] {logging_mixin.py:115} INFO - [2024-05-10T21:22:00.320+0000] {dag.py:2981} INFO - Setting next_dagrun for pyspark_dag to 2024-05-09T21:22:00.320544+00:00, run_after=2024-05-10T21:22:00.320544+00:00
[2024-05-10T21:22:00.335+0000] {processor.py:161} INFO - Processing /opt/airflow/dags/dag_spark_python.py took 0.259 seconds
[2024-05-10T21:22:30.441+0000] {processor.py:153} INFO - Started process (PID=4240) to work on /opt/airflow/dags/dag_spark_python.py
[2024-05-10T21:22:30.442+0000] {processor.py:640} INFO - Processing file /opt/airflow/dags/dag_spark_python.py for tasks to queue
[2024-05-10T21:22:30.443+0000] {logging_mixin.py:115} INFO - [2024-05-10T21:22:30.443+0000] {dagbag.py:508} INFO - Filling up the DagBag from /opt/airflow/dags/dag_spark_python.py
[2024-05-10T21:22:30.517+0000] {processor.py:650} INFO - DAG(s) dict_keys(['pyspark_dag']) retrieved from /opt/airflow/dags/dag_spark_python.py
[2024-05-10T21:22:30.664+0000] {logging_mixin.py:115} INFO - [2024-05-10T21:22:30.664+0000] {dag.py:2429} INFO - Sync 1 DAGs
[2024-05-10T21:22:30.685+0000] {logging_mixin.py:115} INFO - [2024-05-10T21:22:30.685+0000] {dag.py:2981} INFO - Setting next_dagrun for pyspark_dag to 2024-05-09T21:22:30.684799+00:00, run_after=2024-05-10T21:22:30.684799+00:00
[2024-05-10T21:22:30.696+0000] {processor.py:161} INFO - Processing /opt/airflow/dags/dag_spark_python.py took 0.259 seconds
[2024-05-10T21:23:00.812+0000] {processor.py:153} INFO - Started process (PID=4281) to work on /opt/airflow/dags/dag_spark_python.py
[2024-05-10T21:23:00.813+0000] {processor.py:640} INFO - Processing file /opt/airflow/dags/dag_spark_python.py for tasks to queue
[2024-05-10T21:23:00.814+0000] {logging_mixin.py:115} INFO - [2024-05-10T21:23:00.814+0000] {dagbag.py:508} INFO - Filling up the DagBag from /opt/airflow/dags/dag_spark_python.py
[2024-05-10T21:23:01.020+0000] {processor.py:650} INFO - DAG(s) dict_keys(['pyspark_dag']) retrieved from /opt/airflow/dags/dag_spark_python.py
[2024-05-10T21:23:01.033+0000] {logging_mixin.py:115} INFO - [2024-05-10T21:23:01.033+0000] {dag.py:2429} INFO - Sync 1 DAGs
[2024-05-10T21:23:01.054+0000] {logging_mixin.py:115} INFO - [2024-05-10T21:23:01.054+0000] {dag.py:2981} INFO - Setting next_dagrun for pyspark_dag to 2024-05-09T21:23:01.054215+00:00, run_after=2024-05-10T21:23:01.054215+00:00
[2024-05-10T21:23:01.066+0000] {processor.py:161} INFO - Processing /opt/airflow/dags/dag_spark_python.py took 0.258 seconds
[2024-05-10T21:23:31.174+0000] {processor.py:153} INFO - Started process (PID=4323) to work on /opt/airflow/dags/dag_spark_python.py
[2024-05-10T21:23:31.176+0000] {processor.py:640} INFO - Processing file /opt/airflow/dags/dag_spark_python.py for tasks to queue
[2024-05-10T21:23:31.177+0000] {logging_mixin.py:115} INFO - [2024-05-10T21:23:31.176+0000] {dagbag.py:508} INFO - Filling up the DagBag from /opt/airflow/dags/dag_spark_python.py
[2024-05-10T21:23:31.411+0000] {processor.py:650} INFO - DAG(s) dict_keys(['pyspark_dag']) retrieved from /opt/airflow/dags/dag_spark_python.py
[2024-05-10T21:23:31.424+0000] {logging_mixin.py:115} INFO - [2024-05-10T21:23:31.424+0000] {dag.py:2429} INFO - Sync 1 DAGs
[2024-05-10T21:23:31.447+0000] {logging_mixin.py:115} INFO - [2024-05-10T21:23:31.446+0000] {dag.py:2981} INFO - Setting next_dagrun for pyspark_dag to 2024-05-09T21:23:31.446739+00:00, run_after=2024-05-10T21:23:31.446739+00:00
[2024-05-10T21:23:31.459+0000] {processor.py:161} INFO - Processing /opt/airflow/dags/dag_spark_python.py took 0.289 seconds
[2024-05-10T21:24:01.561+0000] {processor.py:153} INFO - Started process (PID=4356) to work on /opt/airflow/dags/dag_spark_python.py
[2024-05-10T21:24:01.562+0000] {processor.py:640} INFO - Processing file /opt/airflow/dags/dag_spark_python.py for tasks to queue
[2024-05-10T21:24:01.563+0000] {logging_mixin.py:115} INFO - [2024-05-10T21:24:01.563+0000] {dagbag.py:508} INFO - Filling up the DagBag from /opt/airflow/dags/dag_spark_python.py
[2024-05-10T21:24:01.769+0000] {processor.py:650} INFO - DAG(s) dict_keys(['pyspark_dag']) retrieved from /opt/airflow/dags/dag_spark_python.py
[2024-05-10T21:24:01.781+0000] {logging_mixin.py:115} INFO - [2024-05-10T21:24:01.781+0000] {dag.py:2429} INFO - Sync 1 DAGs
[2024-05-10T21:24:01.801+0000] {logging_mixin.py:115} INFO - [2024-05-10T21:24:01.801+0000] {dag.py:2981} INFO - Setting next_dagrun for pyspark_dag to 2024-05-09T21:24:01.801553+00:00, run_after=2024-05-10T21:24:01.801553+00:00
[2024-05-10T21:24:01.813+0000] {processor.py:161} INFO - Processing /opt/airflow/dags/dag_spark_python.py took 0.256 seconds
[2024-05-10T21:24:31.919+0000] {processor.py:153} INFO - Started process (PID=4397) to work on /opt/airflow/dags/dag_spark_python.py
[2024-05-10T21:24:31.920+0000] {processor.py:640} INFO - Processing file /opt/airflow/dags/dag_spark_python.py for tasks to queue
[2024-05-10T21:24:31.921+0000] {logging_mixin.py:115} INFO - [2024-05-10T21:24:31.921+0000] {dagbag.py:508} INFO - Filling up the DagBag from /opt/airflow/dags/dag_spark_python.py
[2024-05-10T21:24:32.128+0000] {processor.py:650} INFO - DAG(s) dict_keys(['pyspark_dag']) retrieved from /opt/airflow/dags/dag_spark_python.py
[2024-05-10T21:24:32.141+0000] {logging_mixin.py:115} INFO - [2024-05-10T21:24:32.141+0000] {dag.py:2429} INFO - Sync 1 DAGs
[2024-05-10T21:24:32.162+0000] {logging_mixin.py:115} INFO - [2024-05-10T21:24:32.162+0000] {dag.py:2981} INFO - Setting next_dagrun for pyspark_dag to 2024-05-09T21:24:32.161799+00:00, run_after=2024-05-10T21:24:32.161799+00:00
[2024-05-10T21:24:32.173+0000] {processor.py:161} INFO - Processing /opt/airflow/dags/dag_spark_python.py took 0.258 seconds
[2024-05-10T21:25:02.285+0000] {processor.py:153} INFO - Started process (PID=4439) to work on /opt/airflow/dags/dag_spark_python.py
[2024-05-10T21:25:02.297+0000] {processor.py:640} INFO - Processing file /opt/airflow/dags/dag_spark_python.py for tasks to queue
[2024-05-10T21:25:02.299+0000] {logging_mixin.py:115} INFO - [2024-05-10T21:25:02.299+0000] {dagbag.py:508} INFO - Filling up the DagBag from /opt/airflow/dags/dag_spark_python.py
[2024-05-10T21:25:02.536+0000] {processor.py:650} INFO - DAG(s) dict_keys(['pyspark_dag']) retrieved from /opt/airflow/dags/dag_spark_python.py
[2024-05-10T21:25:02.562+0000] {logging_mixin.py:115} INFO - [2024-05-10T21:25:02.562+0000] {dag.py:2429} INFO - Sync 1 DAGs
[2024-05-10T21:25:02.585+0000] {logging_mixin.py:115} INFO - [2024-05-10T21:25:02.585+0000] {dag.py:2981} INFO - Setting next_dagrun for pyspark_dag to 2024-05-09T21:25:02.585532+00:00, run_after=2024-05-10T21:25:02.585532+00:00
[2024-05-10T21:25:02.603+0000] {processor.py:161} INFO - Processing /opt/airflow/dags/dag_spark_python.py took 0.322 seconds
[2024-05-10T21:25:32.729+0000] {processor.py:153} INFO - Started process (PID=4472) to work on /opt/airflow/dags/dag_spark_python.py
[2024-05-10T21:25:32.730+0000] {processor.py:640} INFO - Processing file /opt/airflow/dags/dag_spark_python.py for tasks to queue
[2024-05-10T21:25:32.731+0000] {logging_mixin.py:115} INFO - [2024-05-10T21:25:32.731+0000] {dagbag.py:508} INFO - Filling up the DagBag from /opt/airflow/dags/dag_spark_python.py
[2024-05-10T21:25:32.949+0000] {processor.py:650} INFO - DAG(s) dict_keys(['pyspark_dag']) retrieved from /opt/airflow/dags/dag_spark_python.py
[2024-05-10T21:25:32.963+0000] {logging_mixin.py:115} INFO - [2024-05-10T21:25:32.962+0000] {dag.py:2429} INFO - Sync 1 DAGs
[2024-05-10T21:25:32.984+0000] {logging_mixin.py:115} INFO - [2024-05-10T21:25:32.984+0000] {dag.py:2981} INFO - Setting next_dagrun for pyspark_dag to 2024-05-09T21:25:32.984192+00:00, run_after=2024-05-10T21:25:32.984192+00:00
[2024-05-10T21:25:32.997+0000] {processor.py:161} INFO - Processing /opt/airflow/dags/dag_spark_python.py took 0.272 seconds
[2024-05-10T21:26:03.103+0000] {processor.py:153} INFO - Started process (PID=4514) to work on /opt/airflow/dags/dag_spark_python.py
[2024-05-10T21:26:03.104+0000] {processor.py:640} INFO - Processing file /opt/airflow/dags/dag_spark_python.py for tasks to queue
[2024-05-10T21:26:03.105+0000] {logging_mixin.py:115} INFO - [2024-05-10T21:26:03.105+0000] {dagbag.py:508} INFO - Filling up the DagBag from /opt/airflow/dags/dag_spark_python.py
[2024-05-10T21:26:03.380+0000] {processor.py:650} INFO - DAG(s) dict_keys(['pyspark_dag']) retrieved from /opt/airflow/dags/dag_spark_python.py
[2024-05-10T21:26:03.393+0000] {logging_mixin.py:115} INFO - [2024-05-10T21:26:03.393+0000] {dag.py:2429} INFO - Sync 1 DAGs
[2024-05-10T21:26:03.416+0000] {logging_mixin.py:115} INFO - [2024-05-10T21:26:03.416+0000] {dag.py:2981} INFO - Setting next_dagrun for pyspark_dag to 2024-05-09T21:26:03.415853+00:00, run_after=2024-05-10T21:26:03.415853+00:00
[2024-05-10T21:26:03.429+0000] {processor.py:161} INFO - Processing /opt/airflow/dags/dag_spark_python.py took 0.330 seconds
[2024-05-10T21:26:33.535+0000] {processor.py:153} INFO - Started process (PID=4547) to work on /opt/airflow/dags/dag_spark_python.py
[2024-05-10T21:26:33.537+0000] {processor.py:640} INFO - Processing file /opt/airflow/dags/dag_spark_python.py for tasks to queue
[2024-05-10T21:26:33.538+0000] {logging_mixin.py:115} INFO - [2024-05-10T21:26:33.537+0000] {dagbag.py:508} INFO - Filling up the DagBag from /opt/airflow/dags/dag_spark_python.py
[2024-05-10T21:26:33.744+0000] {processor.py:650} INFO - DAG(s) dict_keys(['pyspark_dag']) retrieved from /opt/airflow/dags/dag_spark_python.py
[2024-05-10T21:26:33.756+0000] {logging_mixin.py:115} INFO - [2024-05-10T21:26:33.756+0000] {dag.py:2429} INFO - Sync 1 DAGs
[2024-05-10T21:26:33.776+0000] {logging_mixin.py:115} INFO - [2024-05-10T21:26:33.776+0000] {dag.py:2981} INFO - Setting next_dagrun for pyspark_dag to 2024-05-09T21:26:33.776241+00:00, run_after=2024-05-10T21:26:33.776241+00:00
[2024-05-10T21:26:33.788+0000] {processor.py:161} INFO - Processing /opt/airflow/dags/dag_spark_python.py took 0.256 seconds
[2024-05-10T21:27:03.920+0000] {processor.py:153} INFO - Started process (PID=4589) to work on /opt/airflow/dags/dag_spark_python.py
[2024-05-10T21:27:03.921+0000] {processor.py:640} INFO - Processing file /opt/airflow/dags/dag_spark_python.py for tasks to queue
[2024-05-10T21:27:03.923+0000] {logging_mixin.py:115} INFO - [2024-05-10T21:27:03.922+0000] {dagbag.py:508} INFO - Filling up the DagBag from /opt/airflow/dags/dag_spark_python.py
[2024-05-10T21:27:04.188+0000] {processor.py:650} INFO - DAG(s) dict_keys(['pyspark_dag']) retrieved from /opt/airflow/dags/dag_spark_python.py
[2024-05-10T21:27:04.201+0000] {logging_mixin.py:115} INFO - [2024-05-10T21:27:04.201+0000] {dag.py:2429} INFO - Sync 1 DAGs
[2024-05-10T21:27:04.223+0000] {logging_mixin.py:115} INFO - [2024-05-10T21:27:04.223+0000] {dag.py:2981} INFO - Setting next_dagrun for pyspark_dag to 2024-05-09T21:27:04.222834+00:00, run_after=2024-05-10T21:27:04.222834+00:00
[2024-05-10T21:27:04.239+0000] {processor.py:161} INFO - Processing /opt/airflow/dags/dag_spark_python.py took 0.324 seconds
[2024-05-10T21:27:34.348+0000] {processor.py:153} INFO - Started process (PID=4631) to work on /opt/airflow/dags/dag_spark_python.py
[2024-05-10T21:27:34.350+0000] {processor.py:640} INFO - Processing file /opt/airflow/dags/dag_spark_python.py for tasks to queue
[2024-05-10T21:27:34.351+0000] {logging_mixin.py:115} INFO - [2024-05-10T21:27:34.351+0000] {dagbag.py:508} INFO - Filling up the DagBag from /opt/airflow/dags/dag_spark_python.py
[2024-05-10T21:27:34.573+0000] {processor.py:650} INFO - DAG(s) dict_keys(['pyspark_dag']) retrieved from /opt/airflow/dags/dag_spark_python.py
[2024-05-10T21:27:34.586+0000] {logging_mixin.py:115} INFO - [2024-05-10T21:27:34.586+0000] {dag.py:2429} INFO - Sync 1 DAGs
[2024-05-10T21:27:34.608+0000] {logging_mixin.py:115} INFO - [2024-05-10T21:27:34.608+0000] {dag.py:2981} INFO - Setting next_dagrun for pyspark_dag to 2024-05-09T21:27:34.607829+00:00, run_after=2024-05-10T21:27:34.607829+00:00
[2024-05-10T21:27:34.623+0000] {processor.py:161} INFO - Processing /opt/airflow/dags/dag_spark_python.py took 0.279 seconds
[2024-05-10T21:28:04.725+0000] {processor.py:153} INFO - Started process (PID=4664) to work on /opt/airflow/dags/dag_spark_python.py
[2024-05-10T21:28:04.726+0000] {processor.py:640} INFO - Processing file /opt/airflow/dags/dag_spark_python.py for tasks to queue
[2024-05-10T21:28:04.727+0000] {logging_mixin.py:115} INFO - [2024-05-10T21:28:04.727+0000] {dagbag.py:508} INFO - Filling up the DagBag from /opt/airflow/dags/dag_spark_python.py
[2024-05-10T21:28:04.945+0000] {processor.py:650} INFO - DAG(s) dict_keys(['pyspark_dag']) retrieved from /opt/airflow/dags/dag_spark_python.py
[2024-05-10T21:28:04.958+0000] {logging_mixin.py:115} INFO - [2024-05-10T21:28:04.958+0000] {dag.py:2429} INFO - Sync 1 DAGs
[2024-05-10T21:28:04.980+0000] {logging_mixin.py:115} INFO - [2024-05-10T21:28:04.980+0000] {dag.py:2981} INFO - Setting next_dagrun for pyspark_dag to 2024-05-09T21:28:04.980209+00:00, run_after=2024-05-10T21:28:04.980209+00:00
[2024-05-10T21:28:04.996+0000] {processor.py:161} INFO - Processing /opt/airflow/dags/dag_spark_python.py took 0.276 seconds
[2024-05-10T21:28:35.098+0000] {processor.py:153} INFO - Started process (PID=4706) to work on /opt/airflow/dags/dag_spark_python.py
[2024-05-10T21:28:35.099+0000] {processor.py:640} INFO - Processing file /opt/airflow/dags/dag_spark_python.py for tasks to queue
[2024-05-10T21:28:35.100+0000] {logging_mixin.py:115} INFO - [2024-05-10T21:28:35.100+0000] {dagbag.py:508} INFO - Filling up the DagBag from /opt/airflow/dags/dag_spark_python.py
[2024-05-10T21:28:35.316+0000] {processor.py:650} INFO - DAG(s) dict_keys(['pyspark_dag']) retrieved from /opt/airflow/dags/dag_spark_python.py
[2024-05-10T21:28:35.329+0000] {logging_mixin.py:115} INFO - [2024-05-10T21:28:35.329+0000] {dag.py:2429} INFO - Sync 1 DAGs
[2024-05-10T21:28:35.353+0000] {logging_mixin.py:115} INFO - [2024-05-10T21:28:35.353+0000] {dag.py:2981} INFO - Setting next_dagrun for pyspark_dag to 2024-05-09T21:28:35.352867+00:00, run_after=2024-05-10T21:28:35.352867+00:00
[2024-05-10T21:28:35.369+0000] {processor.py:161} INFO - Processing /opt/airflow/dags/dag_spark_python.py took 0.275 seconds
[2024-05-10T21:29:05.493+0000] {processor.py:153} INFO - Started process (PID=4747) to work on /opt/airflow/dags/dag_spark_python.py
[2024-05-10T21:29:05.497+0000] {processor.py:640} INFO - Processing file /opt/airflow/dags/dag_spark_python.py for tasks to queue
[2024-05-10T21:29:05.498+0000] {logging_mixin.py:115} INFO - [2024-05-10T21:29:05.498+0000] {dagbag.py:508} INFO - Filling up the DagBag from /opt/airflow/dags/dag_spark_python.py
[2024-05-10T21:29:05.815+0000] {processor.py:650} INFO - DAG(s) dict_keys(['pyspark_dag']) retrieved from /opt/airflow/dags/dag_spark_python.py
[2024-05-10T21:29:05.837+0000] {logging_mixin.py:115} INFO - [2024-05-10T21:29:05.836+0000] {dag.py:2429} INFO - Sync 1 DAGs
[2024-05-10T21:29:05.895+0000] {logging_mixin.py:115} INFO - [2024-05-10T21:29:05.895+0000] {dag.py:2981} INFO - Setting next_dagrun for pyspark_dag to 2024-05-09T21:29:05.895372+00:00, run_after=2024-05-10T21:29:05.895372+00:00
[2024-05-10T21:29:05.923+0000] {processor.py:161} INFO - Processing /opt/airflow/dags/dag_spark_python.py took 0.437 seconds
[2024-05-10T21:29:36.044+0000] {processor.py:153} INFO - Started process (PID=4779) to work on /opt/airflow/dags/dag_spark_python.py
[2024-05-10T21:29:36.046+0000] {processor.py:640} INFO - Processing file /opt/airflow/dags/dag_spark_python.py for tasks to queue
[2024-05-10T21:29:36.046+0000] {logging_mixin.py:115} INFO - [2024-05-10T21:29:36.046+0000] {dagbag.py:508} INFO - Filling up the DagBag from /opt/airflow/dags/dag_spark_python.py
[2024-05-10T21:29:36.256+0000] {processor.py:650} INFO - DAG(s) dict_keys(['pyspark_dag']) retrieved from /opt/airflow/dags/dag_spark_python.py
[2024-05-10T21:29:36.270+0000] {logging_mixin.py:115} INFO - [2024-05-10T21:29:36.270+0000] {dag.py:2429} INFO - Sync 1 DAGs
[2024-05-10T21:29:36.291+0000] {logging_mixin.py:115} INFO - [2024-05-10T21:29:36.291+0000] {dag.py:2981} INFO - Setting next_dagrun for pyspark_dag to 2024-05-09T21:29:36.291218+00:00, run_after=2024-05-10T21:29:36.291218+00:00
[2024-05-10T21:29:36.303+0000] {processor.py:161} INFO - Processing /opt/airflow/dags/dag_spark_python.py took 0.263 seconds
[2024-05-10T21:30:06.399+0000] {processor.py:153} INFO - Started process (PID=4821) to work on /opt/airflow/dags/dag_spark_python.py
[2024-05-10T21:30:06.401+0000] {processor.py:640} INFO - Processing file /opt/airflow/dags/dag_spark_python.py for tasks to queue
[2024-05-10T21:30:06.402+0000] {logging_mixin.py:115} INFO - [2024-05-10T21:30:06.402+0000] {dagbag.py:508} INFO - Filling up the DagBag from /opt/airflow/dags/dag_spark_python.py
[2024-05-10T21:30:06.613+0000] {processor.py:650} INFO - DAG(s) dict_keys(['pyspark_dag']) retrieved from /opt/airflow/dags/dag_spark_python.py
[2024-05-10T21:30:06.626+0000] {logging_mixin.py:115} INFO - [2024-05-10T21:30:06.626+0000] {dag.py:2429} INFO - Sync 1 DAGs
[2024-05-10T21:30:06.647+0000] {logging_mixin.py:115} INFO - [2024-05-10T21:30:06.647+0000] {dag.py:2981} INFO - Setting next_dagrun for pyspark_dag to 2024-05-09T21:30:06.646936+00:00, run_after=2024-05-10T21:30:06.646936+00:00
[2024-05-10T21:30:06.658+0000] {processor.py:161} INFO - Processing /opt/airflow/dags/dag_spark_python.py took 0.263 seconds
[2024-05-10T21:30:36.763+0000] {processor.py:153} INFO - Started process (PID=4860) to work on /opt/airflow/dags/dag_spark_python.py
[2024-05-10T21:30:36.771+0000] {processor.py:640} INFO - Processing file /opt/airflow/dags/dag_spark_python.py for tasks to queue
[2024-05-10T21:30:36.776+0000] {logging_mixin.py:115} INFO - [2024-05-10T21:30:36.775+0000] {dagbag.py:508} INFO - Filling up the DagBag from /opt/airflow/dags/dag_spark_python.py
[2024-05-10T21:30:36.997+0000] {processor.py:650} INFO - DAG(s) dict_keys(['pyspark_dag']) retrieved from /opt/airflow/dags/dag_spark_python.py
[2024-05-10T21:30:37.010+0000] {logging_mixin.py:115} INFO - [2024-05-10T21:30:37.010+0000] {dag.py:2429} INFO - Sync 1 DAGs
[2024-05-10T21:30:37.031+0000] {logging_mixin.py:115} INFO - [2024-05-10T21:30:37.031+0000] {dag.py:2981} INFO - Setting next_dagrun for pyspark_dag to 2024-05-09T21:30:37.031532+00:00, run_after=2024-05-10T21:30:37.031532+00:00
[2024-05-10T21:30:37.045+0000] {processor.py:161} INFO - Processing /opt/airflow/dags/dag_spark_python.py took 0.285 seconds
[2024-05-10T21:31:07.151+0000] {processor.py:153} INFO - Started process (PID=4895) to work on /opt/airflow/dags/dag_spark_python.py
[2024-05-10T21:31:07.152+0000] {processor.py:640} INFO - Processing file /opt/airflow/dags/dag_spark_python.py for tasks to queue
[2024-05-10T21:31:07.153+0000] {logging_mixin.py:115} INFO - [2024-05-10T21:31:07.153+0000] {dagbag.py:508} INFO - Filling up the DagBag from /opt/airflow/dags/dag_spark_python.py
[2024-05-10T21:31:07.363+0000] {processor.py:650} INFO - DAG(s) dict_keys(['pyspark_dag']) retrieved from /opt/airflow/dags/dag_spark_python.py
[2024-05-10T21:31:07.375+0000] {logging_mixin.py:115} INFO - [2024-05-10T21:31:07.375+0000] {dag.py:2429} INFO - Sync 1 DAGs
[2024-05-10T21:31:07.396+0000] {logging_mixin.py:115} INFO - [2024-05-10T21:31:07.396+0000] {dag.py:2981} INFO - Setting next_dagrun for pyspark_dag to 2024-05-09T21:31:07.396054+00:00, run_after=2024-05-10T21:31:07.396054+00:00
[2024-05-10T21:31:07.408+0000] {processor.py:161} INFO - Processing /opt/airflow/dags/dag_spark_python.py took 0.261 seconds
[2024-05-10T21:31:37.508+0000] {processor.py:153} INFO - Started process (PID=4937) to work on /opt/airflow/dags/dag_spark_python.py
[2024-05-10T21:31:37.509+0000] {processor.py:640} INFO - Processing file /opt/airflow/dags/dag_spark_python.py for tasks to queue
[2024-05-10T21:31:37.511+0000] {logging_mixin.py:115} INFO - [2024-05-10T21:31:37.510+0000] {dagbag.py:508} INFO - Filling up the DagBag from /opt/airflow/dags/dag_spark_python.py
[2024-05-10T21:31:37.725+0000] {processor.py:650} INFO - DAG(s) dict_keys(['pyspark_dag']) retrieved from /opt/airflow/dags/dag_spark_python.py
[2024-05-10T21:31:37.738+0000] {logging_mixin.py:115} INFO - [2024-05-10T21:31:37.738+0000] {dag.py:2429} INFO - Sync 1 DAGs
[2024-05-10T21:31:37.759+0000] {logging_mixin.py:115} INFO - [2024-05-10T21:31:37.759+0000] {dag.py:2981} INFO - Setting next_dagrun for pyspark_dag to 2024-05-09T21:31:37.759405+00:00, run_after=2024-05-10T21:31:37.759405+00:00
[2024-05-10T21:31:37.771+0000] {processor.py:161} INFO - Processing /opt/airflow/dags/dag_spark_python.py took 0.267 seconds
[2024-05-10T21:32:07.873+0000] {processor.py:153} INFO - Started process (PID=4970) to work on /opt/airflow/dags/dag_spark_python.py
[2024-05-10T21:32:07.874+0000] {processor.py:640} INFO - Processing file /opt/airflow/dags/dag_spark_python.py for tasks to queue
[2024-05-10T21:32:07.875+0000] {logging_mixin.py:115} INFO - [2024-05-10T21:32:07.875+0000] {dagbag.py:508} INFO - Filling up the DagBag from /opt/airflow/dags/dag_spark_python.py
[2024-05-10T21:32:08.087+0000] {processor.py:650} INFO - DAG(s) dict_keys(['pyspark_dag']) retrieved from /opt/airflow/dags/dag_spark_python.py
[2024-05-10T21:32:08.100+0000] {logging_mixin.py:115} INFO - [2024-05-10T21:32:08.100+0000] {dag.py:2429} INFO - Sync 1 DAGs
[2024-05-10T21:32:08.121+0000] {logging_mixin.py:115} INFO - [2024-05-10T21:32:08.121+0000] {dag.py:2981} INFO - Setting next_dagrun for pyspark_dag to 2024-05-09T21:32:08.121153+00:00, run_after=2024-05-10T21:32:08.121153+00:00
[2024-05-10T21:32:08.133+0000] {processor.py:161} INFO - Processing /opt/airflow/dags/dag_spark_python.py took 0.264 seconds
[2024-05-10T21:32:38.234+0000] {processor.py:153} INFO - Started process (PID=5012) to work on /opt/airflow/dags/dag_spark_python.py
[2024-05-10T21:32:38.236+0000] {processor.py:640} INFO - Processing file /opt/airflow/dags/dag_spark_python.py for tasks to queue
[2024-05-10T21:32:38.237+0000] {logging_mixin.py:115} INFO - [2024-05-10T21:32:38.237+0000] {dagbag.py:508} INFO - Filling up the DagBag from /opt/airflow/dags/dag_spark_python.py
[2024-05-10T21:32:38.447+0000] {processor.py:650} INFO - DAG(s) dict_keys(['pyspark_dag']) retrieved from /opt/airflow/dags/dag_spark_python.py
[2024-05-10T21:32:38.460+0000] {logging_mixin.py:115} INFO - [2024-05-10T21:32:38.460+0000] {dag.py:2429} INFO - Sync 1 DAGs
[2024-05-10T21:32:38.481+0000] {logging_mixin.py:115} INFO - [2024-05-10T21:32:38.481+0000] {dag.py:2981} INFO - Setting next_dagrun for pyspark_dag to 2024-05-09T21:32:38.481530+00:00, run_after=2024-05-10T21:32:38.481530+00:00
[2024-05-10T21:32:38.494+0000] {processor.py:161} INFO - Processing /opt/airflow/dags/dag_spark_python.py took 0.263 seconds
[2024-05-10T21:33:08.610+0000] {processor.py:153} INFO - Started process (PID=5054) to work on /opt/airflow/dags/dag_spark_python.py
[2024-05-10T21:33:08.611+0000] {processor.py:640} INFO - Processing file /opt/airflow/dags/dag_spark_python.py for tasks to queue
[2024-05-10T21:33:08.612+0000] {logging_mixin.py:115} INFO - [2024-05-10T21:33:08.612+0000] {dagbag.py:508} INFO - Filling up the DagBag from /opt/airflow/dags/dag_spark_python.py
[2024-05-10T21:33:08.824+0000] {processor.py:650} INFO - DAG(s) dict_keys(['pyspark_dag']) retrieved from /opt/airflow/dags/dag_spark_python.py
[2024-05-10T21:33:08.837+0000] {logging_mixin.py:115} INFO - [2024-05-10T21:33:08.837+0000] {dag.py:2429} INFO - Sync 1 DAGs
[2024-05-10T21:33:08.858+0000] {logging_mixin.py:115} INFO - [2024-05-10T21:33:08.858+0000] {dag.py:2981} INFO - Setting next_dagrun for pyspark_dag to 2024-05-09T21:33:08.858209+00:00, run_after=2024-05-10T21:33:08.858209+00:00
[2024-05-10T21:33:08.874+0000] {processor.py:161} INFO - Processing /opt/airflow/dags/dag_spark_python.py took 0.268 seconds
[2024-05-10T21:33:38.973+0000] {processor.py:153} INFO - Started process (PID=5087) to work on /opt/airflow/dags/dag_spark_python.py
[2024-05-10T21:33:38.974+0000] {processor.py:640} INFO - Processing file /opt/airflow/dags/dag_spark_python.py for tasks to queue
[2024-05-10T21:33:38.975+0000] {logging_mixin.py:115} INFO - [2024-05-10T21:33:38.974+0000] {dagbag.py:508} INFO - Filling up the DagBag from /opt/airflow/dags/dag_spark_python.py
[2024-05-10T21:33:39.187+0000] {processor.py:650} INFO - DAG(s) dict_keys(['pyspark_dag']) retrieved from /opt/airflow/dags/dag_spark_python.py
[2024-05-10T21:33:39.200+0000] {logging_mixin.py:115} INFO - [2024-05-10T21:33:39.200+0000] {dag.py:2429} INFO - Sync 1 DAGs
[2024-05-10T21:33:39.221+0000] {logging_mixin.py:115} INFO - [2024-05-10T21:33:39.221+0000] {dag.py:2981} INFO - Setting next_dagrun for pyspark_dag to 2024-05-09T21:33:39.221282+00:00, run_after=2024-05-10T21:33:39.221282+00:00
[2024-05-10T21:33:39.236+0000] {processor.py:161} INFO - Processing /opt/airflow/dags/dag_spark_python.py took 0.267 seconds
[2024-05-10T21:34:09.338+0000] {processor.py:153} INFO - Started process (PID=5129) to work on /opt/airflow/dags/dag_spark_python.py
[2024-05-10T21:34:09.339+0000] {processor.py:640} INFO - Processing file /opt/airflow/dags/dag_spark_python.py for tasks to queue
[2024-05-10T21:34:09.340+0000] {logging_mixin.py:115} INFO - [2024-05-10T21:34:09.340+0000] {dagbag.py:508} INFO - Filling up the DagBag from /opt/airflow/dags/dag_spark_python.py
[2024-05-10T21:34:09.552+0000] {processor.py:650} INFO - DAG(s) dict_keys(['pyspark_dag']) retrieved from /opt/airflow/dags/dag_spark_python.py
[2024-05-10T21:34:09.565+0000] {logging_mixin.py:115} INFO - [2024-05-10T21:34:09.564+0000] {dag.py:2429} INFO - Sync 1 DAGs
[2024-05-10T21:34:09.586+0000] {logging_mixin.py:115} INFO - [2024-05-10T21:34:09.586+0000] {dag.py:2981} INFO - Setting next_dagrun for pyspark_dag to 2024-05-09T21:34:09.586450+00:00, run_after=2024-05-10T21:34:09.586450+00:00
[2024-05-10T21:34:09.598+0000] {processor.py:161} INFO - Processing /opt/airflow/dags/dag_spark_python.py took 0.265 seconds
[2024-05-10T21:34:39.706+0000] {processor.py:153} INFO - Started process (PID=5170) to work on /opt/airflow/dags/dag_spark_python.py
[2024-05-10T21:34:39.707+0000] {processor.py:640} INFO - Processing file /opt/airflow/dags/dag_spark_python.py for tasks to queue
[2024-05-10T21:34:39.708+0000] {logging_mixin.py:115} INFO - [2024-05-10T21:34:39.708+0000] {dagbag.py:508} INFO - Filling up the DagBag from /opt/airflow/dags/dag_spark_python.py
[2024-05-10T21:34:39.932+0000] {processor.py:650} INFO - DAG(s) dict_keys(['pyspark_dag']) retrieved from /opt/airflow/dags/dag_spark_python.py
[2024-05-10T21:34:39.945+0000] {logging_mixin.py:115} INFO - [2024-05-10T21:34:39.944+0000] {dag.py:2429} INFO - Sync 1 DAGs
[2024-05-10T21:34:39.965+0000] {logging_mixin.py:115} INFO - [2024-05-10T21:34:39.965+0000] {dag.py:2981} INFO - Setting next_dagrun for pyspark_dag to 2024-05-09T21:34:39.965177+00:00, run_after=2024-05-10T21:34:39.965177+00:00
[2024-05-10T21:34:39.979+0000] {processor.py:161} INFO - Processing /opt/airflow/dags/dag_spark_python.py took 0.277 seconds
[2024-05-10T21:35:10.080+0000] {processor.py:153} INFO - Started process (PID=5203) to work on /opt/airflow/dags/dag_spark_python.py
[2024-05-10T21:35:10.081+0000] {processor.py:640} INFO - Processing file /opt/airflow/dags/dag_spark_python.py for tasks to queue
[2024-05-10T21:35:10.082+0000] {logging_mixin.py:115} INFO - [2024-05-10T21:35:10.082+0000] {dagbag.py:508} INFO - Filling up the DagBag from /opt/airflow/dags/dag_spark_python.py
[2024-05-10T21:35:10.293+0000] {processor.py:650} INFO - DAG(s) dict_keys(['pyspark_dag']) retrieved from /opt/airflow/dags/dag_spark_python.py
[2024-05-10T21:35:10.305+0000] {logging_mixin.py:115} INFO - [2024-05-10T21:35:10.305+0000] {dag.py:2429} INFO - Sync 1 DAGs
[2024-05-10T21:35:10.326+0000] {logging_mixin.py:115} INFO - [2024-05-10T21:35:10.326+0000] {dag.py:2981} INFO - Setting next_dagrun for pyspark_dag to 2024-05-09T21:35:10.326555+00:00, run_after=2024-05-10T21:35:10.326555+00:00
[2024-05-10T21:35:10.340+0000] {processor.py:161} INFO - Processing /opt/airflow/dags/dag_spark_python.py took 0.264 seconds
[2024-05-10T21:35:40.442+0000] {processor.py:153} INFO - Started process (PID=5245) to work on /opt/airflow/dags/dag_spark_python.py
[2024-05-10T21:35:40.443+0000] {processor.py:640} INFO - Processing file /opt/airflow/dags/dag_spark_python.py for tasks to queue
[2024-05-10T21:35:40.444+0000] {logging_mixin.py:115} INFO - [2024-05-10T21:35:40.443+0000] {dagbag.py:508} INFO - Filling up the DagBag from /opt/airflow/dags/dag_spark_python.py
[2024-05-10T21:35:40.651+0000] {processor.py:650} INFO - DAG(s) dict_keys(['pyspark_dag']) retrieved from /opt/airflow/dags/dag_spark_python.py
[2024-05-10T21:35:40.664+0000] {logging_mixin.py:115} INFO - [2024-05-10T21:35:40.664+0000] {dag.py:2429} INFO - Sync 1 DAGs
[2024-05-10T21:35:40.685+0000] {logging_mixin.py:115} INFO - [2024-05-10T21:35:40.685+0000] {dag.py:2981} INFO - Setting next_dagrun for pyspark_dag to 2024-05-09T21:35:40.684941+00:00, run_after=2024-05-10T21:35:40.684941+00:00
[2024-05-10T21:35:40.696+0000] {processor.py:161} INFO - Processing /opt/airflow/dags/dag_spark_python.py took 0.258 seconds
[2024-05-10T21:36:10.796+0000] {processor.py:153} INFO - Started process (PID=5287) to work on /opt/airflow/dags/dag_spark_python.py
[2024-05-10T21:36:10.798+0000] {processor.py:640} INFO - Processing file /opt/airflow/dags/dag_spark_python.py for tasks to queue
[2024-05-10T21:36:10.798+0000] {logging_mixin.py:115} INFO - [2024-05-10T21:36:10.798+0000] {dagbag.py:508} INFO - Filling up the DagBag from /opt/airflow/dags/dag_spark_python.py
[2024-05-10T21:36:11.009+0000] {processor.py:650} INFO - DAG(s) dict_keys(['pyspark_dag']) retrieved from /opt/airflow/dags/dag_spark_python.py
[2024-05-10T21:36:11.022+0000] {logging_mixin.py:115} INFO - [2024-05-10T21:36:11.022+0000] {dag.py:2429} INFO - Sync 1 DAGs
[2024-05-10T21:36:11.043+0000] {logging_mixin.py:115} INFO - [2024-05-10T21:36:11.043+0000] {dag.py:2981} INFO - Setting next_dagrun for pyspark_dag to 2024-05-09T21:36:11.042854+00:00, run_after=2024-05-10T21:36:11.042854+00:00
[2024-05-10T21:36:11.054+0000] {processor.py:161} INFO - Processing /opt/airflow/dags/dag_spark_python.py took 0.261 seconds
[2024-05-10T21:36:41.158+0000] {processor.py:153} INFO - Started process (PID=5320) to work on /opt/airflow/dags/dag_spark_python.py
[2024-05-10T21:36:41.159+0000] {processor.py:640} INFO - Processing file /opt/airflow/dags/dag_spark_python.py for tasks to queue
[2024-05-10T21:36:41.160+0000] {logging_mixin.py:115} INFO - [2024-05-10T21:36:41.160+0000] {dagbag.py:508} INFO - Filling up the DagBag from /opt/airflow/dags/dag_spark_python.py
[2024-05-10T21:36:41.371+0000] {processor.py:650} INFO - DAG(s) dict_keys(['pyspark_dag']) retrieved from /opt/airflow/dags/dag_spark_python.py
[2024-05-10T21:36:41.384+0000] {logging_mixin.py:115} INFO - [2024-05-10T21:36:41.383+0000] {dag.py:2429} INFO - Sync 1 DAGs
[2024-05-10T21:36:41.404+0000] {logging_mixin.py:115} INFO - [2024-05-10T21:36:41.404+0000] {dag.py:2981} INFO - Setting next_dagrun for pyspark_dag to 2024-05-09T21:36:41.404094+00:00, run_after=2024-05-10T21:36:41.404094+00:00
[2024-05-10T21:36:41.416+0000] {processor.py:161} INFO - Processing /opt/airflow/dags/dag_spark_python.py took 0.261 seconds
[2024-05-10T21:37:11.519+0000] {processor.py:153} INFO - Started process (PID=5361) to work on /opt/airflow/dags/dag_spark_python.py
[2024-05-10T21:37:11.520+0000] {processor.py:640} INFO - Processing file /opt/airflow/dags/dag_spark_python.py for tasks to queue
[2024-05-10T21:37:11.520+0000] {logging_mixin.py:115} INFO - [2024-05-10T21:37:11.520+0000] {dagbag.py:508} INFO - Filling up the DagBag from /opt/airflow/dags/dag_spark_python.py
[2024-05-10T21:37:11.725+0000] {processor.py:650} INFO - DAG(s) dict_keys(['pyspark_dag']) retrieved from /opt/airflow/dags/dag_spark_python.py
[2024-05-10T21:37:11.737+0000] {logging_mixin.py:115} INFO - [2024-05-10T21:37:11.737+0000] {dag.py:2429} INFO - Sync 1 DAGs
[2024-05-10T21:37:11.758+0000] {logging_mixin.py:115} INFO - [2024-05-10T21:37:11.757+0000] {dag.py:2981} INFO - Setting next_dagrun for pyspark_dag to 2024-05-09T21:37:11.757617+00:00, run_after=2024-05-10T21:37:11.757617+00:00
[2024-05-10T21:37:11.772+0000] {processor.py:161} INFO - Processing /opt/airflow/dags/dag_spark_python.py took 0.257 seconds
[2024-05-10T21:37:41.876+0000] {processor.py:153} INFO - Started process (PID=5402) to work on /opt/airflow/dags/dag_spark_python.py
[2024-05-10T21:37:41.877+0000] {processor.py:640} INFO - Processing file /opt/airflow/dags/dag_spark_python.py for tasks to queue
[2024-05-10T21:37:41.878+0000] {logging_mixin.py:115} INFO - [2024-05-10T21:37:41.878+0000] {dagbag.py:508} INFO - Filling up the DagBag from /opt/airflow/dags/dag_spark_python.py
[2024-05-10T21:37:42.090+0000] {processor.py:650} INFO - DAG(s) dict_keys(['pyspark_dag']) retrieved from /opt/airflow/dags/dag_spark_python.py
[2024-05-10T21:37:42.104+0000] {logging_mixin.py:115} INFO - [2024-05-10T21:37:42.104+0000] {dag.py:2429} INFO - Sync 1 DAGs
[2024-05-10T21:37:42.124+0000] {logging_mixin.py:115} INFO - [2024-05-10T21:37:42.124+0000] {dag.py:2981} INFO - Setting next_dagrun for pyspark_dag to 2024-05-09T21:37:42.124569+00:00, run_after=2024-05-10T21:37:42.124569+00:00
[2024-05-10T21:37:42.137+0000] {processor.py:161} INFO - Processing /opt/airflow/dags/dag_spark_python.py took 0.265 seconds
[2024-05-10T21:38:12.260+0000] {processor.py:153} INFO - Started process (PID=5435) to work on /opt/airflow/dags/dag_spark_python.py
[2024-05-10T21:38:12.261+0000] {processor.py:640} INFO - Processing file /opt/airflow/dags/dag_spark_python.py for tasks to queue
[2024-05-10T21:38:12.262+0000] {logging_mixin.py:115} INFO - [2024-05-10T21:38:12.261+0000] {dagbag.py:508} INFO - Filling up the DagBag from /opt/airflow/dags/dag_spark_python.py
[2024-05-10T21:38:12.468+0000] {processor.py:650} INFO - DAG(s) dict_keys(['pyspark_dag']) retrieved from /opt/airflow/dags/dag_spark_python.py
[2024-05-10T21:38:12.481+0000] {logging_mixin.py:115} INFO - [2024-05-10T21:38:12.480+0000] {dag.py:2429} INFO - Sync 1 DAGs
[2024-05-10T21:38:12.501+0000] {logging_mixin.py:115} INFO - [2024-05-10T21:38:12.501+0000] {dag.py:2981} INFO - Setting next_dagrun for pyspark_dag to 2024-05-09T21:38:12.500973+00:00, run_after=2024-05-10T21:38:12.500973+00:00
[2024-05-10T21:38:12.512+0000] {processor.py:161} INFO - Processing /opt/airflow/dags/dag_spark_python.py took 0.256 seconds
[2024-05-10T21:38:42.614+0000] {processor.py:153} INFO - Started process (PID=5477) to work on /opt/airflow/dags/dag_spark_python.py
[2024-05-10T21:38:42.615+0000] {processor.py:640} INFO - Processing file /opt/airflow/dags/dag_spark_python.py for tasks to queue
[2024-05-10T21:38:42.616+0000] {logging_mixin.py:115} INFO - [2024-05-10T21:38:42.616+0000] {dagbag.py:508} INFO - Filling up the DagBag from /opt/airflow/dags/dag_spark_python.py
[2024-05-10T21:38:42.821+0000] {processor.py:650} INFO - DAG(s) dict_keys(['pyspark_dag']) retrieved from /opt/airflow/dags/dag_spark_python.py
[2024-05-10T21:38:42.833+0000] {logging_mixin.py:115} INFO - [2024-05-10T21:38:42.833+0000] {dag.py:2429} INFO - Sync 1 DAGs
[2024-05-10T21:38:42.853+0000] {logging_mixin.py:115} INFO - [2024-05-10T21:38:42.853+0000] {dag.py:2981} INFO - Setting next_dagrun for pyspark_dag to 2024-05-09T21:38:42.853543+00:00, run_after=2024-05-10T21:38:42.853543+00:00
[2024-05-10T21:38:42.868+0000] {processor.py:161} INFO - Processing /opt/airflow/dags/dag_spark_python.py took 0.257 seconds
[2024-05-10T21:39:12.968+0000] {processor.py:153} INFO - Started process (PID=5519) to work on /opt/airflow/dags/dag_spark_python.py
[2024-05-10T21:39:12.969+0000] {processor.py:640} INFO - Processing file /opt/airflow/dags/dag_spark_python.py for tasks to queue
[2024-05-10T21:39:12.971+0000] {logging_mixin.py:115} INFO - [2024-05-10T21:39:12.970+0000] {dagbag.py:508} INFO - Filling up the DagBag from /opt/airflow/dags/dag_spark_python.py
[2024-05-10T21:39:13.185+0000] {processor.py:650} INFO - DAG(s) dict_keys(['pyspark_dag']) retrieved from /opt/airflow/dags/dag_spark_python.py
[2024-05-10T21:39:13.198+0000] {logging_mixin.py:115} INFO - [2024-05-10T21:39:13.198+0000] {dag.py:2429} INFO - Sync 1 DAGs
[2024-05-10T21:39:13.219+0000] {logging_mixin.py:115} INFO - [2024-05-10T21:39:13.219+0000] {dag.py:2981} INFO - Setting next_dagrun for pyspark_dag to 2024-05-09T21:39:13.219168+00:00, run_after=2024-05-10T21:39:13.219168+00:00
[2024-05-10T21:39:13.231+0000] {processor.py:161} INFO - Processing /opt/airflow/dags/dag_spark_python.py took 0.267 seconds
[2024-05-10T21:39:43.330+0000] {processor.py:153} INFO - Started process (PID=5552) to work on /opt/airflow/dags/dag_spark_python.py
[2024-05-10T21:39:43.331+0000] {processor.py:640} INFO - Processing file /opt/airflow/dags/dag_spark_python.py for tasks to queue
[2024-05-10T21:39:43.332+0000] {logging_mixin.py:115} INFO - [2024-05-10T21:39:43.332+0000] {dagbag.py:508} INFO - Filling up the DagBag from /opt/airflow/dags/dag_spark_python.py
[2024-05-10T21:39:43.537+0000] {processor.py:650} INFO - DAG(s) dict_keys(['pyspark_dag']) retrieved from /opt/airflow/dags/dag_spark_python.py
[2024-05-10T21:39:43.550+0000] {logging_mixin.py:115} INFO - [2024-05-10T21:39:43.550+0000] {dag.py:2429} INFO - Sync 1 DAGs
[2024-05-10T21:39:43.570+0000] {logging_mixin.py:115} INFO - [2024-05-10T21:39:43.570+0000] {dag.py:2981} INFO - Setting next_dagrun for pyspark_dag to 2024-05-09T21:39:43.570230+00:00, run_after=2024-05-10T21:39:43.570230+00:00
[2024-05-10T21:39:43.585+0000] {processor.py:161} INFO - Processing /opt/airflow/dags/dag_spark_python.py took 0.259 seconds
[2024-05-10T21:40:13.689+0000] {processor.py:153} INFO - Started process (PID=5594) to work on /opt/airflow/dags/dag_spark_python.py
[2024-05-10T21:40:13.690+0000] {processor.py:640} INFO - Processing file /opt/airflow/dags/dag_spark_python.py for tasks to queue
[2024-05-10T21:40:13.691+0000] {logging_mixin.py:115} INFO - [2024-05-10T21:40:13.690+0000] {dagbag.py:508} INFO - Filling up the DagBag from /opt/airflow/dags/dag_spark_python.py
[2024-05-10T21:40:13.900+0000] {processor.py:650} INFO - DAG(s) dict_keys(['pyspark_dag']) retrieved from /opt/airflow/dags/dag_spark_python.py
[2024-05-10T21:40:13.913+0000] {logging_mixin.py:115} INFO - [2024-05-10T21:40:13.912+0000] {dag.py:2429} INFO - Sync 1 DAGs
[2024-05-10T21:40:13.933+0000] {logging_mixin.py:115} INFO - [2024-05-10T21:40:13.933+0000] {dag.py:2981} INFO - Setting next_dagrun for pyspark_dag to 2024-05-09T21:40:13.933263+00:00, run_after=2024-05-10T21:40:13.933263+00:00
[2024-05-10T21:40:13.944+0000] {processor.py:161} INFO - Processing /opt/airflow/dags/dag_spark_python.py took 0.259 seconds
[2024-05-10T21:40:44.040+0000] {processor.py:153} INFO - Started process (PID=5636) to work on /opt/airflow/dags/dag_spark_python.py
[2024-05-10T21:40:44.041+0000] {processor.py:640} INFO - Processing file /opt/airflow/dags/dag_spark_python.py for tasks to queue
[2024-05-10T21:40:44.042+0000] {logging_mixin.py:115} INFO - [2024-05-10T21:40:44.042+0000] {dagbag.py:508} INFO - Filling up the DagBag from /opt/airflow/dags/dag_spark_python.py
[2024-05-10T21:40:44.268+0000] {processor.py:650} INFO - DAG(s) dict_keys(['pyspark_dag']) retrieved from /opt/airflow/dags/dag_spark_python.py
[2024-05-10T21:40:44.281+0000] {logging_mixin.py:115} INFO - [2024-05-10T21:40:44.281+0000] {dag.py:2429} INFO - Sync 1 DAGs
[2024-05-10T21:40:44.305+0000] {logging_mixin.py:115} INFO - [2024-05-10T21:40:44.305+0000] {dag.py:2981} INFO - Setting next_dagrun for pyspark_dag to 2024-05-09T21:40:44.304838+00:00, run_after=2024-05-10T21:40:44.304838+00:00
[2024-05-10T21:40:44.318+0000] {processor.py:161} INFO - Processing /opt/airflow/dags/dag_spark_python.py took 0.282 seconds
[2024-05-10T21:41:14.420+0000] {processor.py:153} INFO - Started process (PID=5669) to work on /opt/airflow/dags/dag_spark_python.py
[2024-05-10T21:41:14.422+0000] {processor.py:640} INFO - Processing file /opt/airflow/dags/dag_spark_python.py for tasks to queue
[2024-05-10T21:41:14.423+0000] {logging_mixin.py:115} INFO - [2024-05-10T21:41:14.423+0000] {dagbag.py:508} INFO - Filling up the DagBag from /opt/airflow/dags/dag_spark_python.py
[2024-05-10T21:41:14.631+0000] {processor.py:650} INFO - DAG(s) dict_keys(['pyspark_dag']) retrieved from /opt/airflow/dags/dag_spark_python.py
[2024-05-10T21:41:14.644+0000] {logging_mixin.py:115} INFO - [2024-05-10T21:41:14.644+0000] {dag.py:2429} INFO - Sync 1 DAGs
[2024-05-10T21:41:14.665+0000] {logging_mixin.py:115} INFO - [2024-05-10T21:41:14.664+0000] {dag.py:2981} INFO - Setting next_dagrun for pyspark_dag to 2024-05-09T21:41:14.664677+00:00, run_after=2024-05-10T21:41:14.664677+00:00
[2024-05-10T21:41:14.676+0000] {processor.py:161} INFO - Processing /opt/airflow/dags/dag_spark_python.py took 0.260 seconds
[2024-05-10T21:41:44.772+0000] {processor.py:153} INFO - Started process (PID=5711) to work on /opt/airflow/dags/dag_spark_python.py
[2024-05-10T21:41:44.773+0000] {processor.py:640} INFO - Processing file /opt/airflow/dags/dag_spark_python.py for tasks to queue
[2024-05-10T21:41:44.774+0000] {logging_mixin.py:115} INFO - [2024-05-10T21:41:44.774+0000] {dagbag.py:508} INFO - Filling up the DagBag from /opt/airflow/dags/dag_spark_python.py
[2024-05-10T21:41:44.980+0000] {processor.py:650} INFO - DAG(s) dict_keys(['pyspark_dag']) retrieved from /opt/airflow/dags/dag_spark_python.py
[2024-05-10T21:41:44.992+0000] {logging_mixin.py:115} INFO - [2024-05-10T21:41:44.992+0000] {dag.py:2429} INFO - Sync 1 DAGs
[2024-05-10T21:41:45.012+0000] {logging_mixin.py:115} INFO - [2024-05-10T21:41:45.012+0000] {dag.py:2981} INFO - Setting next_dagrun for pyspark_dag to 2024-05-09T21:41:45.012151+00:00, run_after=2024-05-10T21:41:45.012151+00:00
[2024-05-10T21:41:45.027+0000] {processor.py:161} INFO - Processing /opt/airflow/dags/dag_spark_python.py took 0.259 seconds
[2024-05-10T21:42:15.126+0000] {processor.py:153} INFO - Started process (PID=5753) to work on /opt/airflow/dags/dag_spark_python.py
[2024-05-10T21:42:15.127+0000] {processor.py:640} INFO - Processing file /opt/airflow/dags/dag_spark_python.py for tasks to queue
[2024-05-10T21:42:15.128+0000] {logging_mixin.py:115} INFO - [2024-05-10T21:42:15.127+0000] {dagbag.py:508} INFO - Filling up the DagBag from /opt/airflow/dags/dag_spark_python.py
[2024-05-10T21:42:15.340+0000] {processor.py:650} INFO - DAG(s) dict_keys(['pyspark_dag']) retrieved from /opt/airflow/dags/dag_spark_python.py
[2024-05-10T21:42:15.353+0000] {logging_mixin.py:115} INFO - [2024-05-10T21:42:15.353+0000] {dag.py:2429} INFO - Sync 1 DAGs
[2024-05-10T21:42:15.375+0000] {logging_mixin.py:115} INFO - [2024-05-10T21:42:15.375+0000] {dag.py:2981} INFO - Setting next_dagrun for pyspark_dag to 2024-05-09T21:42:15.375149+00:00, run_after=2024-05-10T21:42:15.375149+00:00
[2024-05-10T21:42:15.390+0000] {processor.py:161} INFO - Processing /opt/airflow/dags/dag_spark_python.py took 0.268 seconds
[2024-05-10T21:42:45.486+0000] {processor.py:153} INFO - Started process (PID=5784) to work on /opt/airflow/dags/dag_spark_python.py
[2024-05-10T21:42:45.488+0000] {processor.py:640} INFO - Processing file /opt/airflow/dags/dag_spark_python.py for tasks to queue
[2024-05-10T21:42:45.488+0000] {logging_mixin.py:115} INFO - [2024-05-10T21:42:45.488+0000] {dagbag.py:508} INFO - Filling up the DagBag from /opt/airflow/dags/dag_spark_python.py
[2024-05-10T21:42:45.696+0000] {processor.py:650} INFO - DAG(s) dict_keys(['pyspark_dag']) retrieved from /opt/airflow/dags/dag_spark_python.py
[2024-05-10T21:42:45.708+0000] {logging_mixin.py:115} INFO - [2024-05-10T21:42:45.708+0000] {dag.py:2429} INFO - Sync 1 DAGs
[2024-05-10T21:42:45.729+0000] {logging_mixin.py:115} INFO - [2024-05-10T21:42:45.728+0000] {dag.py:2981} INFO - Setting next_dagrun for pyspark_dag to 2024-05-09T21:42:45.728765+00:00, run_after=2024-05-10T21:42:45.728765+00:00
[2024-05-10T21:42:45.740+0000] {processor.py:161} INFO - Processing /opt/airflow/dags/dag_spark_python.py took 0.258 seconds
[2024-05-10T21:43:15.856+0000] {processor.py:153} INFO - Started process (PID=5826) to work on /opt/airflow/dags/dag_spark_python.py
[2024-05-10T21:43:15.858+0000] {processor.py:640} INFO - Processing file /opt/airflow/dags/dag_spark_python.py for tasks to queue
[2024-05-10T21:43:15.859+0000] {logging_mixin.py:115} INFO - [2024-05-10T21:43:15.859+0000] {dagbag.py:508} INFO - Filling up the DagBag from /opt/airflow/dags/dag_spark_python.py
[2024-05-10T21:43:16.067+0000] {processor.py:650} INFO - DAG(s) dict_keys(['pyspark_dag']) retrieved from /opt/airflow/dags/dag_spark_python.py
[2024-05-10T21:43:16.079+0000] {logging_mixin.py:115} INFO - [2024-05-10T21:43:16.079+0000] {dag.py:2429} INFO - Sync 1 DAGs
[2024-05-10T21:43:16.099+0000] {logging_mixin.py:115} INFO - [2024-05-10T21:43:16.099+0000] {dag.py:2981} INFO - Setting next_dagrun for pyspark_dag to 2024-05-09T21:43:16.099262+00:00, run_after=2024-05-10T21:43:16.099262+00:00
[2024-05-10T21:43:16.114+0000] {processor.py:161} INFO - Processing /opt/airflow/dags/dag_spark_python.py took 0.261 seconds
[2024-05-10T21:43:46.218+0000] {processor.py:153} INFO - Started process (PID=5868) to work on /opt/airflow/dags/dag_spark_python.py
[2024-05-10T21:43:46.220+0000] {processor.py:640} INFO - Processing file /opt/airflow/dags/dag_spark_python.py for tasks to queue
[2024-05-10T21:43:46.221+0000] {logging_mixin.py:115} INFO - [2024-05-10T21:43:46.221+0000] {dagbag.py:508} INFO - Filling up the DagBag from /opt/airflow/dags/dag_spark_python.py
[2024-05-10T21:43:46.432+0000] {processor.py:650} INFO - DAG(s) dict_keys(['pyspark_dag']) retrieved from /opt/airflow/dags/dag_spark_python.py
[2024-05-10T21:43:46.444+0000] {logging_mixin.py:115} INFO - [2024-05-10T21:43:46.444+0000] {dag.py:2429} INFO - Sync 1 DAGs
[2024-05-10T21:43:46.466+0000] {logging_mixin.py:115} INFO - [2024-05-10T21:43:46.466+0000] {dag.py:2981} INFO - Setting next_dagrun for pyspark_dag to 2024-05-09T21:43:46.465846+00:00, run_after=2024-05-10T21:43:46.465846+00:00
[2024-05-10T21:43:46.481+0000] {processor.py:161} INFO - Processing /opt/airflow/dags/dag_spark_python.py took 0.266 seconds
[2024-05-10T21:44:16.583+0000] {processor.py:153} INFO - Started process (PID=5901) to work on /opt/airflow/dags/dag_spark_python.py
[2024-05-10T21:44:16.584+0000] {processor.py:640} INFO - Processing file /opt/airflow/dags/dag_spark_python.py for tasks to queue
[2024-05-10T21:44:16.585+0000] {logging_mixin.py:115} INFO - [2024-05-10T21:44:16.585+0000] {dagbag.py:508} INFO - Filling up the DagBag from /opt/airflow/dags/dag_spark_python.py
[2024-05-10T21:44:16.790+0000] {processor.py:650} INFO - DAG(s) dict_keys(['pyspark_dag']) retrieved from /opt/airflow/dags/dag_spark_python.py
[2024-05-10T21:44:16.802+0000] {logging_mixin.py:115} INFO - [2024-05-10T21:44:16.802+0000] {dag.py:2429} INFO - Sync 1 DAGs
[2024-05-10T21:44:16.823+0000] {logging_mixin.py:115} INFO - [2024-05-10T21:44:16.822+0000] {dag.py:2981} INFO - Setting next_dagrun for pyspark_dag to 2024-05-09T21:44:16.822678+00:00, run_after=2024-05-10T21:44:16.822678+00:00
[2024-05-10T21:44:16.834+0000] {processor.py:161} INFO - Processing /opt/airflow/dags/dag_spark_python.py took 0.255 seconds
[2024-05-10T21:44:46.935+0000] {processor.py:153} INFO - Started process (PID=5943) to work on /opt/airflow/dags/dag_spark_python.py
[2024-05-10T21:44:46.936+0000] {processor.py:640} INFO - Processing file /opt/airflow/dags/dag_spark_python.py for tasks to queue
[2024-05-10T21:44:46.940+0000] {logging_mixin.py:115} INFO - [2024-05-10T21:44:46.939+0000] {dagbag.py:508} INFO - Filling up the DagBag from /opt/airflow/dags/dag_spark_python.py
[2024-05-10T21:44:47.144+0000] {processor.py:650} INFO - DAG(s) dict_keys(['pyspark_dag']) retrieved from /opt/airflow/dags/dag_spark_python.py
[2024-05-10T21:44:47.156+0000] {logging_mixin.py:115} INFO - [2024-05-10T21:44:47.156+0000] {dag.py:2429} INFO - Sync 1 DAGs
[2024-05-10T21:44:47.176+0000] {logging_mixin.py:115} INFO - [2024-05-10T21:44:47.176+0000] {dag.py:2981} INFO - Setting next_dagrun for pyspark_dag to 2024-05-09T21:44:47.176073+00:00, run_after=2024-05-10T21:44:47.176073+00:00
[2024-05-10T21:44:47.187+0000] {processor.py:161} INFO - Processing /opt/airflow/dags/dag_spark_python.py took 0.256 seconds
[2024-05-10T21:45:17.289+0000] {processor.py:153} INFO - Started process (PID=5983) to work on /opt/airflow/dags/dag_spark_python.py
[2024-05-10T21:45:17.290+0000] {processor.py:640} INFO - Processing file /opt/airflow/dags/dag_spark_python.py for tasks to queue
[2024-05-10T21:45:17.291+0000] {logging_mixin.py:115} INFO - [2024-05-10T21:45:17.291+0000] {dagbag.py:508} INFO - Filling up the DagBag from /opt/airflow/dags/dag_spark_python.py
[2024-05-10T21:45:17.501+0000] {processor.py:650} INFO - DAG(s) dict_keys(['pyspark_dag']) retrieved from /opt/airflow/dags/dag_spark_python.py
[2024-05-10T21:45:17.515+0000] {logging_mixin.py:115} INFO - [2024-05-10T21:45:17.514+0000] {dag.py:2429} INFO - Sync 1 DAGs
[2024-05-10T21:45:17.536+0000] {logging_mixin.py:115} INFO - [2024-05-10T21:45:17.536+0000] {dag.py:2981} INFO - Setting next_dagrun for pyspark_dag to 2024-05-09T21:45:17.536089+00:00, run_after=2024-05-10T21:45:17.536089+00:00
[2024-05-10T21:45:17.548+0000] {processor.py:161} INFO - Processing /opt/airflow/dags/dag_spark_python.py took 0.263 seconds
[2024-05-10T21:45:47.648+0000] {processor.py:153} INFO - Started process (PID=6018) to work on /opt/airflow/dags/dag_spark_python.py
[2024-05-10T21:45:47.649+0000] {processor.py:640} INFO - Processing file /opt/airflow/dags/dag_spark_python.py for tasks to queue
[2024-05-10T21:45:47.650+0000] {logging_mixin.py:115} INFO - [2024-05-10T21:45:47.650+0000] {dagbag.py:508} INFO - Filling up the DagBag from /opt/airflow/dags/dag_spark_python.py
[2024-05-10T21:45:47.857+0000] {processor.py:650} INFO - DAG(s) dict_keys(['pyspark_dag']) retrieved from /opt/airflow/dags/dag_spark_python.py
[2024-05-10T21:45:47.870+0000] {logging_mixin.py:115} INFO - [2024-05-10T21:45:47.870+0000] {dag.py:2429} INFO - Sync 1 DAGs
[2024-05-10T21:45:47.890+0000] {logging_mixin.py:115} INFO - [2024-05-10T21:45:47.890+0000] {dag.py:2981} INFO - Setting next_dagrun for pyspark_dag to 2024-05-09T21:45:47.890524+00:00, run_after=2024-05-10T21:45:47.890524+00:00
[2024-05-10T21:45:47.905+0000] {processor.py:161} INFO - Processing /opt/airflow/dags/dag_spark_python.py took 0.260 seconds
[2024-05-10T21:46:18.008+0000] {processor.py:153} INFO - Started process (PID=6060) to work on /opt/airflow/dags/dag_spark_python.py
[2024-05-10T21:46:18.009+0000] {processor.py:640} INFO - Processing file /opt/airflow/dags/dag_spark_python.py for tasks to queue
[2024-05-10T21:46:18.010+0000] {logging_mixin.py:115} INFO - [2024-05-10T21:46:18.010+0000] {dagbag.py:508} INFO - Filling up the DagBag from /opt/airflow/dags/dag_spark_python.py
[2024-05-10T21:46:18.217+0000] {processor.py:650} INFO - DAG(s) dict_keys(['pyspark_dag']) retrieved from /opt/airflow/dags/dag_spark_python.py
[2024-05-10T21:46:18.230+0000] {logging_mixin.py:115} INFO - [2024-05-10T21:46:18.230+0000] {dag.py:2429} INFO - Sync 1 DAGs
[2024-05-10T21:46:18.251+0000] {logging_mixin.py:115} INFO - [2024-05-10T21:46:18.251+0000] {dag.py:2981} INFO - Setting next_dagrun for pyspark_dag to 2024-05-09T21:46:18.251315+00:00, run_after=2024-05-10T21:46:18.251315+00:00
[2024-05-10T21:46:18.263+0000] {processor.py:161} INFO - Processing /opt/airflow/dags/dag_spark_python.py took 0.259 seconds
[2024-05-10T21:46:48.365+0000] {processor.py:153} INFO - Started process (PID=6093) to work on /opt/airflow/dags/dag_spark_python.py
[2024-05-10T21:46:48.367+0000] {processor.py:640} INFO - Processing file /opt/airflow/dags/dag_spark_python.py for tasks to queue
[2024-05-10T21:46:48.368+0000] {logging_mixin.py:115} INFO - [2024-05-10T21:46:48.367+0000] {dagbag.py:508} INFO - Filling up the DagBag from /opt/airflow/dags/dag_spark_python.py
[2024-05-10T21:46:48.573+0000] {processor.py:650} INFO - DAG(s) dict_keys(['pyspark_dag']) retrieved from /opt/airflow/dags/dag_spark_python.py
[2024-05-10T21:46:48.585+0000] {logging_mixin.py:115} INFO - [2024-05-10T21:46:48.585+0000] {dag.py:2429} INFO - Sync 1 DAGs
[2024-05-10T21:46:48.607+0000] {logging_mixin.py:115} INFO - [2024-05-10T21:46:48.606+0000] {dag.py:2981} INFO - Setting next_dagrun for pyspark_dag to 2024-05-09T21:46:48.606663+00:00, run_after=2024-05-10T21:46:48.606663+00:00
[2024-05-10T21:46:48.620+0000] {processor.py:161} INFO - Processing /opt/airflow/dags/dag_spark_python.py took 0.258 seconds
[2024-05-10T21:47:18.725+0000] {processor.py:153} INFO - Started process (PID=6135) to work on /opt/airflow/dags/dag_spark_python.py
[2024-05-10T21:47:18.726+0000] {processor.py:640} INFO - Processing file /opt/airflow/dags/dag_spark_python.py for tasks to queue
[2024-05-10T21:47:18.727+0000] {logging_mixin.py:115} INFO - [2024-05-10T21:47:18.727+0000] {dagbag.py:508} INFO - Filling up the DagBag from /opt/airflow/dags/dag_spark_python.py
[2024-05-10T21:47:18.935+0000] {processor.py:650} INFO - DAG(s) dict_keys(['pyspark_dag']) retrieved from /opt/airflow/dags/dag_spark_python.py
[2024-05-10T21:47:18.948+0000] {logging_mixin.py:115} INFO - [2024-05-10T21:47:18.948+0000] {dag.py:2429} INFO - Sync 1 DAGs
[2024-05-10T21:47:18.968+0000] {logging_mixin.py:115} INFO - [2024-05-10T21:47:18.968+0000] {dag.py:2981} INFO - Setting next_dagrun for pyspark_dag to 2024-05-09T21:47:18.968406+00:00, run_after=2024-05-10T21:47:18.968406+00:00
[2024-05-10T21:47:18.980+0000] {processor.py:161} INFO - Processing /opt/airflow/dags/dag_spark_python.py took 0.258 seconds
[2024-05-10T21:47:49.075+0000] {processor.py:153} INFO - Started process (PID=6177) to work on /opt/airflow/dags/dag_spark_python.py
[2024-05-10T21:47:49.076+0000] {processor.py:640} INFO - Processing file /opt/airflow/dags/dag_spark_python.py for tasks to queue
[2024-05-10T21:47:49.077+0000] {logging_mixin.py:115} INFO - [2024-05-10T21:47:49.077+0000] {dagbag.py:508} INFO - Filling up the DagBag from /opt/airflow/dags/dag_spark_python.py
[2024-05-10T21:47:49.283+0000] {processor.py:650} INFO - DAG(s) dict_keys(['pyspark_dag']) retrieved from /opt/airflow/dags/dag_spark_python.py
[2024-05-10T21:47:49.295+0000] {logging_mixin.py:115} INFO - [2024-05-10T21:47:49.295+0000] {dag.py:2429} INFO - Sync 1 DAGs
[2024-05-10T21:47:49.315+0000] {logging_mixin.py:115} INFO - [2024-05-10T21:47:49.315+0000] {dag.py:2981} INFO - Setting next_dagrun for pyspark_dag to 2024-05-09T21:47:49.315533+00:00, run_after=2024-05-10T21:47:49.315533+00:00
[2024-05-10T21:47:49.327+0000] {processor.py:161} INFO - Processing /opt/airflow/dags/dag_spark_python.py took 0.256 seconds
[2024-05-10T21:48:19.429+0000] {processor.py:153} INFO - Started process (PID=6210) to work on /opt/airflow/dags/dag_spark_python.py
[2024-05-10T21:48:19.430+0000] {processor.py:640} INFO - Processing file /opt/airflow/dags/dag_spark_python.py for tasks to queue
[2024-05-10T21:48:19.431+0000] {logging_mixin.py:115} INFO - [2024-05-10T21:48:19.431+0000] {dagbag.py:508} INFO - Filling up the DagBag from /opt/airflow/dags/dag_spark_python.py
[2024-05-10T21:48:19.637+0000] {processor.py:650} INFO - DAG(s) dict_keys(['pyspark_dag']) retrieved from /opt/airflow/dags/dag_spark_python.py
[2024-05-10T21:48:19.649+0000] {logging_mixin.py:115} INFO - [2024-05-10T21:48:19.649+0000] {dag.py:2429} INFO - Sync 1 DAGs
[2024-05-10T21:48:19.669+0000] {logging_mixin.py:115} INFO - [2024-05-10T21:48:19.669+0000] {dag.py:2981} INFO - Setting next_dagrun for pyspark_dag to 2024-05-09T21:48:19.669313+00:00, run_after=2024-05-10T21:48:19.669313+00:00
[2024-05-10T21:48:19.681+0000] {processor.py:161} INFO - Processing /opt/airflow/dags/dag_spark_python.py took 0.256 seconds
[2024-05-10T21:48:49.784+0000] {processor.py:153} INFO - Started process (PID=6252) to work on /opt/airflow/dags/dag_spark_python.py
[2024-05-10T21:48:49.785+0000] {processor.py:640} INFO - Processing file /opt/airflow/dags/dag_spark_python.py for tasks to queue
[2024-05-10T21:48:49.786+0000] {logging_mixin.py:115} INFO - [2024-05-10T21:48:49.786+0000] {dagbag.py:508} INFO - Filling up the DagBag from /opt/airflow/dags/dag_spark_python.py
[2024-05-10T21:48:50.002+0000] {processor.py:650} INFO - DAG(s) dict_keys(['pyspark_dag']) retrieved from /opt/airflow/dags/dag_spark_python.py
[2024-05-10T21:48:50.015+0000] {logging_mixin.py:115} INFO - [2024-05-10T21:48:50.015+0000] {dag.py:2429} INFO - Sync 1 DAGs
[2024-05-10T21:48:50.036+0000] {logging_mixin.py:115} INFO - [2024-05-10T21:48:50.036+0000] {dag.py:2981} INFO - Setting next_dagrun for pyspark_dag to 2024-05-09T21:48:50.036283+00:00, run_after=2024-05-10T21:48:50.036283+00:00
[2024-05-10T21:48:50.049+0000] {processor.py:161} INFO - Processing /opt/airflow/dags/dag_spark_python.py took 0.269 seconds
[2024-05-10T21:49:20.154+0000] {processor.py:153} INFO - Started process (PID=6294) to work on /opt/airflow/dags/dag_spark_python.py
[2024-05-10T21:49:20.155+0000] {processor.py:640} INFO - Processing file /opt/airflow/dags/dag_spark_python.py for tasks to queue
[2024-05-10T21:49:20.157+0000] {logging_mixin.py:115} INFO - [2024-05-10T21:49:20.156+0000] {dagbag.py:508} INFO - Filling up the DagBag from /opt/airflow/dags/dag_spark_python.py
[2024-05-10T21:49:20.373+0000] {processor.py:650} INFO - DAG(s) dict_keys(['pyspark_dag']) retrieved from /opt/airflow/dags/dag_spark_python.py
[2024-05-10T21:49:20.386+0000] {logging_mixin.py:115} INFO - [2024-05-10T21:49:20.386+0000] {dag.py:2429} INFO - Sync 1 DAGs
[2024-05-10T21:49:20.406+0000] {logging_mixin.py:115} INFO - [2024-05-10T21:49:20.406+0000] {dag.py:2981} INFO - Setting next_dagrun for pyspark_dag to 2024-05-09T21:49:20.406387+00:00, run_after=2024-05-10T21:49:20.406387+00:00
[2024-05-10T21:49:20.418+0000] {processor.py:161} INFO - Processing /opt/airflow/dags/dag_spark_python.py took 0.268 seconds
[2024-05-10T21:49:50.522+0000] {processor.py:153} INFO - Started process (PID=6327) to work on /opt/airflow/dags/dag_spark_python.py
[2024-05-10T21:49:50.523+0000] {processor.py:640} INFO - Processing file /opt/airflow/dags/dag_spark_python.py for tasks to queue
[2024-05-10T21:49:50.523+0000] {logging_mixin.py:115} INFO - [2024-05-10T21:49:50.523+0000] {dagbag.py:508} INFO - Filling up the DagBag from /opt/airflow/dags/dag_spark_python.py
[2024-05-10T21:49:50.740+0000] {processor.py:650} INFO - DAG(s) dict_keys(['pyspark_dag']) retrieved from /opt/airflow/dags/dag_spark_python.py
[2024-05-10T21:49:50.753+0000] {logging_mixin.py:115} INFO - [2024-05-10T21:49:50.753+0000] {dag.py:2429} INFO - Sync 1 DAGs
[2024-05-10T21:49:50.774+0000] {logging_mixin.py:115} INFO - [2024-05-10T21:49:50.773+0000] {dag.py:2981} INFO - Setting next_dagrun for pyspark_dag to 2024-05-09T21:49:50.773737+00:00, run_after=2024-05-10T21:49:50.773737+00:00
[2024-05-10T21:49:50.785+0000] {processor.py:161} INFO - Processing /opt/airflow/dags/dag_spark_python.py took 0.267 seconds
[2024-05-10T21:50:20.878+0000] {processor.py:153} INFO - Started process (PID=6368) to work on /opt/airflow/dags/dag_spark_python.py
[2024-05-10T21:50:20.880+0000] {processor.py:640} INFO - Processing file /opt/airflow/dags/dag_spark_python.py for tasks to queue
[2024-05-10T21:50:20.881+0000] {logging_mixin.py:115} INFO - [2024-05-10T21:50:20.881+0000] {dagbag.py:508} INFO - Filling up the DagBag from /opt/airflow/dags/dag_spark_python.py
[2024-05-10T21:50:21.098+0000] {processor.py:650} INFO - DAG(s) dict_keys(['pyspark_dag']) retrieved from /opt/airflow/dags/dag_spark_python.py
[2024-05-10T21:50:21.110+0000] {logging_mixin.py:115} INFO - [2024-05-10T21:50:21.110+0000] {dag.py:2429} INFO - Sync 1 DAGs
[2024-05-10T21:50:21.130+0000] {logging_mixin.py:115} INFO - [2024-05-10T21:50:21.130+0000] {dag.py:2981} INFO - Setting next_dagrun for pyspark_dag to 2024-05-09T21:50:21.130294+00:00, run_after=2024-05-10T21:50:21.130294+00:00
[2024-05-10T21:50:21.145+0000] {processor.py:161} INFO - Processing /opt/airflow/dags/dag_spark_python.py took 0.270 seconds
[2024-05-10T21:50:51.247+0000] {processor.py:153} INFO - Started process (PID=6410) to work on /opt/airflow/dags/dag_spark_python.py
[2024-05-10T21:50:51.249+0000] {processor.py:640} INFO - Processing file /opt/airflow/dags/dag_spark_python.py for tasks to queue
[2024-05-10T21:50:51.250+0000] {logging_mixin.py:115} INFO - [2024-05-10T21:50:51.249+0000] {dagbag.py:508} INFO - Filling up the DagBag from /opt/airflow/dags/dag_spark_python.py
[2024-05-10T21:50:51.463+0000] {processor.py:650} INFO - DAG(s) dict_keys(['pyspark_dag']) retrieved from /opt/airflow/dags/dag_spark_python.py
[2024-05-10T21:50:51.477+0000] {logging_mixin.py:115} INFO - [2024-05-10T21:50:51.477+0000] {dag.py:2429} INFO - Sync 1 DAGs
[2024-05-10T21:50:51.500+0000] {logging_mixin.py:115} INFO - [2024-05-10T21:50:51.500+0000] {dag.py:2981} INFO - Setting next_dagrun for pyspark_dag to 2024-05-09T21:50:51.500248+00:00, run_after=2024-05-10T21:50:51.500248+00:00
[2024-05-10T21:50:51.516+0000] {processor.py:161} INFO - Processing /opt/airflow/dags/dag_spark_python.py took 0.272 seconds
[2024-05-10T21:51:21.620+0000] {processor.py:153} INFO - Started process (PID=6443) to work on /opt/airflow/dags/dag_spark_python.py
[2024-05-10T21:51:21.621+0000] {processor.py:640} INFO - Processing file /opt/airflow/dags/dag_spark_python.py for tasks to queue
[2024-05-10T21:51:21.622+0000] {logging_mixin.py:115} INFO - [2024-05-10T21:51:21.622+0000] {dagbag.py:508} INFO - Filling up the DagBag from /opt/airflow/dags/dag_spark_python.py
[2024-05-10T21:51:21.828+0000] {processor.py:650} INFO - DAG(s) dict_keys(['pyspark_dag']) retrieved from /opt/airflow/dags/dag_spark_python.py
[2024-05-10T21:51:21.842+0000] {logging_mixin.py:115} INFO - [2024-05-10T21:51:21.842+0000] {dag.py:2429} INFO - Sync 1 DAGs
[2024-05-10T21:51:21.865+0000] {logging_mixin.py:115} INFO - [2024-05-10T21:51:21.865+0000] {dag.py:2981} INFO - Setting next_dagrun for pyspark_dag to 2024-05-09T21:51:21.865101+00:00, run_after=2024-05-10T21:51:21.865101+00:00
[2024-05-10T21:51:21.878+0000] {processor.py:161} INFO - Processing /opt/airflow/dags/dag_spark_python.py took 0.261 seconds
[2024-05-10T21:51:51.980+0000] {processor.py:153} INFO - Started process (PID=6485) to work on /opt/airflow/dags/dag_spark_python.py
[2024-05-10T21:51:51.981+0000] {processor.py:640} INFO - Processing file /opt/airflow/dags/dag_spark_python.py for tasks to queue
[2024-05-10T21:51:51.982+0000] {logging_mixin.py:115} INFO - [2024-05-10T21:51:51.982+0000] {dagbag.py:508} INFO - Filling up the DagBag from /opt/airflow/dags/dag_spark_python.py
[2024-05-10T21:51:52.187+0000] {processor.py:650} INFO - DAG(s) dict_keys(['pyspark_dag']) retrieved from /opt/airflow/dags/dag_spark_python.py
[2024-05-10T21:51:52.199+0000] {logging_mixin.py:115} INFO - [2024-05-10T21:51:52.199+0000] {dag.py:2429} INFO - Sync 1 DAGs
[2024-05-10T21:51:52.219+0000] {logging_mixin.py:115} INFO - [2024-05-10T21:51:52.219+0000] {dag.py:2981} INFO - Setting next_dagrun for pyspark_dag to 2024-05-09T21:51:52.219390+00:00, run_after=2024-05-10T21:51:52.219390+00:00
[2024-05-10T21:51:52.231+0000] {processor.py:161} INFO - Processing /opt/airflow/dags/dag_spark_python.py took 0.255 seconds
[2024-05-10T21:52:22.332+0000] {processor.py:153} INFO - Started process (PID=6527) to work on /opt/airflow/dags/dag_spark_python.py
[2024-05-10T21:52:22.333+0000] {processor.py:640} INFO - Processing file /opt/airflow/dags/dag_spark_python.py for tasks to queue
[2024-05-10T21:52:22.334+0000] {logging_mixin.py:115} INFO - [2024-05-10T21:52:22.334+0000] {dagbag.py:508} INFO - Filling up the DagBag from /opt/airflow/dags/dag_spark_python.py
[2024-05-10T21:52:22.538+0000] {processor.py:650} INFO - DAG(s) dict_keys(['pyspark_dag']) retrieved from /opt/airflow/dags/dag_spark_python.py
[2024-05-10T21:52:22.550+0000] {logging_mixin.py:115} INFO - [2024-05-10T21:52:22.550+0000] {dag.py:2429} INFO - Sync 1 DAGs
[2024-05-10T21:52:22.572+0000] {logging_mixin.py:115} INFO - [2024-05-10T21:52:22.572+0000] {dag.py:2981} INFO - Setting next_dagrun for pyspark_dag to 2024-05-09T21:52:22.571991+00:00, run_after=2024-05-10T21:52:22.571991+00:00
[2024-05-10T21:52:22.586+0000] {processor.py:161} INFO - Processing /opt/airflow/dags/dag_spark_python.py took 0.258 seconds
[2024-05-10T21:52:52.690+0000] {processor.py:153} INFO - Started process (PID=6560) to work on /opt/airflow/dags/dag_spark_python.py
[2024-05-10T21:52:52.691+0000] {processor.py:640} INFO - Processing file /opt/airflow/dags/dag_spark_python.py for tasks to queue
[2024-05-10T21:52:52.692+0000] {logging_mixin.py:115} INFO - [2024-05-10T21:52:52.692+0000] {dagbag.py:508} INFO - Filling up the DagBag from /opt/airflow/dags/dag_spark_python.py
[2024-05-10T21:52:52.899+0000] {processor.py:650} INFO - DAG(s) dict_keys(['pyspark_dag']) retrieved from /opt/airflow/dags/dag_spark_python.py
[2024-05-10T21:52:52.912+0000] {logging_mixin.py:115} INFO - [2024-05-10T21:52:52.911+0000] {dag.py:2429} INFO - Sync 1 DAGs
[2024-05-10T21:52:52.932+0000] {logging_mixin.py:115} INFO - [2024-05-10T21:52:52.932+0000] {dag.py:2981} INFO - Setting next_dagrun for pyspark_dag to 2024-05-09T21:52:52.932072+00:00, run_after=2024-05-10T21:52:52.932072+00:00
[2024-05-10T21:52:52.946+0000] {processor.py:161} INFO - Processing /opt/airflow/dags/dag_spark_python.py took 0.260 seconds
[2024-05-10T21:53:23.046+0000] {processor.py:153} INFO - Started process (PID=6602) to work on /opt/airflow/dags/dag_spark_python.py
[2024-05-10T21:53:23.047+0000] {processor.py:640} INFO - Processing file /opt/airflow/dags/dag_spark_python.py for tasks to queue
[2024-05-10T21:53:23.049+0000] {logging_mixin.py:115} INFO - [2024-05-10T21:53:23.048+0000] {dagbag.py:508} INFO - Filling up the DagBag from /opt/airflow/dags/dag_spark_python.py
[2024-05-10T21:53:23.255+0000] {processor.py:650} INFO - DAG(s) dict_keys(['pyspark_dag']) retrieved from /opt/airflow/dags/dag_spark_python.py
[2024-05-10T21:53:23.267+0000] {logging_mixin.py:115} INFO - [2024-05-10T21:53:23.267+0000] {dag.py:2429} INFO - Sync 1 DAGs
[2024-05-10T21:53:23.288+0000] {logging_mixin.py:115} INFO - [2024-05-10T21:53:23.288+0000] {dag.py:2981} INFO - Setting next_dagrun for pyspark_dag to 2024-05-09T21:53:23.287941+00:00, run_after=2024-05-10T21:53:23.287941+00:00
[2024-05-10T21:53:23.300+0000] {processor.py:161} INFO - Processing /opt/airflow/dags/dag_spark_python.py took 0.257 seconds
[2024-05-10T21:53:53.400+0000] {processor.py:153} INFO - Started process (PID=6644) to work on /opt/airflow/dags/dag_spark_python.py
[2024-05-10T21:53:53.402+0000] {processor.py:640} INFO - Processing file /opt/airflow/dags/dag_spark_python.py for tasks to queue
[2024-05-10T21:53:53.403+0000] {logging_mixin.py:115} INFO - [2024-05-10T21:53:53.402+0000] {dagbag.py:508} INFO - Filling up the DagBag from /opt/airflow/dags/dag_spark_python.py
[2024-05-10T21:53:53.615+0000] {processor.py:650} INFO - DAG(s) dict_keys(['pyspark_dag']) retrieved from /opt/airflow/dags/dag_spark_python.py
[2024-05-10T21:53:53.628+0000] {logging_mixin.py:115} INFO - [2024-05-10T21:53:53.627+0000] {dag.py:2429} INFO - Sync 1 DAGs
[2024-05-10T21:53:53.648+0000] {logging_mixin.py:115} INFO - [2024-05-10T21:53:53.648+0000] {dag.py:2981} INFO - Setting next_dagrun for pyspark_dag to 2024-05-09T21:53:53.648209+00:00, run_after=2024-05-10T21:53:53.648209+00:00
[2024-05-10T21:53:53.660+0000] {processor.py:161} INFO - Processing /opt/airflow/dags/dag_spark_python.py took 0.263 seconds
[2024-05-10T21:54:23.761+0000] {processor.py:153} INFO - Started process (PID=6677) to work on /opt/airflow/dags/dag_spark_python.py
[2024-05-10T21:54:23.762+0000] {processor.py:640} INFO - Processing file /opt/airflow/dags/dag_spark_python.py for tasks to queue
[2024-05-10T21:54:23.763+0000] {logging_mixin.py:115} INFO - [2024-05-10T21:54:23.763+0000] {dagbag.py:508} INFO - Filling up the DagBag from /opt/airflow/dags/dag_spark_python.py
[2024-05-10T21:54:23.967+0000] {processor.py:650} INFO - DAG(s) dict_keys(['pyspark_dag']) retrieved from /opt/airflow/dags/dag_spark_python.py
[2024-05-10T21:54:23.979+0000] {logging_mixin.py:115} INFO - [2024-05-10T21:54:23.979+0000] {dag.py:2429} INFO - Sync 1 DAGs
[2024-05-10T21:54:24.000+0000] {logging_mixin.py:115} INFO - [2024-05-10T21:54:23.999+0000] {dag.py:2981} INFO - Setting next_dagrun for pyspark_dag to 2024-05-09T21:54:23.999641+00:00, run_after=2024-05-10T21:54:23.999641+00:00
[2024-05-10T21:54:24.015+0000] {processor.py:161} INFO - Processing /opt/airflow/dags/dag_spark_python.py took 0.258 seconds
[2024-05-10T21:54:54.115+0000] {processor.py:153} INFO - Started process (PID=6719) to work on /opt/airflow/dags/dag_spark_python.py
[2024-05-10T21:54:54.116+0000] {processor.py:640} INFO - Processing file /opt/airflow/dags/dag_spark_python.py for tasks to queue
[2024-05-10T21:54:54.118+0000] {logging_mixin.py:115} INFO - [2024-05-10T21:54:54.117+0000] {dagbag.py:508} INFO - Filling up the DagBag from /opt/airflow/dags/dag_spark_python.py
[2024-05-10T21:54:54.324+0000] {processor.py:650} INFO - DAG(s) dict_keys(['pyspark_dag']) retrieved from /opt/airflow/dags/dag_spark_python.py
[2024-05-10T21:54:54.337+0000] {logging_mixin.py:115} INFO - [2024-05-10T21:54:54.337+0000] {dag.py:2429} INFO - Sync 1 DAGs
[2024-05-10T21:54:54.359+0000] {logging_mixin.py:115} INFO - [2024-05-10T21:54:54.359+0000] {dag.py:2981} INFO - Setting next_dagrun for pyspark_dag to 2024-05-09T21:54:54.359094+00:00, run_after=2024-05-10T21:54:54.359094+00:00
[2024-05-10T21:54:54.374+0000] {processor.py:161} INFO - Processing /opt/airflow/dags/dag_spark_python.py took 0.262 seconds
[2024-05-10T21:55:24.474+0000] {processor.py:153} INFO - Started process (PID=6761) to work on /opt/airflow/dags/dag_spark_python.py
[2024-05-10T21:55:24.475+0000] {processor.py:640} INFO - Processing file /opt/airflow/dags/dag_spark_python.py for tasks to queue
[2024-05-10T21:55:24.476+0000] {logging_mixin.py:115} INFO - [2024-05-10T21:55:24.476+0000] {dagbag.py:508} INFO - Filling up the DagBag from /opt/airflow/dags/dag_spark_python.py
[2024-05-10T21:55:24.690+0000] {processor.py:650} INFO - DAG(s) dict_keys(['pyspark_dag']) retrieved from /opt/airflow/dags/dag_spark_python.py
[2024-05-10T21:55:24.703+0000] {logging_mixin.py:115} INFO - [2024-05-10T21:55:24.703+0000] {dag.py:2429} INFO - Sync 1 DAGs
[2024-05-10T21:55:24.724+0000] {logging_mixin.py:115} INFO - [2024-05-10T21:55:24.724+0000] {dag.py:2981} INFO - Setting next_dagrun for pyspark_dag to 2024-05-09T21:55:24.724481+00:00, run_after=2024-05-10T21:55:24.724481+00:00
[2024-05-10T21:55:24.740+0000] {processor.py:161} INFO - Processing /opt/airflow/dags/dag_spark_python.py took 0.270 seconds
[2024-05-10T21:55:54.841+0000] {processor.py:153} INFO - Started process (PID=6794) to work on /opt/airflow/dags/dag_spark_python.py
[2024-05-10T21:55:54.842+0000] {processor.py:640} INFO - Processing file /opt/airflow/dags/dag_spark_python.py for tasks to queue
[2024-05-10T21:55:54.843+0000] {logging_mixin.py:115} INFO - [2024-05-10T21:55:54.843+0000] {dagbag.py:508} INFO - Filling up the DagBag from /opt/airflow/dags/dag_spark_python.py
[2024-05-10T21:55:55.047+0000] {processor.py:650} INFO - DAG(s) dict_keys(['pyspark_dag']) retrieved from /opt/airflow/dags/dag_spark_python.py
[2024-05-10T21:55:55.059+0000] {logging_mixin.py:115} INFO - [2024-05-10T21:55:55.059+0000] {dag.py:2429} INFO - Sync 1 DAGs
[2024-05-10T21:55:55.079+0000] {logging_mixin.py:115} INFO - [2024-05-10T21:55:55.079+0000] {dag.py:2981} INFO - Setting next_dagrun for pyspark_dag to 2024-05-09T21:55:55.079136+00:00, run_after=2024-05-10T21:55:55.079136+00:00
[2024-05-10T21:55:55.094+0000] {processor.py:161} INFO - Processing /opt/airflow/dags/dag_spark_python.py took 0.257 seconds
[2024-05-10T21:56:25.198+0000] {processor.py:153} INFO - Started process (PID=6836) to work on /opt/airflow/dags/dag_spark_python.py
[2024-05-10T21:56:25.199+0000] {processor.py:640} INFO - Processing file /opt/airflow/dags/dag_spark_python.py for tasks to queue
[2024-05-10T21:56:25.200+0000] {logging_mixin.py:115} INFO - [2024-05-10T21:56:25.200+0000] {dagbag.py:508} INFO - Filling up the DagBag from /opt/airflow/dags/dag_spark_python.py
[2024-05-10T21:56:25.416+0000] {processor.py:650} INFO - DAG(s) dict_keys(['pyspark_dag']) retrieved from /opt/airflow/dags/dag_spark_python.py
[2024-05-10T21:56:25.429+0000] {logging_mixin.py:115} INFO - [2024-05-10T21:56:25.429+0000] {dag.py:2429} INFO - Sync 1 DAGs
[2024-05-10T21:56:25.451+0000] {logging_mixin.py:115} INFO - [2024-05-10T21:56:25.451+0000] {dag.py:2981} INFO - Setting next_dagrun for pyspark_dag to 2024-05-09T21:56:25.450974+00:00, run_after=2024-05-10T21:56:25.450974+00:00
[2024-05-10T21:56:25.462+0000] {processor.py:161} INFO - Processing /opt/airflow/dags/dag_spark_python.py took 0.268 seconds
[2024-05-10T21:56:55.565+0000] {processor.py:153} INFO - Started process (PID=6878) to work on /opt/airflow/dags/dag_spark_python.py
[2024-05-10T21:56:55.566+0000] {processor.py:640} INFO - Processing file /opt/airflow/dags/dag_spark_python.py for tasks to queue
[2024-05-10T21:56:55.567+0000] {logging_mixin.py:115} INFO - [2024-05-10T21:56:55.567+0000] {dagbag.py:508} INFO - Filling up the DagBag from /opt/airflow/dags/dag_spark_python.py
[2024-05-10T21:56:55.793+0000] {processor.py:650} INFO - DAG(s) dict_keys(['pyspark_dag']) retrieved from /opt/airflow/dags/dag_spark_python.py
[2024-05-10T21:56:55.806+0000] {logging_mixin.py:115} INFO - [2024-05-10T21:56:55.806+0000] {dag.py:2429} INFO - Sync 1 DAGs
[2024-05-10T21:56:55.827+0000] {logging_mixin.py:115} INFO - [2024-05-10T21:56:55.827+0000] {dag.py:2981} INFO - Setting next_dagrun for pyspark_dag to 2024-05-09T21:56:55.827460+00:00, run_after=2024-05-10T21:56:55.827460+00:00
[2024-05-10T21:56:55.839+0000] {processor.py:161} INFO - Processing /opt/airflow/dags/dag_spark_python.py took 0.278 seconds
[2024-05-10T21:57:25.939+0000] {processor.py:153} INFO - Started process (PID=6911) to work on /opt/airflow/dags/dag_spark_python.py
[2024-05-10T21:57:25.940+0000] {processor.py:640} INFO - Processing file /opt/airflow/dags/dag_spark_python.py for tasks to queue
[2024-05-10T21:57:25.942+0000] {logging_mixin.py:115} INFO - [2024-05-10T21:57:25.941+0000] {dagbag.py:508} INFO - Filling up the DagBag from /opt/airflow/dags/dag_spark_python.py
[2024-05-10T21:57:26.153+0000] {processor.py:650} INFO - DAG(s) dict_keys(['pyspark_dag']) retrieved from /opt/airflow/dags/dag_spark_python.py
[2024-05-10T21:57:26.166+0000] {logging_mixin.py:115} INFO - [2024-05-10T21:57:26.166+0000] {dag.py:2429} INFO - Sync 1 DAGs
[2024-05-10T21:57:26.191+0000] {logging_mixin.py:115} INFO - [2024-05-10T21:57:26.191+0000] {dag.py:2981} INFO - Setting next_dagrun for pyspark_dag to 2024-05-09T21:57:26.191333+00:00, run_after=2024-05-10T21:57:26.191333+00:00
[2024-05-10T21:57:26.204+0000] {processor.py:161} INFO - Processing /opt/airflow/dags/dag_spark_python.py took 0.268 seconds
[2024-05-10T21:57:56.308+0000] {processor.py:153} INFO - Started process (PID=6954) to work on /opt/airflow/dags/dag_spark_python.py
[2024-05-10T21:57:56.309+0000] {processor.py:640} INFO - Processing file /opt/airflow/dags/dag_spark_python.py for tasks to queue
[2024-05-10T21:57:56.310+0000] {logging_mixin.py:115} INFO - [2024-05-10T21:57:56.310+0000] {dagbag.py:508} INFO - Filling up the DagBag from /opt/airflow/dags/dag_spark_python.py
[2024-05-10T21:57:56.530+0000] {processor.py:650} INFO - DAG(s) dict_keys(['pyspark_dag']) retrieved from /opt/airflow/dags/dag_spark_python.py
[2024-05-10T21:57:56.542+0000] {logging_mixin.py:115} INFO - [2024-05-10T21:57:56.542+0000] {dag.py:2429} INFO - Sync 1 DAGs
[2024-05-10T21:57:56.562+0000] {logging_mixin.py:115} INFO - [2024-05-10T21:57:56.562+0000] {dag.py:2981} INFO - Setting next_dagrun for pyspark_dag to 2024-05-09T21:57:56.562487+00:00, run_after=2024-05-10T21:57:56.562487+00:00
[2024-05-10T21:57:56.574+0000] {processor.py:161} INFO - Processing /opt/airflow/dags/dag_spark_python.py took 0.270 seconds
[2024-05-10T21:58:26.672+0000] {processor.py:153} INFO - Started process (PID=6996) to work on /opt/airflow/dags/dag_spark_python.py
[2024-05-10T21:58:26.673+0000] {processor.py:640} INFO - Processing file /opt/airflow/dags/dag_spark_python.py for tasks to queue
[2024-05-10T21:58:26.674+0000] {logging_mixin.py:115} INFO - [2024-05-10T21:58:26.674+0000] {dagbag.py:508} INFO - Filling up the DagBag from /opt/airflow/dags/dag_spark_python.py
[2024-05-10T21:58:26.893+0000] {processor.py:650} INFO - DAG(s) dict_keys(['pyspark_dag']) retrieved from /opt/airflow/dags/dag_spark_python.py
[2024-05-10T21:58:26.906+0000] {logging_mixin.py:115} INFO - [2024-05-10T21:58:26.906+0000] {dag.py:2429} INFO - Sync 1 DAGs
[2024-05-10T21:58:26.928+0000] {logging_mixin.py:115} INFO - [2024-05-10T21:58:26.927+0000] {dag.py:2981} INFO - Setting next_dagrun for pyspark_dag to 2024-05-09T21:58:26.927770+00:00, run_after=2024-05-10T21:58:26.927770+00:00
[2024-05-10T21:58:26.943+0000] {processor.py:161} INFO - Processing /opt/airflow/dags/dag_spark_python.py took 0.275 seconds
[2024-05-10T21:58:57.040+0000] {processor.py:153} INFO - Started process (PID=7029) to work on /opt/airflow/dags/dag_spark_python.py
[2024-05-10T21:58:57.041+0000] {processor.py:640} INFO - Processing file /opt/airflow/dags/dag_spark_python.py for tasks to queue
[2024-05-10T21:58:57.042+0000] {logging_mixin.py:115} INFO - [2024-05-10T21:58:57.042+0000] {dagbag.py:508} INFO - Filling up the DagBag from /opt/airflow/dags/dag_spark_python.py
[2024-05-10T21:58:57.248+0000] {processor.py:650} INFO - DAG(s) dict_keys(['pyspark_dag']) retrieved from /opt/airflow/dags/dag_spark_python.py
[2024-05-10T21:58:57.260+0000] {logging_mixin.py:115} INFO - [2024-05-10T21:58:57.260+0000] {dag.py:2429} INFO - Sync 1 DAGs
[2024-05-10T21:58:57.281+0000] {logging_mixin.py:115} INFO - [2024-05-10T21:58:57.280+0000] {dag.py:2981} INFO - Setting next_dagrun for pyspark_dag to 2024-05-09T21:58:57.280634+00:00, run_after=2024-05-10T21:58:57.280634+00:00
[2024-05-10T21:58:57.295+0000] {processor.py:161} INFO - Processing /opt/airflow/dags/dag_spark_python.py took 0.259 seconds
[2024-05-10T21:59:27.399+0000] {processor.py:153} INFO - Started process (PID=7071) to work on /opt/airflow/dags/dag_spark_python.py
[2024-05-10T21:59:27.401+0000] {processor.py:640} INFO - Processing file /opt/airflow/dags/dag_spark_python.py for tasks to queue
[2024-05-10T21:59:27.401+0000] {logging_mixin.py:115} INFO - [2024-05-10T21:59:27.401+0000] {dagbag.py:508} INFO - Filling up the DagBag from /opt/airflow/dags/dag_spark_python.py
[2024-05-10T21:59:27.610+0000] {processor.py:650} INFO - DAG(s) dict_keys(['pyspark_dag']) retrieved from /opt/airflow/dags/dag_spark_python.py
[2024-05-10T21:59:27.623+0000] {logging_mixin.py:115} INFO - [2024-05-10T21:59:27.623+0000] {dag.py:2429} INFO - Sync 1 DAGs
[2024-05-10T21:59:27.644+0000] {logging_mixin.py:115} INFO - [2024-05-10T21:59:27.644+0000] {dag.py:2981} INFO - Setting next_dagrun for pyspark_dag to 2024-05-09T21:59:27.643919+00:00, run_after=2024-05-10T21:59:27.643919+00:00
[2024-05-10T21:59:27.655+0000] {processor.py:161} INFO - Processing /opt/airflow/dags/dag_spark_python.py took 0.259 seconds
[2024-05-10T21:59:57.757+0000] {processor.py:153} INFO - Started process (PID=7113) to work on /opt/airflow/dags/dag_spark_python.py
[2024-05-10T21:59:57.758+0000] {processor.py:640} INFO - Processing file /opt/airflow/dags/dag_spark_python.py for tasks to queue
[2024-05-10T21:59:57.759+0000] {logging_mixin.py:115} INFO - [2024-05-10T21:59:57.759+0000] {dagbag.py:508} INFO - Filling up the DagBag from /opt/airflow/dags/dag_spark_python.py
[2024-05-10T21:59:57.970+0000] {processor.py:650} INFO - DAG(s) dict_keys(['pyspark_dag']) retrieved from /opt/airflow/dags/dag_spark_python.py
[2024-05-10T21:59:57.983+0000] {logging_mixin.py:115} INFO - [2024-05-10T21:59:57.982+0000] {dag.py:2429} INFO - Sync 1 DAGs
[2024-05-10T21:59:58.004+0000] {logging_mixin.py:115} INFO - [2024-05-10T21:59:58.003+0000] {dag.py:2981} INFO - Setting next_dagrun for pyspark_dag to 2024-05-09T21:59:58.003581+00:00, run_after=2024-05-10T21:59:58.003581+00:00
[2024-05-10T21:59:58.016+0000] {processor.py:161} INFO - Processing /opt/airflow/dags/dag_spark_python.py took 0.262 seconds
[2024-05-10T22:00:28.118+0000] {processor.py:153} INFO - Started process (PID=7144) to work on /opt/airflow/dags/dag_spark_python.py
[2024-05-10T22:00:28.119+0000] {processor.py:640} INFO - Processing file /opt/airflow/dags/dag_spark_python.py for tasks to queue
[2024-05-10T22:00:28.120+0000] {logging_mixin.py:115} INFO - [2024-05-10T22:00:28.120+0000] {dagbag.py:508} INFO - Filling up the DagBag from /opt/airflow/dags/dag_spark_python.py
[2024-05-10T22:00:28.328+0000] {processor.py:650} INFO - DAG(s) dict_keys(['pyspark_dag']) retrieved from /opt/airflow/dags/dag_spark_python.py
[2024-05-10T22:00:28.340+0000] {logging_mixin.py:115} INFO - [2024-05-10T22:00:28.340+0000] {dag.py:2429} INFO - Sync 1 DAGs
[2024-05-10T22:00:28.361+0000] {logging_mixin.py:115} INFO - [2024-05-10T22:00:28.361+0000] {dag.py:2981} INFO - Setting next_dagrun for pyspark_dag to 2024-05-09T22:00:28.360779+00:00, run_after=2024-05-10T22:00:28.360779+00:00
[2024-05-10T22:00:28.376+0000] {processor.py:161} INFO - Processing /opt/airflow/dags/dag_spark_python.py took 0.262 seconds
[2024-05-10T22:00:58.480+0000] {processor.py:153} INFO - Started process (PID=7187) to work on /opt/airflow/dags/dag_spark_python.py
[2024-05-10T22:00:58.481+0000] {processor.py:640} INFO - Processing file /opt/airflow/dags/dag_spark_python.py for tasks to queue
[2024-05-10T22:00:58.482+0000] {logging_mixin.py:115} INFO - [2024-05-10T22:00:58.482+0000] {dagbag.py:508} INFO - Filling up the DagBag from /opt/airflow/dags/dag_spark_python.py
[2024-05-10T22:00:58.689+0000] {processor.py:650} INFO - DAG(s) dict_keys(['pyspark_dag']) retrieved from /opt/airflow/dags/dag_spark_python.py
[2024-05-10T22:00:58.702+0000] {logging_mixin.py:115} INFO - [2024-05-10T22:00:58.701+0000] {dag.py:2429} INFO - Sync 1 DAGs
[2024-05-10T22:00:58.722+0000] {logging_mixin.py:115} INFO - [2024-05-10T22:00:58.722+0000] {dag.py:2981} INFO - Setting next_dagrun for pyspark_dag to 2024-05-09T22:00:58.722212+00:00, run_after=2024-05-10T22:00:58.722212+00:00
[2024-05-10T22:00:58.737+0000] {processor.py:161} INFO - Processing /opt/airflow/dags/dag_spark_python.py took 0.260 seconds
[2024-05-10T22:01:28.857+0000] {processor.py:153} INFO - Started process (PID=7227) to work on /opt/airflow/dags/dag_spark_python.py
[2024-05-10T22:01:28.860+0000] {processor.py:640} INFO - Processing file /opt/airflow/dags/dag_spark_python.py for tasks to queue
[2024-05-10T22:01:28.862+0000] {logging_mixin.py:115} INFO - [2024-05-10T22:01:28.862+0000] {dagbag.py:508} INFO - Filling up the DagBag from /opt/airflow/dags/dag_spark_python.py
[2024-05-10T22:01:29.098+0000] {processor.py:650} INFO - DAG(s) dict_keys(['pyspark_dag']) retrieved from /opt/airflow/dags/dag_spark_python.py
[2024-05-10T22:01:29.114+0000] {logging_mixin.py:115} INFO - [2024-05-10T22:01:29.113+0000] {dag.py:2429} INFO - Sync 1 DAGs
[2024-05-10T22:01:29.144+0000] {logging_mixin.py:115} INFO - [2024-05-10T22:01:29.144+0000] {dag.py:2981} INFO - Setting next_dagrun for pyspark_dag to 2024-05-09T22:01:29.144473+00:00, run_after=2024-05-10T22:01:29.144473+00:00
[2024-05-10T22:01:29.159+0000] {processor.py:161} INFO - Processing /opt/airflow/dags/dag_spark_python.py took 0.307 seconds
[2024-05-10T22:01:59.260+0000] {processor.py:153} INFO - Started process (PID=7261) to work on /opt/airflow/dags/dag_spark_python.py
[2024-05-10T22:01:59.261+0000] {processor.py:640} INFO - Processing file /opt/airflow/dags/dag_spark_python.py for tasks to queue
[2024-05-10T22:01:59.262+0000] {logging_mixin.py:115} INFO - [2024-05-10T22:01:59.262+0000] {dagbag.py:508} INFO - Filling up the DagBag from /opt/airflow/dags/dag_spark_python.py
[2024-05-10T22:01:59.467+0000] {processor.py:650} INFO - DAG(s) dict_keys(['pyspark_dag']) retrieved from /opt/airflow/dags/dag_spark_python.py
[2024-05-10T22:01:59.480+0000] {logging_mixin.py:115} INFO - [2024-05-10T22:01:59.479+0000] {dag.py:2429} INFO - Sync 1 DAGs
[2024-05-10T22:01:59.500+0000] {logging_mixin.py:115} INFO - [2024-05-10T22:01:59.500+0000] {dag.py:2981} INFO - Setting next_dagrun for pyspark_dag to 2024-05-09T22:01:59.499808+00:00, run_after=2024-05-10T22:01:59.499808+00:00
[2024-05-10T22:01:59.511+0000] {processor.py:161} INFO - Processing /opt/airflow/dags/dag_spark_python.py took 0.254 seconds
