[2024-05-10T09:19:20.208+0000] {processor.py:157} INFO - Started process (PID=165) to work on /opt/airflow/dags/dag_spark.py
[2024-05-10T09:19:20.209+0000] {processor.py:829} INFO - Processing file /opt/airflow/dags/dag_spark.py for tasks to queue
[2024-05-10T09:19:20.210+0000] {logging_mixin.py:154} INFO - [2024-05-10T09:19:20.209+0000] {dagbag.py:536} INFO - Filling up the DagBag from /opt/airflow/dags/dag_spark.py
[2024-05-10T09:19:20.233+0000] {processor.py:839} INFO - DAG(s) dict_keys(['pyspark_dag']) retrieved from /opt/airflow/dags/dag_spark.py
[2024-05-10T09:19:20.527+0000] {logging_mixin.py:154} INFO - [2024-05-10T09:19:20.526+0000] {dag.py:2941} INFO - Sync 1 DAGs
[2024-05-10T09:19:20.553+0000] {logging_mixin.py:154} INFO - [2024-05-10T09:19:20.553+0000] {dag.py:3722} INFO - Setting next_dagrun for pyspark_dag to 2024-05-09T20:15:33.671149+00:00, run_after=2024-05-10T20:15:33.671149+00:00
[2024-05-10T09:19:20.577+0000] {processor.py:179} INFO - Processing /opt/airflow/dags/dag_spark.py took 0.371 seconds
[2024-05-10T09:19:50.786+0000] {processor.py:157} INFO - Started process (PID=176) to work on /opt/airflow/dags/dag_spark.py
[2024-05-10T09:19:50.787+0000] {processor.py:829} INFO - Processing file /opt/airflow/dags/dag_spark.py for tasks to queue
[2024-05-10T09:19:50.788+0000] {logging_mixin.py:154} INFO - [2024-05-10T09:19:50.788+0000] {dagbag.py:536} INFO - Filling up the DagBag from /opt/airflow/dags/dag_spark.py
[2024-05-10T09:19:50.801+0000] {processor.py:839} INFO - DAG(s) dict_keys(['pyspark_dag']) retrieved from /opt/airflow/dags/dag_spark.py
[2024-05-10T09:19:50.936+0000] {logging_mixin.py:154} INFO - [2024-05-10T09:19:50.936+0000] {dag.py:2941} INFO - Sync 1 DAGs
[2024-05-10T09:19:50.956+0000] {logging_mixin.py:154} INFO - [2024-05-10T09:19:50.956+0000] {dag.py:3722} INFO - Setting next_dagrun for pyspark_dag to 2024-05-09T20:15:33.671149+00:00, run_after=2024-05-10T20:15:33.671149+00:00
[2024-05-10T09:19:50.977+0000] {processor.py:179} INFO - Processing /opt/airflow/dags/dag_spark.py took 0.195 seconds
[2024-05-10T09:20:21.037+0000] {processor.py:157} INFO - Started process (PID=189) to work on /opt/airflow/dags/dag_spark.py
[2024-05-10T09:20:21.038+0000] {processor.py:829} INFO - Processing file /opt/airflow/dags/dag_spark.py for tasks to queue
[2024-05-10T09:20:21.040+0000] {logging_mixin.py:154} INFO - [2024-05-10T09:20:21.039+0000] {dagbag.py:536} INFO - Filling up the DagBag from /opt/airflow/dags/dag_spark.py
[2024-05-10T09:20:21.072+0000] {processor.py:839} INFO - DAG(s) dict_keys(['pyspark_dag']) retrieved from /opt/airflow/dags/dag_spark.py
[2024-05-10T09:20:21.312+0000] {logging_mixin.py:154} INFO - [2024-05-10T09:20:21.312+0000] {dag.py:2941} INFO - Sync 1 DAGs
[2024-05-10T09:20:21.434+0000] {logging_mixin.py:154} INFO - [2024-05-10T09:20:21.434+0000] {dag.py:3722} INFO - Setting next_dagrun for pyspark_dag to 2024-05-09T20:15:33.671149+00:00, run_after=2024-05-10T20:15:33.671149+00:00
[2024-05-10T09:20:21.460+0000] {processor.py:179} INFO - Processing /opt/airflow/dags/dag_spark.py took 0.438 seconds
[2024-05-10T09:20:51.703+0000] {processor.py:157} INFO - Started process (PID=202) to work on /opt/airflow/dags/dag_spark.py
[2024-05-10T09:20:51.706+0000] {processor.py:829} INFO - Processing file /opt/airflow/dags/dag_spark.py for tasks to queue
[2024-05-10T09:20:51.707+0000] {logging_mixin.py:154} INFO - [2024-05-10T09:20:51.707+0000] {dagbag.py:536} INFO - Filling up the DagBag from /opt/airflow/dags/dag_spark.py
[2024-05-10T09:20:51.718+0000] {processor.py:839} INFO - DAG(s) dict_keys(['pyspark_dag']) retrieved from /opt/airflow/dags/dag_spark.py
[2024-05-10T09:20:51.814+0000] {logging_mixin.py:154} INFO - [2024-05-10T09:20:51.814+0000] {dag.py:2941} INFO - Sync 1 DAGs
[2024-05-10T09:20:51.833+0000] {logging_mixin.py:154} INFO - [2024-05-10T09:20:51.833+0000] {dag.py:3722} INFO - Setting next_dagrun for pyspark_dag to 2024-05-09T20:15:33.671149+00:00, run_after=2024-05-10T20:15:33.671149+00:00
[2024-05-10T09:20:51.848+0000] {processor.py:179} INFO - Processing /opt/airflow/dags/dag_spark.py took 0.150 seconds
[2024-05-10T09:21:21.911+0000] {processor.py:157} INFO - Started process (PID=214) to work on /opt/airflow/dags/dag_spark.py
[2024-05-10T09:21:21.912+0000] {processor.py:829} INFO - Processing file /opt/airflow/dags/dag_spark.py for tasks to queue
[2024-05-10T09:21:21.914+0000] {logging_mixin.py:154} INFO - [2024-05-10T09:21:21.913+0000] {dagbag.py:536} INFO - Filling up the DagBag from /opt/airflow/dags/dag_spark.py
[2024-05-10T09:21:21.927+0000] {processor.py:839} INFO - DAG(s) dict_keys(['pyspark_dag']) retrieved from /opt/airflow/dags/dag_spark.py
[2024-05-10T09:21:22.028+0000] {logging_mixin.py:154} INFO - [2024-05-10T09:21:22.028+0000] {dag.py:2941} INFO - Sync 1 DAGs
[2024-05-10T09:21:22.045+0000] {logging_mixin.py:154} INFO - [2024-05-10T09:21:22.045+0000] {dag.py:3722} INFO - Setting next_dagrun for pyspark_dag to 2024-05-09T20:15:33.671149+00:00, run_after=2024-05-10T20:15:33.671149+00:00
[2024-05-10T09:21:22.064+0000] {processor.py:179} INFO - Processing /opt/airflow/dags/dag_spark.py took 0.164 seconds
[2024-05-10T09:21:52.280+0000] {processor.py:157} INFO - Started process (PID=226) to work on /opt/airflow/dags/dag_spark.py
[2024-05-10T09:21:52.281+0000] {processor.py:829} INFO - Processing file /opt/airflow/dags/dag_spark.py for tasks to queue
[2024-05-10T09:21:52.282+0000] {logging_mixin.py:154} INFO - [2024-05-10T09:21:52.281+0000] {dagbag.py:536} INFO - Filling up the DagBag from /opt/airflow/dags/dag_spark.py
[2024-05-10T09:21:52.293+0000] {processor.py:839} INFO - DAG(s) dict_keys(['pyspark_dag']) retrieved from /opt/airflow/dags/dag_spark.py
[2024-05-10T09:21:52.398+0000] {logging_mixin.py:154} INFO - [2024-05-10T09:21:52.398+0000] {dag.py:2941} INFO - Sync 1 DAGs
[2024-05-10T09:21:52.418+0000] {logging_mixin.py:154} INFO - [2024-05-10T09:21:52.418+0000] {dag.py:3722} INFO - Setting next_dagrun for pyspark_dag to 2024-05-09T20:15:33.671149+00:00, run_after=2024-05-10T20:15:33.671149+00:00
[2024-05-10T09:21:52.434+0000] {processor.py:179} INFO - Processing /opt/airflow/dags/dag_spark.py took 0.159 seconds
[2024-05-10T09:22:22.533+0000] {processor.py:157} INFO - Started process (PID=238) to work on /opt/airflow/dags/dag_spark.py
[2024-05-10T09:22:22.534+0000] {processor.py:829} INFO - Processing file /opt/airflow/dags/dag_spark.py for tasks to queue
[2024-05-10T09:22:22.535+0000] {logging_mixin.py:154} INFO - [2024-05-10T09:22:22.535+0000] {dagbag.py:536} INFO - Filling up the DagBag from /opt/airflow/dags/dag_spark.py
[2024-05-10T09:22:22.545+0000] {processor.py:839} INFO - DAG(s) dict_keys(['pyspark_dag']) retrieved from /opt/airflow/dags/dag_spark.py
[2024-05-10T09:22:22.641+0000] {logging_mixin.py:154} INFO - [2024-05-10T09:22:22.641+0000] {dag.py:2941} INFO - Sync 1 DAGs
[2024-05-10T09:22:22.661+0000] {logging_mixin.py:154} INFO - [2024-05-10T09:22:22.661+0000] {dag.py:3722} INFO - Setting next_dagrun for pyspark_dag to 2024-05-09T20:15:33.671149+00:00, run_after=2024-05-10T20:15:33.671149+00:00
[2024-05-10T09:22:22.677+0000] {processor.py:179} INFO - Processing /opt/airflow/dags/dag_spark.py took 0.148 seconds
[2024-05-10T09:22:52.824+0000] {processor.py:157} INFO - Started process (PID=250) to work on /opt/airflow/dags/dag_spark.py
[2024-05-10T09:22:52.825+0000] {processor.py:829} INFO - Processing file /opt/airflow/dags/dag_spark.py for tasks to queue
[2024-05-10T09:22:52.826+0000] {logging_mixin.py:154} INFO - [2024-05-10T09:22:52.826+0000] {dagbag.py:536} INFO - Filling up the DagBag from /opt/airflow/dags/dag_spark.py
[2024-05-10T09:22:52.837+0000] {processor.py:839} INFO - DAG(s) dict_keys(['pyspark_dag']) retrieved from /opt/airflow/dags/dag_spark.py
[2024-05-10T09:22:52.934+0000] {logging_mixin.py:154} INFO - [2024-05-10T09:22:52.934+0000] {dag.py:2941} INFO - Sync 1 DAGs
[2024-05-10T09:22:52.951+0000] {logging_mixin.py:154} INFO - [2024-05-10T09:22:52.951+0000] {dag.py:3722} INFO - Setting next_dagrun for pyspark_dag to 2024-05-09T20:15:33.671149+00:00, run_after=2024-05-10T20:15:33.671149+00:00
[2024-05-10T09:22:52.967+0000] {processor.py:179} INFO - Processing /opt/airflow/dags/dag_spark.py took 0.148 seconds
[2024-05-10T09:23:23.073+0000] {processor.py:157} INFO - Started process (PID=262) to work on /opt/airflow/dags/dag_spark.py
[2024-05-10T09:23:23.074+0000] {processor.py:829} INFO - Processing file /opt/airflow/dags/dag_spark.py for tasks to queue
[2024-05-10T09:23:23.075+0000] {logging_mixin.py:154} INFO - [2024-05-10T09:23:23.075+0000] {dagbag.py:536} INFO - Filling up the DagBag from /opt/airflow/dags/dag_spark.py
[2024-05-10T09:23:23.092+0000] {processor.py:839} INFO - DAG(s) dict_keys(['pyspark_dag']) retrieved from /opt/airflow/dags/dag_spark.py
[2024-05-10T09:23:23.234+0000] {logging_mixin.py:154} INFO - [2024-05-10T09:23:23.234+0000] {dag.py:2941} INFO - Sync 1 DAGs
[2024-05-10T09:23:23.252+0000] {logging_mixin.py:154} INFO - [2024-05-10T09:23:23.251+0000] {dag.py:3722} INFO - Setting next_dagrun for pyspark_dag to 2024-05-09T20:15:33.671149+00:00, run_after=2024-05-10T20:15:33.671149+00:00
[2024-05-10T09:23:23.267+0000] {processor.py:179} INFO - Processing /opt/airflow/dags/dag_spark.py took 0.198 seconds
