[2024-05-10T19:48:27.066+0000] {taskinstance.py:1171} INFO - Dependencies all met for <TaskInstance: pyspark_airflow_demo_dag.fin manual__2024-05-10T19:47:51.583396+00:00 [queued]>
[2024-05-10T19:48:27.078+0000] {taskinstance.py:1171} INFO - Dependencies all met for <TaskInstance: pyspark_airflow_demo_dag.fin manual__2024-05-10T19:47:51.583396+00:00 [queued]>
[2024-05-10T19:48:27.079+0000] {taskinstance.py:1368} INFO - 
--------------------------------------------------------------------------------
[2024-05-10T19:48:27.079+0000] {taskinstance.py:1369} INFO - Starting attempt 1 of 1
[2024-05-10T19:48:27.080+0000] {taskinstance.py:1370} INFO - 
--------------------------------------------------------------------------------
[2024-05-10T19:48:27.096+0000] {taskinstance.py:1389} INFO - Executing <Task(BashOperator): fin> on 2024-05-10 19:47:51.583396+00:00
[2024-05-10T19:48:27.102+0000] {standard_task_runner.py:52} INFO - Started process 357 to run task
[2024-05-10T19:48:27.105+0000] {standard_task_runner.py:79} INFO - Running: ['***', 'tasks', 'run', 'pyspark_***_demo_dag', 'fin', 'manual__2024-05-10T19:47:51.583396+00:00', '--job-id', '10', '--raw', '--subdir', 'DAGS_FOLDER/insert_data.py', '--cfg-path', '/tmp/tmp__jwwnlt', '--error-file', '/tmp/tmp_o__9rub']
[2024-05-10T19:48:27.107+0000] {standard_task_runner.py:80} INFO - Job 10: Subtask fin
[2024-05-10T19:48:27.182+0000] {task_command.py:371} INFO - Running <TaskInstance: pyspark_airflow_demo_dag.fin manual__2024-05-10T19:47:51.583396+00:00 [running]> on host b5bbd48d15dd
[2024-05-10T19:48:27.268+0000] {taskinstance.py:1583} INFO - Exporting the following env vars:
AIRFLOW_CTX_DAG_OWNER=***
AIRFLOW_CTX_DAG_ID=pyspark_***_demo_dag
AIRFLOW_CTX_TASK_ID=fin
AIRFLOW_CTX_EXECUTION_DATE=2024-05-10T19:47:51.583396+00:00
AIRFLOW_CTX_TRY_NUMBER=1
AIRFLOW_CTX_DAG_RUN_ID=manual__2024-05-10T19:47:51.583396+00:00
[2024-05-10T19:48:27.269+0000] {subprocess.py:62} INFO - Tmp dir root location: 
 /tmp
[2024-05-10T19:48:27.271+0000] {subprocess.py:74} INFO - Running command: ['/bin/bash', '-c', 'echo completed']
[2024-05-10T19:48:27.280+0000] {subprocess.py:85} INFO - Output:
[2024-05-10T19:48:27.282+0000] {subprocess.py:92} INFO - completed
[2024-05-10T19:48:27.283+0000] {subprocess.py:96} INFO - Command exited with return code 0
[2024-05-10T19:48:27.459+0000] {taskinstance.py:1412} INFO - Marking task as SUCCESS. dag_id=pyspark_***_demo_dag, task_id=fin, execution_date=20240510T194751, start_date=20240510T194827, end_date=20240510T194827
[2024-05-10T19:48:27.489+0000] {local_task_job.py:156} INFO - Task exited with return code 0
[2024-05-10T19:48:27.526+0000] {local_task_job.py:279} INFO - 0 downstream tasks scheduled from follow-on schedule check
