[2024-05-10T19:47:53.697+0000] {taskinstance.py:1171} INFO - Dependencies all met for <TaskInstance: pyspark_airflow_demo_dag.spark_submit scheduled__2024-05-10T18:47:33.568531+00:00 [queued]>
[2024-05-10T19:47:53.708+0000] {taskinstance.py:1171} INFO - Dependencies all met for <TaskInstance: pyspark_airflow_demo_dag.spark_submit scheduled__2024-05-10T18:47:33.568531+00:00 [queued]>
[2024-05-10T19:47:53.709+0000] {taskinstance.py:1368} INFO - 
--------------------------------------------------------------------------------
[2024-05-10T19:47:53.709+0000] {taskinstance.py:1369} INFO - Starting attempt 1 of 1
[2024-05-10T19:47:53.710+0000] {taskinstance.py:1370} INFO - 
--------------------------------------------------------------------------------
[2024-05-10T19:47:53.725+0000] {taskinstance.py:1389} INFO - Executing <Task(SSHOperator): spark_submit> on 2024-05-10 18:47:33.568531+00:00
[2024-05-10T19:47:53.729+0000] {standard_task_runner.py:52} INFO - Started process 311 to run task
[2024-05-10T19:47:53.733+0000] {standard_task_runner.py:79} INFO - Running: ['***', 'tasks', 'run', 'pyspark_***_demo_dag', 'spark_submit', 'scheduled__2024-05-10T18:47:33.568531+00:00', '--job-id', '6', '--raw', '--subdir', 'DAGS_FOLDER/insert_data.py', '--cfg-path', '/tmp/tmp_avzkrax', '--error-file', '/tmp/tmpdhw248f2']
[2024-05-10T19:47:53.734+0000] {standard_task_runner.py:80} INFO - Job 6: Subtask spark_submit
[2024-05-10T19:47:53.801+0000] {task_command.py:371} INFO - Running <TaskInstance: pyspark_airflow_demo_dag.spark_submit scheduled__2024-05-10T18:47:33.568531+00:00 [running]> on host b5bbd48d15dd
[2024-05-10T19:47:53.880+0000] {taskinstance.py:1583} INFO - Exporting the following env vars:
AIRFLOW_CTX_DAG_OWNER=***
AIRFLOW_CTX_DAG_ID=pyspark_***_demo_dag
AIRFLOW_CTX_TASK_ID=spark_submit
AIRFLOW_CTX_EXECUTION_DATE=2024-05-10T18:47:33.568531+00:00
AIRFLOW_CTX_TRY_NUMBER=1
AIRFLOW_CTX_DAG_RUN_ID=scheduled__2024-05-10T18:47:33.568531+00:00
[2024-05-10T19:47:53.881+0000] {ssh.py:136} INFO - Creating ssh_client
[2024-05-10T19:47:54.139+0000] {ssh.py:114} INFO - ssh_hook is not provided or invalid. Trying ssh_conn_id to create SSHHook.
[2024-05-10T19:47:54.148+0000] {base.py:68} INFO - Using connection ID 'ssh_spark' for task execution.
[2024-05-10T19:47:54.151+0000] {ssh.py:287} WARNING - No Host Key Verification. This won't protect against Man-In-The-Middle attacks
[2024-05-10T19:47:54.162+0000] {transport.py:1874} INFO - Connected (version 2.0, client OpenSSH_8.4p1)
[2024-05-10T19:47:54.220+0000] {transport.py:1874} INFO - Authentication (publickey) failed.
[2024-05-10T19:47:54.269+0000] {transport.py:1874} INFO - Authentication (password) successful!
[2024-05-10T19:47:54.270+0000] {ssh.py:464} INFO - Running command: . /home/spark_user/docker_env.txt && spark-submit             --master spark://spark:7077             --deploy-mode client             --executor-memory 4g             --executor-cores 2             --driver-cores 1            --driver-memory 1g             /opt/bitnami/spark/dev/scripts/pyspark_trial.py
            
[2024-05-10T19:47:56.662+0000] {ssh.py:496} INFO - 24/05/10 19:47:56 INFO SparkContext: Running Spark version 3.3.0
[2024-05-10T19:47:56.735+0000] {ssh.py:496} INFO - 24/05/10 19:47:56 WARN NativeCodeLoader: Unable to load native-hadoop library for your platform... using builtin-java classes where applicable
[2024-05-10T19:47:56.822+0000] {ssh.py:496} INFO - 24/05/10 19:47:56 INFO ResourceUtils: ==============================================================
24/05/10 19:47:56 INFO ResourceUtils: No custom resources configured for spark.driver.
[2024-05-10T19:47:56.823+0000] {ssh.py:496} INFO - 24/05/10 19:47:56 INFO ResourceUtils: ==============================================================
[2024-05-10T19:47:56.824+0000] {ssh.py:496} INFO - 24/05/10 19:47:56 INFO SparkContext: Submitted application: SparkAirFlowDemo
[2024-05-10T19:47:56.849+0000] {ssh.py:496} INFO - 24/05/10 19:47:56 INFO ResourceProfile: Default ResourceProfile created, executor resources: Map(cores -> name: cores, amount: 2, script: , vendor: , memory -> name: memory, amount: 4096, script: , vendor: , offHeap -> name: offHeap, amount: 0, script: , vendor: ), task resources: Map(cpus -> name: cpus, amount: 1.0)
[2024-05-10T19:47:56.865+0000] {ssh.py:496} INFO - 24/05/10 19:47:56 INFO ResourceProfile: Limiting resource is cpus at 2 tasks per executor
[2024-05-10T19:47:56.868+0000] {ssh.py:496} INFO - 24/05/10 19:47:56 INFO ResourceProfileManager: Added ResourceProfile id: 0
[2024-05-10T19:47:56.924+0000] {ssh.py:496} INFO - 24/05/10 19:47:56 INFO SecurityManager: Changing view acls to: spark_user
[2024-05-10T19:47:56.925+0000] {ssh.py:496} INFO - 24/05/10 19:47:56 INFO SecurityManager: Changing modify acls to: spark_user
[2024-05-10T19:47:56.929+0000] {ssh.py:496} INFO - 24/05/10 19:47:56 INFO SecurityManager: Changing view acls groups to: 
24/05/10 19:47:56 INFO SecurityManager: Changing modify acls groups to: 
24/05/10 19:47:56 INFO SecurityManager: SecurityManager: authentication disabled; ui acls disabled; users  with view permissions: Set(spark_user); groups with view permissions: Set(); users  with modify permissions: Set(spark_user); groups with modify permissions: Set()
[2024-05-10T19:47:57.165+0000] {ssh.py:496} INFO - 24/05/10 19:47:57 INFO Utils: Successfully started service 'sparkDriver' on port 37133.
[2024-05-10T19:47:57.194+0000] {ssh.py:496} INFO - 24/05/10 19:47:57 INFO SparkEnv: Registering MapOutputTracker
[2024-05-10T19:47:57.234+0000] {ssh.py:496} INFO - 24/05/10 19:47:57 INFO SparkEnv: Registering BlockManagerMaster
[2024-05-10T19:47:57.258+0000] {ssh.py:496} INFO - 24/05/10 19:47:57 INFO BlockManagerMasterEndpoint: Using org.apache.spark.storage.DefaultTopologyMapper for getting topology information
[2024-05-10T19:47:57.259+0000] {ssh.py:496} INFO - 24/05/10 19:47:57 INFO BlockManagerMasterEndpoint: BlockManagerMasterEndpoint up
[2024-05-10T19:47:57.263+0000] {ssh.py:496} INFO - 24/05/10 19:47:57 INFO SparkEnv: Registering BlockManagerMasterHeartbeat
[2024-05-10T19:47:57.289+0000] {ssh.py:496} INFO - 24/05/10 19:47:57 INFO DiskBlockManager: Created local directory at /tmp/blockmgr-12a07b18-2f38-46fe-a99c-78df3d55e198
[2024-05-10T19:47:57.358+0000] {ssh.py:496} INFO - 24/05/10 19:47:57 INFO MemoryStore: MemoryStore started with capacity 366.3 MiB
[2024-05-10T19:47:57.376+0000] {ssh.py:496} INFO - 24/05/10 19:47:57 INFO SparkEnv: Registering OutputCommitCoordinator
[2024-05-10T19:47:57.610+0000] {ssh.py:496} INFO - 24/05/10 19:47:57 INFO Utils: Successfully started service 'SparkUI' on port 4040.
[2024-05-10T19:47:57.744+0000] {ssh.py:496} INFO - 24/05/10 19:47:57 INFO StandaloneAppClient$ClientEndpoint: Connecting to master spark://spark:7077...
[2024-05-10T19:47:57.790+0000] {ssh.py:496} INFO - 24/05/10 19:47:57 INFO TransportClientFactory: Successfully created connection to spark/172.19.0.3:7077 after 28 ms (0 ms spent in bootstraps)
[2024-05-10T19:47:57.919+0000] {ssh.py:496} INFO - 24/05/10 19:47:57 INFO StandaloneSchedulerBackend: Connected to Spark cluster with app ID app-20240510194757-0000
[2024-05-10T19:47:57.933+0000] {ssh.py:496} INFO - 24/05/10 19:47:57 INFO Utils: Successfully started service 'org.apache.spark.network.netty.NettyBlockTransferService' on port 45641.
24/05/10 19:47:57 INFO NettyBlockTransferService: Server created on 2532e8d7c48e:45641
[2024-05-10T19:47:57.935+0000] {ssh.py:496} INFO - 24/05/10 19:47:57 INFO BlockManager: Using org.apache.spark.storage.RandomBlockReplicationPolicy for block replication policy
[2024-05-10T19:47:57.946+0000] {ssh.py:496} INFO - 24/05/10 19:47:57 INFO BlockManagerMaster: Registering BlockManager BlockManagerId(driver, 2532e8d7c48e, 45641, None)
[2024-05-10T19:47:57.969+0000] {ssh.py:496} INFO - 24/05/10 19:47:57 INFO BlockManagerMasterEndpoint: Registering block manager 2532e8d7c48e:45641 with 366.3 MiB RAM, BlockManagerId(driver, 2532e8d7c48e, 45641, None)
24/05/10 19:47:57 INFO BlockManagerMaster: Registered BlockManager BlockManagerId(driver, 2532e8d7c48e, 45641, None)
24/05/10 19:47:57 INFO StandaloneAppClient$ClientEndpoint: Executor added: app-20240510194757-0000/0 on worker-20240510194514-172.19.0.4-45201 (172.19.0.4:45201) with 2 core(s)
24/05/10 19:47:57 INFO BlockManager: Initialized BlockManager: BlockManagerId(driver, 2532e8d7c48e, 45641, None)
24/05/10 19:47:57 INFO StandaloneSchedulerBackend: Granted executor ID app-20240510194757-0000/0 on hostPort 172.19.0.4:45201 with 2 core(s), 4.0 GiB RAM
24/05/10 19:47:57 INFO StandaloneAppClient$ClientEndpoint: Executor added: app-20240510194757-0000/1 on worker-20240510194515-172.19.0.5-36755 (172.19.0.5:36755) with 2 core(s)
[2024-05-10T19:47:57.971+0000] {ssh.py:496} INFO - 24/05/10 19:47:57 INFO StandaloneSchedulerBackend: Granted executor ID app-20240510194757-0000/1 on hostPort 172.19.0.5:36755 with 2 core(s), 4.0 GiB RAM
[2024-05-10T19:47:57.979+0000] {ssh.py:496} INFO - 24/05/10 19:47:57 INFO StandaloneAppClient$ClientEndpoint: Executor added: app-20240510194757-0000/2 on worker-20240510194515-172.19.0.7-44873 (172.19.0.7:44873) with 2 core(s)
24/05/10 19:47:57 INFO StandaloneSchedulerBackend: Granted executor ID app-20240510194757-0000/2 on hostPort 172.19.0.7:44873 with 2 core(s), 4.0 GiB RAM
[2024-05-10T19:47:58.213+0000] {ssh.py:496} INFO - 24/05/10 19:47:58 INFO StandaloneAppClient$ClientEndpoint: Executor updated: app-20240510194757-0000/2 is now RUNNING
24/05/10 19:47:58 INFO StandaloneAppClient$ClientEndpoint: Executor updated: app-20240510194757-0000/1 is now RUNNING
[2024-05-10T19:47:58.286+0000] {ssh.py:496} INFO - 24/05/10 19:47:58 INFO StandaloneAppClient$ClientEndpoint: Executor updated: app-20240510194757-0000/0 is now RUNNING
[2024-05-10T19:47:58.468+0000] {ssh.py:496} INFO - 24/05/10 19:47:58 INFO SingleEventLogFileWriter: Logging events to file:/opt/bitnami/spark/logs/app-20240510194757-0000.inprogress
[2024-05-10T19:47:58.812+0000] {ssh.py:496} INFO - 24/05/10 19:47:58 INFO StandaloneSchedulerBackend: SchedulerBackend is ready for scheduling beginning after reached minRegisteredResourcesRatio: 0.0
[2024-05-10T19:48:03.556+0000] {ssh.py:496} INFO - root
 |-- firstname: string (nullable = true)
 |-- middlename: string (nullable = true)
 |-- lastname: string (nullable = true)
 |-- id: string (nullable = true)
 |-- gender: string (nullable = true)
 |-- salary: integer (nullable = true)
[2024-05-10T19:48:08.681+0000] {ssh.py:496} INFO - +---------+----------+--------+-----+------+------+
|firstname|middlename|lastname|id   |gender|salary|
+---------+----------+--------+-----+------+------+
|James    |          |Smith   |36636|M     |3000  |
|Michael  |Rose      |        |40288|M     |4000  |
|Robert   |          |Williams|42114|M     |4000  |
|Maria    |Anne      |Jones   |39192|F     |4000  |
|Jen      |Mary      |Brown   |     |F     |-1    |
+---------+----------+--------+-----+------+------+
[2024-05-10T19:48:08.926+0000] {taskinstance.py:1412} INFO - Marking task as SUCCESS. dag_id=pyspark_***_demo_dag, task_id=spark_submit, execution_date=20240510T184733, start_date=20240510T194753, end_date=20240510T194808
[2024-05-10T19:48:08.947+0000] {local_task_job.py:156} INFO - Task exited with return code 0
[2024-05-10T19:48:08.979+0000] {local_task_job.py:279} INFO - 1 downstream tasks scheduled from follow-on schedule check
