[2024-05-10T20:03:26.862+0000] {taskinstance.py:1171} INFO - Dependencies all met for <TaskInstance: pyspark_airflow_demo_dag.greeting manual__2024-05-10T20:03:25.950289+00:00 [queued]>
[2024-05-10T20:03:26.873+0000] {taskinstance.py:1171} INFO - Dependencies all met for <TaskInstance: pyspark_airflow_demo_dag.greeting manual__2024-05-10T20:03:25.950289+00:00 [queued]>
[2024-05-10T20:03:26.874+0000] {taskinstance.py:1368} INFO - 
--------------------------------------------------------------------------------
[2024-05-10T20:03:26.874+0000] {taskinstance.py:1369} INFO - Starting attempt 1 of 1
[2024-05-10T20:03:26.875+0000] {taskinstance.py:1370} INFO - 
--------------------------------------------------------------------------------
[2024-05-10T20:03:26.891+0000] {taskinstance.py:1389} INFO - Executing <Task(BashOperator): greeting> on 2024-05-10 20:03:25.950289+00:00
[2024-05-10T20:03:26.895+0000] {standard_task_runner.py:52} INFO - Started process 223 to run task
[2024-05-10T20:03:26.899+0000] {standard_task_runner.py:79} INFO - Running: ['***', 'tasks', 'run', 'pyspark_***_demo_dag', 'greeting', 'manual__2024-05-10T20:03:25.950289+00:00', '--job-id', '13', '--raw', '--subdir', 'DAGS_FOLDER/insert_data.py', '--cfg-path', '/tmp/tmpn66u4k7l', '--error-file', '/tmp/tmpkajuj5us']
[2024-05-10T20:03:26.901+0000] {standard_task_runner.py:80} INFO - Job 13: Subtask greeting
[2024-05-10T20:03:26.972+0000] {task_command.py:371} INFO - Running <TaskInstance: pyspark_airflow_demo_dag.greeting manual__2024-05-10T20:03:25.950289+00:00 [running]> on host b9ef0bd34173
[2024-05-10T20:03:27.196+0000] {taskinstance.py:1583} INFO - Exporting the following env vars:
AIRFLOW_CTX_DAG_OWNER=***
AIRFLOW_CTX_DAG_ID=pyspark_***_demo_dag
AIRFLOW_CTX_TASK_ID=greeting
AIRFLOW_CTX_EXECUTION_DATE=2024-05-10T20:03:25.950289+00:00
AIRFLOW_CTX_TRY_NUMBER=1
AIRFLOW_CTX_DAG_RUN_ID=manual__2024-05-10T20:03:25.950289+00:00
[2024-05-10T20:03:27.198+0000] {subprocess.py:62} INFO - Tmp dir root location: 
 /tmp
[2024-05-10T20:03:27.198+0000] {subprocess.py:74} INFO - Running command: ['/bin/bash', '-c', 'whoami']
[2024-05-10T20:03:27.207+0000] {subprocess.py:85} INFO - Output:
[2024-05-10T20:03:27.211+0000] {subprocess.py:92} INFO - ***
[2024-05-10T20:03:27.212+0000] {subprocess.py:96} INFO - Command exited with return code 0
[2024-05-10T20:03:27.246+0000] {taskinstance.py:1412} INFO - Marking task as SUCCESS. dag_id=pyspark_***_demo_dag, task_id=greeting, execution_date=20240510T200325, start_date=20240510T200326, end_date=20240510T200327
[2024-05-10T20:03:27.282+0000] {local_task_job.py:156} INFO - Task exited with return code 0
[2024-05-10T20:03:27.327+0000] {local_task_job.py:279} INFO - 1 downstream tasks scheduled from follow-on schedule check
