[2024-05-10T19:47:52.668+0000] {taskinstance.py:1171} INFO - Dependencies all met for <TaskInstance: pyspark_airflow_demo_dag.greeting scheduled__2024-05-10T18:47:33.568531+00:00 [queued]>
[2024-05-10T19:47:52.682+0000] {taskinstance.py:1171} INFO - Dependencies all met for <TaskInstance: pyspark_airflow_demo_dag.greeting scheduled__2024-05-10T18:47:33.568531+00:00 [queued]>
[2024-05-10T19:47:52.682+0000] {taskinstance.py:1368} INFO - 
--------------------------------------------------------------------------------
[2024-05-10T19:47:52.683+0000] {taskinstance.py:1369} INFO - Starting attempt 1 of 1
[2024-05-10T19:47:52.683+0000] {taskinstance.py:1370} INFO - 
--------------------------------------------------------------------------------
[2024-05-10T19:47:52.700+0000] {taskinstance.py:1389} INFO - Executing <Task(BashOperator): greeting> on 2024-05-10 18:47:33.568531+00:00
[2024-05-10T19:47:52.704+0000] {standard_task_runner.py:52} INFO - Started process 308 to run task
[2024-05-10T19:47:52.708+0000] {standard_task_runner.py:79} INFO - Running: ['***', 'tasks', 'run', 'pyspark_***_demo_dag', 'greeting', 'scheduled__2024-05-10T18:47:33.568531+00:00', '--job-id', '5', '--raw', '--subdir', 'DAGS_FOLDER/insert_data.py', '--cfg-path', '/tmp/tmpsupm8ds9', '--error-file', '/tmp/tmp9b_ndqcl']
[2024-05-10T19:47:52.710+0000] {standard_task_runner.py:80} INFO - Job 5: Subtask greeting
[2024-05-10T19:47:52.784+0000] {task_command.py:371} INFO - Running <TaskInstance: pyspark_airflow_demo_dag.greeting scheduled__2024-05-10T18:47:33.568531+00:00 [running]> on host b5bbd48d15dd
[2024-05-10T19:47:52.882+0000] {taskinstance.py:1583} INFO - Exporting the following env vars:
AIRFLOW_CTX_DAG_OWNER=***
AIRFLOW_CTX_DAG_ID=pyspark_***_demo_dag
AIRFLOW_CTX_TASK_ID=greeting
AIRFLOW_CTX_EXECUTION_DATE=2024-05-10T18:47:33.568531+00:00
AIRFLOW_CTX_TRY_NUMBER=1
AIRFLOW_CTX_DAG_RUN_ID=scheduled__2024-05-10T18:47:33.568531+00:00
[2024-05-10T19:47:52.885+0000] {subprocess.py:62} INFO - Tmp dir root location: 
 /tmp
[2024-05-10T19:47:52.886+0000] {subprocess.py:74} INFO - Running command: ['/bin/bash', '-c', 'whoami']
[2024-05-10T19:47:52.895+0000] {subprocess.py:85} INFO - Output:
[2024-05-10T19:47:52.901+0000] {subprocess.py:92} INFO - ***
[2024-05-10T19:47:52.902+0000] {subprocess.py:96} INFO - Command exited with return code 0
[2024-05-10T19:47:53.088+0000] {taskinstance.py:1412} INFO - Marking task as SUCCESS. dag_id=pyspark_***_demo_dag, task_id=greeting, execution_date=20240510T184733, start_date=20240510T194752, end_date=20240510T194753
[2024-05-10T19:47:53.134+0000] {local_task_job.py:156} INFO - Task exited with return code 0
[2024-05-10T19:47:53.193+0000] {local_task_job.py:279} INFO - 1 downstream tasks scheduled from follow-on schedule check
